<?xml version="1.0" encoding="UTF-8"?>
<!-- Generated by org.testng.reporters.JUnitXMLReporter -->
<testsuite hostname="DESKTOP-A6N9SAN" ignored="0" name="Default test" tests="17" failures="0" timestamp="15 Aug 2020 08:17:19 GMT" time="0.121" errors="0">
  <testcase name="@BeforeTest launchBrowser" time="0.0" classname="testScripts.Motorcycle.PreconditionMotorcycle">
    <failure type="org.testng.TestNGException" message="
Parameter &amp;apos;browser&amp;apos; is required by BeforeTest on method launchBrowser but has not been marked @Optional or defined
in C:\Users\admin\AppData\Local\Temp\testng-eclipse-1578292445\testng-customsuite.xml">
      <![CDATA[org.testng.TestNGException: 
Parameter 'browser' is required by BeforeTest on method launchBrowser but has not been marked @Optional or defined
in C:\Users\admin\AppData\Local\Temp\testng-eclipse-1578292445\testng-customsuite.xml
at org.testng.internal.Parameters.createParams(Parameters.java:290)
at org.testng.internal.Parameters.createParametersForMethod(Parameters.java:359)
at org.testng.internal.Parameters.createParameters(Parameters.java:620)
at org.testng.internal.Parameters.createConfigurationParameters(Parameters.java:190)
at org.testng.internal.Invoker.invokeConfigurations(Invoker.java:209)
at org.testng.internal.Invoker.invokeConfigurations(Invoker.java:142)
at org.testng.TestRunner.beforeRun(TestRunner.java:529)
at org.testng.TestRunner.run(TestRunner.java:497)
at org.testng.SuiteRunner.runTest(SuiteRunner.java:455)
at org.testng.SuiteRunner.runSequentially(SuiteRunner.java:450)
at org.testng.SuiteRunner.privateRun(SuiteRunner.java:415)
at org.testng.SuiteRunner.run(SuiteRunner.java:364)
at org.testng.SuiteRunnerWorker.runSuite(SuiteRunnerWorker.java:52)
at org.testng.SuiteRunnerWorker.run(SuiteRunnerWorker.java:84)
at org.testng.TestNG.runSuitesSequentially(TestNG.java:1208)
at org.testng.TestNG.runSuitesLocally(TestNG.java:1137)
at org.testng.TestNG.runSuites(TestNG.java:1049)
at org.testng.TestNG.run(TestNG.java:1017)
at org.testng.remote.AbstractRemoteTestNG.run(AbstractRemoteTestNG.java:114)
at org.testng.remote.RemoteTestNG.initAndRun(RemoteTestNG.java:251)
at org.testng.remote.RemoteTestNG.main(RemoteTestNG.java:77)
]]>
    </failure>
  </testcase> <!-- @BeforeTest launchBrowser -->
  <testcase name="@BeforeClass beforeProductData" time="0.0" classname="testScripts.Motorcycle.EnterProductData">
    <skipped/>
  </testcase> <!-- @BeforeClass beforeProductData -->
  <testcase name="checkNextLabelInsSum" time="0.0" classname="testScripts.Motorcycle.EnterProductData">
    <skipped/>
  </testcase> <!-- checkNextLabelInsSum -->
  <testcase name="damageInsuranceLabelVisible" time="0.0" classname="testScripts.Motorcycle.EnterProductData">
    <skipped/>
  </testcase> <!-- damageInsuranceLabelVisible -->
  <testcase name="isCalendarButtonClickable" time="0.0" classname="testScripts.Motorcycle.EnterProductData">
    <skipped/>
  </testcase> <!-- isCalendarButtonClickable -->
  <testcase name="isDamageInsuranceDropDownVisible" time="0.0" classname="testScripts.Motorcycle.EnterProductData">
    <skipped/>
  </testcase> <!-- isDamageInsuranceDropDownVisible -->
  <testcase name="isInsuranceSumDropDownVisible" time="0.0" classname="testScripts.Motorcycle.EnterProductData">
    <skipped/>
  </testcase> <!-- isInsuranceSumDropDownVisible -->
  <testcase name="isInsuranceSumLabelVisible" time="0.0" classname="testScripts.Motorcycle.EnterProductData">
    <skipped/>
  </testcase> <!-- isInsuranceSumLabelVisible -->
  <testcase name="isNextButtonVisible" time="0.0" classname="testScripts.Motorcycle.EnterProductData">
    <skipped/>
  </testcase> <!-- isNextButtonVisible -->
  <testcase name="isOptionalProductTextBoxVisible" time="0.0" classname="testScripts.Motorcycle.EnterProductData">
    <skipped/>
  </testcase> <!-- isOptionalProductTextBoxVisible -->
  <testcase name="isOptionalProductsLabelVisible" time="0.0" classname="testScripts.Motorcycle.EnterProductData">
    <skipped/>
  </testcase> <!-- isOptionalProductsLabelVisible -->
  <testcase name="isPrevButtonVisible" time="0.0" classname="testScripts.Motorcycle.EnterProductData">
    <skipped/>
  </testcase> <!-- isPrevButtonVisible -->
  <testcase name="isStartDateLabelVisible" time="0.0" classname="testScripts.Motorcycle.EnterProductData">
    <skipped/>
  </testcase> <!-- isStartDateLabelVisible -->
  <testcase name="isStartDateTextBoxVisible" time="0.0" classname="testScripts.Motorcycle.EnterProductData">
    <skipped/>
  </testcase> <!-- isStartDateTextBoxVisible -->
  <testcase name="validDamageInsuranceDropDownSelection" time="0.0" classname="testScripts.Motorcycle.EnterProductData">
    <skipped/>
  </testcase> <!-- validDamageInsuranceDropDownSelection -->
  <testcase name="validInsuranceDropDown" time="0.0" classname="testScripts.Motorcycle.EnterProductData">
    <skipped/>
  </testcase> <!-- validInsuranceDropDown -->
  <testcase name="validStartDateText" time="0.0" classname="testScripts.Motorcycle.EnterProductData">
    <skipped/>
  </testcase> <!-- validStartDateText -->
  <testcase name="verifyNextButtonText" time="0.0" classname="testScripts.Motorcycle.EnterProductData">
    <skipped/>
  </testcase> <!-- verifyNextButtonText -->
  <testcase name="verifyPrevButtonText" time="0.0" classname="testScripts.Motorcycle.EnterProductData">
    <skipped/>
  </testcase> <!-- verifyPrevButtonText -->
</testsuite> <!-- Default test -->
