<?xml version="1.0" encoding="UTF-8"?>
<!-- Generated by org.testng.reporters.JUnitXMLReporter -->
<testsuite hostname="DESKTOP-A6N9SAN" ignored="0" name="EnterInsuranceData" tests="13" failures="0" timestamp="14 Aug 2020 10:59:53 GMT" time="0.108" errors="0">
  <testcase name="@BeforeTest launchBrowser" time="0.008" classname="testScripts.Motorcycle.EnterInsuranceData">
    <failure type="java.lang.NullPointerException">
      <![CDATA[java.lang.NullPointerException
at testScripts.Motorcycle.EnterInsuranceData.launchBrowser(EnterInsuranceData.java:24)
... Removed 24 stack frames]]>
    </failure>
  </testcase> <!-- @BeforeTest launchBrowser -->
  <testcase name="isHobbiesCheckBoxVisible" time="0.0" classname="testScripts.Motorcycle.EnterInsuranceData">
    <skipped/>
  </testcase> <!-- isHobbiesCheckBoxVisible -->
  <testcase name="isHobbiesLabelVisible" time="0.0" classname="testScripts.Motorcycle.EnterInsuranceData">
    <skipped/>
  </testcase> <!-- isHobbiesLabelVisible -->
  <testcase name="isNextButtonVisible" time="0.0" classname="testScripts.Motorcycle.EnterInsuranceData">
    <skipped/>
  </testcase> <!-- isNextButtonVisible -->
  <testcase name="isPictureLabelVisible" time="0.0" classname="testScripts.Motorcycle.EnterInsuranceData">
    <skipped/>
  </testcase> <!-- isPictureLabelVisible -->
  <testcase name="isPrevButtonVisible" time="0.0" classname="testScripts.Motorcycle.EnterInsuranceData">
    <skipped/>
  </testcase> <!-- isPrevButtonVisible -->
  <testcase name="isWebsiteLabelVisible" time="0.0" classname="testScripts.Motorcycle.EnterInsuranceData">
    <skipped/>
  </testcase> <!-- isWebsiteLabelVisible -->
  <testcase name="isWebsiteTextBoxVisible" time="0.0" classname="testScripts.Motorcycle.EnterInsuranceData">
    <skipped/>
  </testcase> <!-- isWebsiteTextBoxVisible -->
  <testcase name="validHobbiesSelection" time="0.0" classname="testScripts.Motorcycle.EnterInsuranceData">
    <skipped/>
  </testcase> <!-- validHobbiesSelection -->
  <testcase name="validWebsiteEntry" time="0.0" classname="testScripts.Motorcycle.EnterInsuranceData">
    <skipped/>
  </testcase> <!-- validWebsiteEntry -->
  <testcase name="verifyNextButtonText" time="0.0" classname="testScripts.Motorcycle.EnterInsuranceData">
    <skipped/>
  </testcase> <!-- verifyNextButtonText -->
  <testcase name="verifyOnClickPrevButton" time="0.0" classname="testScripts.Motorcycle.EnterInsuranceData">
    <skipped/>
  </testcase> <!-- verifyOnClickPrevButton -->
  <testcase name="verifyPrevButtonText" time="0.0" classname="testScripts.Motorcycle.EnterInsuranceData">
    <skipped/>
  </testcase> <!-- verifyPrevButtonText -->
  <testcase name="verifyOnClickNextButton" time="0.0" classname="testScripts.Motorcycle.EnterInsuranceData">
    <skipped/>
  </testcase> <!-- verifyOnClickNextButton -->
</testsuite> <!-- EnterInsuranceData -->
