<?xml version="1.0" encoding="UTF-8"?>
<!-- Generated by org.testng.reporters.JUnitXMLReporter -->
<testsuite hostname="DESKTOP-A6N9SAN" ignored="0" name="HomePage" tests="16" failures="0" timestamp="21 Aug 2020 12:42:08 GMT" time="156.658" errors="0">
  <testcase name="verifyIsHomepageVisible" time="1.727" classname="testScripts.HomePage.HomePage"/>
  <testcase name="verifyHomepagetext" time="0.909" classname="testScripts.HomePage.HomePage"/>
  <testcase name="verifyIsSearchsupportClickable" time="26.822" classname="testScripts.HomePage.HomePage"/>
  <testcase name="verifyIsVisitsupportClickable" time="5.174" classname="testScripts.HomePage.HomePage"/>
  <testcase name="verifyIsAutomobileClickable" time="5.36" classname="testScripts.HomePage.HomePage"/>
  <testcase name="verifyIsTruckClickable" time="3.13" classname="testScripts.HomePage.HomePage"/>
  <testcase name="verifyIsMotorcycleClickable" time="2.922" classname="testScripts.HomePage.HomePage"/>
  <testcase name="verifyIsCamperClickable" time="3.471" classname="testScripts.HomePage.HomePage"/>
  <testcase name="verifyIsTricentis_aboutClickable" time="17.556" classname="testScripts.HomePage.HomePage"/>
  <testcase name="verifyIsTricentis_productsClickable" time="5.175" classname="testScripts.HomePage.HomePage"/>
  <testcase name="verifyIsTricentis_eventsClickable" time="6.014" classname="testScripts.HomePage.HomePage"/>
  <testcase name="verifyIsTricentis_resourcesClickable" time="5.993" classname="testScripts.HomePage.HomePage"/>
  <testcase name="verifyIsTricentis_servicesClickable" time="4.972" classname="testScripts.HomePage.HomePage"/>
  <testcase name="verifyIsNav_facebookClickable" time="4.569" classname="testScripts.HomePage.HomePage"/>
  <testcase name="verifyIsNav_twitterClickable" time="4.94" classname="testScripts.HomePage.HomePage"/>
  <testcase name="verifyIsNav_googleClickable" time="5.722" classname="testScripts.HomePage.HomePage"/>
</testsuite> <!-- HomePage -->
