<?xml version="1.0" encoding="UTF-8"?>
<!-- Generated by org.testng.reporters.JUnitXMLReporter -->
<testsuite hostname="DESKTOP-A6N9SAN" ignored="0" name="HomePage" tests="16" failures="0" timestamp="22 Aug 2020 12:06:44 GMT" time="265.969" errors="0">
  <testcase name="verifyIsHomepageVisible" time="0.37" classname="testScripts.HomePage.HomePage"/>
  <testcase name="verifyHomepagetext" time="0.464" classname="testScripts.HomePage.HomePage"/>
  <testcase name="verifyIsSearchsupportClickable" time="36.14" classname="testScripts.HomePage.HomePage"/>
  <testcase name="verifyIsVisitsupportClickable" time="4.263" classname="testScripts.HomePage.HomePage"/>
  <testcase name="verifyIsAutomobileClickable" time="5.504" classname="testScripts.HomePage.HomePage"/>
  <testcase name="verifyIsTruckClickable" time="6.409" classname="testScripts.HomePage.HomePage"/>
  <testcase name="verifyIsMotorcycleClickable" time="3.154" classname="testScripts.HomePage.HomePage"/>
  <testcase name="verifyIsCamperClickable" time="3.302" classname="testScripts.HomePage.HomePage"/>
  <testcase name="verifyIsTricentis_aboutClickable" time="29.584" classname="testScripts.HomePage.HomePage"/>
  <testcase name="verifyIsTricentis_productsClickable" time="24.621" classname="testScripts.HomePage.HomePage"/>
  <testcase name="verifyIsTricentis_eventsClickable" time="24.463" classname="testScripts.HomePage.HomePage"/>
  <testcase name="verifyIsTricentis_resourcesClickable" time="24.319" classname="testScripts.HomePage.HomePage"/>
  <testcase name="verifyIsTricentis_servicesClickable" time="24.41" classname="testScripts.HomePage.HomePage"/>
  <testcase name="verifyIsNav_facebookClickable" time="4.404" classname="testScripts.HomePage.HomePage"/>
  <testcase name="verifyIsNav_twitterClickable" time="4.282" classname="testScripts.HomePage.HomePage"/>
  <testcase name="verifyIsNav_googleClickable" time="4.243" classname="testScripts.HomePage.HomePage"/>
</testsuite> <!-- HomePage -->
