<?xml version="1.0" encoding="UTF-8"?>
<!-- Generated by org.testng.reporters.JUnitXMLReporter -->
<testsuite hostname="DESKTOP-A6N9SAN" ignored="16" name="Test" tests="96" failures="0" timestamp="21 Aug 2020 10:28:15 GMT" time="145.561" errors="0">
  <testcase name="verifyAnnualMileageSelection" time="0.924" classname="testScripts.Motorcycle.EnterVehicleData"/>
  <testcase name="verifyCylinderCapacitySelection" time="0.602" classname="testScripts.Motorcycle.EnterVehicleData"/>
  <testcase name="verifyDateOfmanufacture" time="0.532" classname="testScripts.Motorcycle.EnterVehicleData"/>
  <testcase name="verifyEnginePerformanceSelection" time="0.598" classname="testScripts.Motorcycle.EnterVehicleData"/>
  <testcase name="verifyIsAnnualMileageVisible" time="0.02" classname="testScripts.Motorcycle.EnterVehicleData"/>
  <testcase name="verifyIsAnnualMileagetext" time="0.031" classname="testScripts.Motorcycle.EnterVehicleData"/>
  <testcase name="verifyIsCylinderCapacityVisible" time="0.015" classname="testScripts.Motorcycle.EnterVehicleData"/>
  <testcase name="verifyIsCylinderCapacitytext" time="0.032" classname="testScripts.Motorcycle.EnterVehicleData"/>
  <testcase name="verifyIsDateOfManufacturetext" time="0.031" classname="testScripts.Motorcycle.EnterVehicleData"/>
  <testcase name="verifyIsEnginePerformanceVisible" time="0.017" classname="testScripts.Motorcycle.EnterVehicleData"/>
  <testcase name="verifyIsEnginePerformancetext" time="0.045" classname="testScripts.Motorcycle.EnterVehicleData"/>
  <testcase name="verifyIsListPriceVisible" time="0.023" classname="testScripts.Motorcycle.EnterVehicleData"/>
  <testcase name="verifyIsListpricetext" time="0.037" classname="testScripts.Motorcycle.EnterVehicleData"/>
  <testcase name="verifyIsMakeVisible" time="0.021" classname="testScripts.Motorcycle.EnterVehicleData"/>
  <testcase name="verifyIsMaketext" time="0.035" classname="testScripts.Motorcycle.EnterVehicleData"/>
  <testcase name="verifyIsModelVisible" time="0.018" classname="testScripts.Motorcycle.EnterVehicleData"/>
  <testcase name="verifyIsModeltext" time="0.036" classname="testScripts.Motorcycle.EnterVehicleData"/>
  <testcase name="verifyIsNextButtonVisible" time="0.015" classname="testScripts.Motorcycle.EnterVehicleData"/>
  <testcase name="verifyIsNextButtontext" time="0.028" classname="testScripts.Motorcycle.EnterVehicleData"/>
  <testcase name="verifyIsNumberOfSeatsVisible" time="0.016" classname="testScripts.Motorcycle.EnterVehicleData"/>
  <testcase name="verifyIsNumberofSeatstext" time="0.029" classname="testScripts.Motorcycle.EnterVehicleData"/>
  <testcase name="verifyIsOpenDateOfCalenderButtonVisible" time="0.014" classname="testScripts.Motorcycle.EnterVehicleData"/>
  <testcase name="verifyIsOpenNextButtonVisible" time="0.016" classname="testScripts.Motorcycle.EnterVehicleData"/>
  <testcase name="verifyIsOpenPrevButtonVisible" time="0.017" classname="testScripts.Motorcycle.EnterVehicleData"/>
  <testcase name="verifyIsSelectMaker1Selectable" time="3.118" classname="testScripts.Motorcycle.EnterVehicleData"/>
  <testcase name="verifyIsSelectMaker2Selectable" time="3.174" classname="testScripts.Motorcycle.EnterVehicleData"/>
  <testcase name="verifyIsSelectMakerSelectable" time="3.217" classname="testScripts.Motorcycle.EnterVehicleData"/>
  <testcase name="verifyListPriceSelection" time="0.823" classname="testScripts.Motorcycle.EnterVehicleData"/>
  <testcase name="hobbiesOptionsVisible" time="0.023" classname="testScripts.Motorcycle.EnterInsuranceData"/>
  <testcase name="hobbiesOptionsVisible" time="0.021" classname="testScripts.Motorcycle.EnterInsuranceData"/>
  <testcase name="hobbiesOptionsVisible" time="0.023" classname="testScripts.Motorcycle.EnterInsuranceData"/>
  <testcase name="hobbiesOptionsVisible" time="0.019" classname="testScripts.Motorcycle.EnterInsuranceData"/>
  <testcase name="hobbiesOptionsVisible" time="0.017" classname="testScripts.Motorcycle.EnterInsuranceData"/>
  <testcase name="invalidWebsitentry" time="11.347" classname="testScripts.Motorcycle.EnterInsuranceData"/>
  <testcase name="invalidWebsitentry" time="11.354" classname="testScripts.Motorcycle.EnterInsuranceData"/>
  <testcase name="invalidWebsitentry" time="11.29" classname="testScripts.Motorcycle.EnterInsuranceData"/>
  <testcase name="invalidWebsitentry" time="11.227" classname="testScripts.Motorcycle.EnterInsuranceData"/>
  <testcase name="invalidWebsitentry" time="11.329" classname="testScripts.Motorcycle.EnterInsuranceData"/>
  <testcase name="isHobbiesCheckBoxVisible" time="0.023" classname="testScripts.Motorcycle.EnterInsuranceData"/>
  <testcase name="isHobbiesLabelVisible" time="0.016" classname="testScripts.Motorcycle.EnterInsuranceData"/>
  <testcase name="isNextButtonVisible" time="0.013" classname="testScripts.Motorcycle.EnterInsuranceData"/>
  <testcase name="isPictureLabelVisible" time="0.015" classname="testScripts.Motorcycle.EnterInsuranceData"/>
  <testcase name="isPrevButtonVisible" time="0.015" classname="testScripts.Motorcycle.EnterInsuranceData"/>
  <testcase name="isWebsiteLabelVisible" time="0.015" classname="testScripts.Motorcycle.EnterInsuranceData"/>
  <testcase name="isWebsiteTextBoxVisible" time="0.015" classname="testScripts.Motorcycle.EnterInsuranceData"/>
  <testcase name="selectPicture" time="7.183" classname="testScripts.Motorcycle.EnterInsuranceData"/>
  <testcase name="validHobbiesSelection" time="0.117" classname="testScripts.Motorcycle.EnterInsuranceData"/>
  <testcase name="validWebsiteEntry" time="0.227" classname="testScripts.Motorcycle.EnterInsuranceData"/>
  <testcase name="validWebsiteEntry" time="0.169" classname="testScripts.Motorcycle.EnterInsuranceData"/>
  <testcase name="validWebsiteEntry" time="0.156" classname="testScripts.Motorcycle.EnterInsuranceData"/>
  <testcase name="verifyNextButtonText" time="0.028" classname="testScripts.Motorcycle.EnterInsuranceData"/>
  <testcase name="verifyOnClickPrevButton" time="0.208" classname="testScripts.Motorcycle.EnterInsuranceData"/>
  <testcase name="verifyPrevButtonText" time="0.05" classname="testScripts.Motorcycle.EnterInsuranceData"/>
  <testcase name="checkNextLabelInsSum" time="0.084" classname="testScripts.Motorcycle.EnterProductData"/>
  <testcase name="damageInsuranceLabelVisible" time="0.018" classname="testScripts.Motorcycle.EnterProductData"/>
  <testcase name="damageInsuranceOptionsVisible" time="0.197" classname="testScripts.Motorcycle.EnterProductData"/>
  <testcase name="damageInsuranceOptionsVisible" time="0.144" classname="testScripts.Motorcycle.EnterProductData"/>
  <testcase name="damageInsuranceOptionsVisible" time="0.147" classname="testScripts.Motorcycle.EnterProductData"/>
  <testcase name="hobbiesOptionsVisible" time="0.178" classname="testScripts.Motorcycle.EnterProductData"/>
  <testcase name="hobbiesOptionsVisible" time="0.142" classname="testScripts.Motorcycle.EnterProductData"/>
  <testcase name="hobbiesOptionsVisible" time="0.141" classname="testScripts.Motorcycle.EnterProductData"/>
  <testcase name="hobbiesOptionsVisible" time="0.139" classname="testScripts.Motorcycle.EnterProductData"/>
  <testcase name="hobbiesOptionsVisible" time="0.14" classname="testScripts.Motorcycle.EnterProductData"/>
  <testcase name="hobbiesOptionsVisible" time="0.184" classname="testScripts.Motorcycle.EnterProductData"/>
  <testcase name="hobbiesOptionsVisible" time="0.145" classname="testScripts.Motorcycle.EnterProductData"/>
  <testcase name="hobbiesOptionsVisible" time="0.141" classname="testScripts.Motorcycle.EnterProductData"/>
  <testcase name="hobbiesOptionsVisible" time="0.14" classname="testScripts.Motorcycle.EnterProductData"/>
  <testcase name="isCalendarButtonClickable" time="0.094" classname="testScripts.Motorcycle.EnterProductData"/>
  <testcase name="isDamageInsuranceDropDownVisible" time="0.03" classname="testScripts.Motorcycle.EnterProductData"/>
  <testcase name="isInsuranceSumDropDownVisible" time="0.017" classname="testScripts.Motorcycle.EnterProductData"/>
  <testcase name="isInsuranceSumLabelVisible" time="0.02" classname="testScripts.Motorcycle.EnterProductData"/>
  <testcase name="isNextButtonVisible" time="0.018" classname="testScripts.Motorcycle.EnterProductData"/>
  <testcase name="isOptionalProductTextBoxVisible" time="0.022" classname="testScripts.Motorcycle.EnterProductData"/>
  <testcase name="isOptionalProductsLabelVisible" time="0.017" classname="testScripts.Motorcycle.EnterProductData"/>
  <testcase name="isPrevButtonVisible" time="0.019" classname="testScripts.Motorcycle.EnterProductData"/>
  <testcase name="isStartDateLabelVisible" time="0.038" classname="testScripts.Motorcycle.EnterProductData"/>
  <testcase name="isStartDateTextBoxVisible" time="0.018" classname="testScripts.Motorcycle.EnterProductData"/>
  <testcase name="validDamageInsuranceDropDownSelection" time="0.103" classname="testScripts.Motorcycle.EnterProductData"/>
  <testcase name="validInsuranceDropDown" time="0.084" classname="testScripts.Motorcycle.EnterProductData"/>
  <testcase name="validStartDateText" time="0.32" classname="testScripts.Motorcycle.EnterProductData"/>
  <testcase name="verifyNextButtonText" time="0.033" classname="testScripts.Motorcycle.EnterProductData"/>
  <testcase name="verifyOnClickPrevButton" time="0.21" classname="testScripts.Motorcycle.EnterProductData"/>
  <testcase name="verifyPrevButtonText" time="0.038" classname="testScripts.Motorcycle.EnterProductData"/>
  <testcase name="verifyIsSelectpriceoptionVisible" time="0.277" classname="testScripts.Motorcycle.SelectPriceOption"/>
  <testcase name="verifyIsCommentsVisible" time="0.045" classname="testScripts.Motorcycle.SendQuote"/>
  <testcase name="verifyIsConfirmpasswordVisible" time="0.027" classname="testScripts.Motorcycle.SendQuote"/>
  <testcase name="verifyIsEmailVisible" time="0.017" classname="testScripts.Motorcycle.SendQuote"/>
  <testcase name="verifyIsMainpageVisible" time="0.014" classname="testScripts.Motorcycle.SendQuote"/>
  <testcase name="verifyIsNewautomobileinsuranceVisible" time="0.014" classname="testScripts.Motorcycle.SendQuote"/>
  <testcase name="verifyIsNewcamperinsuranceVisible" time="0.014" classname="testScripts.Motorcycle.SendQuote"/>
  <testcase name="verifyIsNewtruckinsuranceVisible" time="0.014" classname="testScripts.Motorcycle.SendQuote"/>
  <testcase name="verifyIsPasswordVisible" time="0.013" classname="testScripts.Motorcycle.SendQuote"/>
  <testcase name="verifyIsPhoneVisible" time="0.013" classname="testScripts.Motorcycle.SendQuote"/>
  <testcase name="verifyIsPrevVisible" time="0.014" classname="testScripts.Motorcycle.SendQuote"/>
  <testcase name="verifyIsSendemailVisible" time="0.015" classname="testScripts.Motorcycle.SendQuote"/>
  <testcase name="verifyIsUsernameVisible" time="0.014" classname="testScripts.Motorcycle.SendQuote"/>
  <testcase name="@BeforeSuite initialize" time="0.0" classname="driver.Driver">
    <ignored/>
  </testcase> <!-- @BeforeSuite initialize -->
  <testcase name="@BeforeSuite initialize" time="0.0" classname="driver.Driver">
    <ignored/>
  </testcase> <!-- @BeforeSuite initialize -->
  <testcase name="@BeforeSuite initialize" time="0.0" classname="driver.Driver">
    <ignored/>
  </testcase> <!-- @BeforeSuite initialize -->
  <testcase name="@BeforeSuite initialize" time="0.0" classname="driver.Driver">
    <ignored/>
  </testcase> <!-- @BeforeSuite initialize -->
  <testcase name="@AfterTest closeBrowser" time="0.0" classname="testScripts.Motorcycle.PreconditionMotorcycle">
    <ignored/>
  </testcase> <!-- @AfterTest closeBrowser -->
  <testcase name="@AfterTest closeBrowser" time="0.0" classname="testScripts.Motorcycle.PreconditionMotorcycle">
    <ignored/>
  </testcase> <!-- @AfterTest closeBrowser -->
  <testcase name="@AfterTest closeBrowser" time="0.0" classname="testScripts.Motorcycle.PreconditionMotorcycle">
    <ignored/>
  </testcase> <!-- @AfterTest closeBrowser -->
  <testcase name="@AfterTest closeBrowser" time="0.0" classname="testScripts.Motorcycle.PreconditionMotorcycle">
    <ignored/>
  </testcase> <!-- @AfterTest closeBrowser -->
  <testcase name="@BeforeTest launchBrowser" time="0.0" classname="testScripts.Motorcycle.PreconditionMotorcycle">
    <ignored/>
  </testcase> <!-- @BeforeTest launchBrowser -->
  <testcase name="@BeforeTest launchBrowser" time="0.0" classname="testScripts.Motorcycle.PreconditionMotorcycle">
    <ignored/>
  </testcase> <!-- @BeforeTest launchBrowser -->
  <testcase name="@BeforeTest launchBrowser" time="0.0" classname="testScripts.Motorcycle.PreconditionMotorcycle">
    <ignored/>
  </testcase> <!-- @BeforeTest launchBrowser -->
  <testcase name="@BeforeTest launchBrowser" time="0.0" classname="testScripts.Motorcycle.PreconditionMotorcycle">
    <ignored/>
  </testcase> <!-- @BeforeTest launchBrowser -->
  <testcase name="@AfterSuite tearDown" time="0.0" classname="driver.Driver">
    <ignored/>
  </testcase> <!-- @AfterSuite tearDown -->
  <testcase name="@AfterSuite tearDown" time="0.0" classname="driver.Driver">
    <ignored/>
  </testcase> <!-- @AfterSuite tearDown -->
  <testcase name="@AfterSuite tearDown" time="0.0" classname="driver.Driver">
    <ignored/>
  </testcase> <!-- @AfterSuite tearDown -->
  <testcase name="@AfterSuite tearDown" time="0.0" classname="driver.Driver">
    <ignored/>
  </testcase> <!-- @AfterSuite tearDown -->
</testsuite> <!-- Test -->
