<?xml version="1.0" encoding="UTF-8"?>
<testng-results skipped="0" failed="0" ignored="16" total="153" passed="137">
  <reporter-output>
  </reporter-output>
  <suite name="Suite" duration-ms="423675" started-at="2020-08-22T13:24:47Z" finished-at="2020-08-22T13:31:50Z">
    <groups>
    </groups>
    <test name="HomePage" duration-ms="171486" started-at="2020-08-22T13:24:47Z" finished-at="2020-08-22T13:27:38Z">
      <class name="testScripts.HomePage.HomePage">
        <test-method status="PASS" signature="launchBrowser(java.lang.String)[pri:0, instance:testScripts.HomePage.HomePage@598067a5]" name="launchBrowser" is-config="true" duration-ms="36589" started-at="2020-08-22T13:24:47Z" finished-at="2020-08-22T13:25:23Z">
          <params>
            <param index="0">
              <value>
                <![CDATA[Chrome]]>
              </value>
            </param>
          </params>
          <reporter-output>
          </reporter-output>
        </test-method> <!-- launchBrowser -->
        <test-method status="PASS" signature="verifyIsHomepageVisible()[pri:-1, instance:testScripts.HomePage.HomePage@598067a5]" name="verifyIsHomepageVisible" duration-ms="449" started-at="2020-08-22T13:25:23Z" finished-at="2020-08-22T13:25:24Z">
          <reporter-output>
          </reporter-output>
        </test-method> <!-- verifyIsHomepageVisible -->
        <test-method status="PASS" signature="verifyHomepagetext()[pri:0, instance:testScripts.HomePage.HomePage@598067a5]" name="verifyHomepagetext" duration-ms="554" started-at="2020-08-22T13:25:24Z" finished-at="2020-08-22T13:25:24Z">
          <reporter-output>
          </reporter-output>
        </test-method> <!-- verifyHomepagetext -->
        <test-method status="PASS" signature="verifyIsSearchsupportClickable()[pri:1, instance:testScripts.HomePage.HomePage@598067a5]" name="verifyIsSearchsupportClickable" duration-ms="29045" started-at="2020-08-22T13:25:24Z" finished-at="2020-08-22T13:25:53Z">
          <reporter-output>
          </reporter-output>
        </test-method> <!-- verifyIsSearchsupportClickable -->
        <test-method status="PASS" signature="verifyIsVisitsupportClickable()[pri:2, instance:testScripts.HomePage.HomePage@598067a5]" name="verifyIsVisitsupportClickable" duration-ms="4245" started-at="2020-08-22T13:25:53Z" finished-at="2020-08-22T13:25:58Z">
          <reporter-output>
          </reporter-output>
        </test-method> <!-- verifyIsVisitsupportClickable -->
        <test-method status="PASS" signature="verifyIsAutomobileClickable()[pri:3, instance:testScripts.HomePage.HomePage@598067a5]" name="verifyIsAutomobileClickable" duration-ms="4588" started-at="2020-08-22T13:25:58Z" finished-at="2020-08-22T13:26:02Z">
          <reporter-output>
          </reporter-output>
        </test-method> <!-- verifyIsAutomobileClickable -->
        <test-method status="PASS" signature="verifyIsTruckClickable()[pri:4, instance:testScripts.HomePage.HomePage@598067a5]" name="verifyIsTruckClickable" duration-ms="2642" started-at="2020-08-22T13:26:02Z" finished-at="2020-08-22T13:26:05Z">
          <reporter-output>
          </reporter-output>
        </test-method> <!-- verifyIsTruckClickable -->
        <test-method status="PASS" signature="verifyIsMotorcycleClickable()[pri:5, instance:testScripts.HomePage.HomePage@598067a5]" name="verifyIsMotorcycleClickable" duration-ms="2840" started-at="2020-08-22T13:26:05Z" finished-at="2020-08-22T13:26:08Z">
          <reporter-output>
          </reporter-output>
        </test-method> <!-- verifyIsMotorcycleClickable -->
        <test-method status="PASS" signature="verifyIsCamperClickable()[pri:6, instance:testScripts.HomePage.HomePage@598067a5]" name="verifyIsCamperClickable" duration-ms="3269" started-at="2020-08-22T13:26:08Z" finished-at="2020-08-22T13:26:11Z">
          <reporter-output>
          </reporter-output>
        </test-method> <!-- verifyIsCamperClickable -->
        <test-method status="PASS" signature="verifyIsTricentis_aboutClickable()[pri:7, instance:testScripts.HomePage.HomePage@598067a5]" name="verifyIsTricentis_aboutClickable" duration-ms="29660" started-at="2020-08-22T13:26:11Z" finished-at="2020-08-22T13:26:41Z">
          <reporter-output>
          </reporter-output>
        </test-method> <!-- verifyIsTricentis_aboutClickable -->
        <test-method status="PASS" signature="verifyIsTricentis_productsClickable()[pri:8, instance:testScripts.HomePage.HomePage@598067a5]" name="verifyIsTricentis_productsClickable" duration-ms="24438" started-at="2020-08-22T13:26:41Z" finished-at="2020-08-22T13:27:05Z">
          <reporter-output>
          </reporter-output>
        </test-method> <!-- verifyIsTricentis_productsClickable -->
        <test-method status="PASS" signature="verifyIsTricentis_eventsClickable()[pri:9, instance:testScripts.HomePage.HomePage@598067a5]" name="verifyIsTricentis_eventsClickable" duration-ms="8161" started-at="2020-08-22T13:27:05Z" finished-at="2020-08-22T13:27:13Z">
          <reporter-output>
          </reporter-output>
        </test-method> <!-- verifyIsTricentis_eventsClickable -->
        <test-method status="PASS" signature="verifyIsTricentis_resourcesClickable()[pri:10, instance:testScripts.HomePage.HomePage@598067a5]" name="verifyIsTricentis_resourcesClickable" duration-ms="6206" started-at="2020-08-22T13:27:13Z" finished-at="2020-08-22T13:27:20Z">
          <reporter-output>
          </reporter-output>
        </test-method> <!-- verifyIsTricentis_resourcesClickable -->
        <test-method status="PASS" signature="verifyIsTricentis_servicesClickable()[pri:11, instance:testScripts.HomePage.HomePage@598067a5]" name="verifyIsTricentis_servicesClickable" duration-ms="3885" started-at="2020-08-22T13:27:20Z" finished-at="2020-08-22T13:27:23Z">
          <reporter-output>
          </reporter-output>
        </test-method> <!-- verifyIsTricentis_servicesClickable -->
        <test-method status="PASS" signature="verifyIsNav_facebookClickable()[pri:12, instance:testScripts.HomePage.HomePage@598067a5]" name="verifyIsNav_facebookClickable" duration-ms="4275" started-at="2020-08-22T13:27:23Z" finished-at="2020-08-22T13:27:28Z">
          <reporter-output>
          </reporter-output>
        </test-method> <!-- verifyIsNav_facebookClickable -->
        <test-method status="PASS" signature="verifyIsNav_twitterClickable()[pri:13, instance:testScripts.HomePage.HomePage@598067a5]" name="verifyIsNav_twitterClickable" duration-ms="4275" started-at="2020-08-22T13:27:28Z" finished-at="2020-08-22T13:27:32Z">
          <reporter-output>
          </reporter-output>
        </test-method> <!-- verifyIsNav_twitterClickable -->
        <test-method status="PASS" signature="verifyIsNav_googleClickable()[pri:14, instance:testScripts.HomePage.HomePage@598067a5]" name="verifyIsNav_googleClickable" duration-ms="5052" started-at="2020-08-22T13:27:32Z" finished-at="2020-08-22T13:27:37Z">
          <reporter-output>
          </reporter-output>
        </test-method> <!-- verifyIsNav_googleClickable -->
        <test-method status="PASS" signature="closeBrowser()[pri:0, instance:testScripts.HomePage.HomePage@598067a5]" name="closeBrowser" is-config="true" duration-ms="1261" started-at="2020-08-22T13:27:37Z" finished-at="2020-08-22T13:27:38Z">
          <reporter-output>
          </reporter-output>
        </test-method> <!-- closeBrowser -->
      </class> <!-- testScripts.HomePage.HomePage -->
    </test> <!-- HomePage -->
    <test name="Motorcycle" duration-ms="252126" started-at="2020-08-22T13:27:38Z" finished-at="2020-08-22T13:31:50Z">
      <class name="testScripts.Motorcycle.EnterProductData">
        <test-method status="PASS" signature="beforeProductData()[pri:0, instance:testScripts.Motorcycle.EnterProductData@55d56113]" name="beforeProductData" is-config="true" duration-ms="5142" started-at="2020-08-22T13:31:26Z" finished-at="2020-08-22T13:31:31Z">
          <reporter-output>
          </reporter-output>
        </test-method> <!-- beforeProductData -->
        <test-method status="PASS" signature="checkNextLabelInsSum()[pri:0, instance:testScripts.Motorcycle.EnterProductData@55d56113]" name="checkNextLabelInsSum" duration-ms="72" started-at="2020-08-22T13:31:31Z" finished-at="2020-08-22T13:31:31Z">
          <reporter-output>
          </reporter-output>
        </test-method> <!-- checkNextLabelInsSum -->
        <test-method status="PASS" signature="damageInsuranceLabelVisible()[pri:0, instance:testScripts.Motorcycle.EnterProductData@55d56113]" name="damageInsuranceLabelVisible" duration-ms="16" started-at="2020-08-22T13:31:31Z" finished-at="2020-08-22T13:31:31Z">
          <reporter-output>
          </reporter-output>
        </test-method> <!-- damageInsuranceLabelVisible -->
        <test-method status="PASS" signature="damageInsuranceOptionsVisible(java.lang.String)[pri:0, instance:testScripts.Motorcycle.EnterProductData@55d56113]" name="damageInsuranceOptionsVisible" duration-ms="235" started-at="2020-08-22T13:31:31Z" data-provider="damageInsuranceOptions" finished-at="2020-08-22T13:31:31Z">
          <params>
            <param index="0">
              <value>
                <![CDATA[No Coverage]]>
              </value>
            </param>
          </params>
          <reporter-output>
          </reporter-output>
        </test-method> <!-- damageInsuranceOptionsVisible -->
        <test-method status="PASS" signature="damageInsuranceOptionsVisible(java.lang.String)[pri:0, instance:testScripts.Motorcycle.EnterProductData@55d56113]" name="damageInsuranceOptionsVisible" duration-ms="149" started-at="2020-08-22T13:31:31Z" data-provider="damageInsuranceOptions" finished-at="2020-08-22T13:31:32Z">
          <params>
            <param index="0">
              <value>
                <![CDATA[Partial Coverage]]>
              </value>
            </param>
          </params>
          <reporter-output>
          </reporter-output>
        </test-method> <!-- damageInsuranceOptionsVisible -->
        <test-method status="PASS" signature="damageInsuranceOptionsVisible(java.lang.String)[pri:0, instance:testScripts.Motorcycle.EnterProductData@55d56113]" name="damageInsuranceOptionsVisible" duration-ms="148" started-at="2020-08-22T13:31:32Z" data-provider="damageInsuranceOptions" finished-at="2020-08-22T13:31:32Z">
          <params>
            <param index="0">
              <value>
                <![CDATA[Full Coverage]]>
              </value>
            </param>
          </params>
          <reporter-output>
          </reporter-output>
        </test-method> <!-- damageInsuranceOptionsVisible -->
        <test-method status="PASS" signature="hobbiesOptionsVisible(java.lang.String)[pri:0, instance:testScripts.Motorcycle.EnterProductData@55d56113]" name="hobbiesOptionsVisible" duration-ms="208" started-at="2020-08-22T13:31:32Z" data-provider="insuranceSumOptions" finished-at="2020-08-22T13:31:32Z">
          <params>
            <param index="0">
              <value>
                <![CDATA[3.000.000,00]]>
              </value>
            </param>
          </params>
          <reporter-output>
          </reporter-output>
        </test-method> <!-- hobbiesOptionsVisible -->
        <test-method status="PASS" signature="hobbiesOptionsVisible(java.lang.String)[pri:0, instance:testScripts.Motorcycle.EnterProductData@55d56113]" name="hobbiesOptionsVisible" duration-ms="139" started-at="2020-08-22T13:31:32Z" data-provider="insuranceSumOptions" finished-at="2020-08-22T13:31:32Z">
          <params>
            <param index="0">
              <value>
                <![CDATA[5.000.000,00]]>
              </value>
            </param>
          </params>
          <reporter-output>
          </reporter-output>
        </test-method> <!-- hobbiesOptionsVisible -->
        <test-method status="PASS" signature="hobbiesOptionsVisible(java.lang.String)[pri:0, instance:testScripts.Motorcycle.EnterProductData@55d56113]" name="hobbiesOptionsVisible" duration-ms="139" started-at="2020-08-22T13:31:32Z" data-provider="insuranceSumOptions" finished-at="2020-08-22T13:31:32Z">
          <params>
            <param index="0">
              <value>
                <![CDATA[7.000.000,00]]>
              </value>
            </param>
          </params>
          <reporter-output>
          </reporter-output>
        </test-method> <!-- hobbiesOptionsVisible -->
        <test-method status="PASS" signature="hobbiesOptionsVisible(java.lang.String)[pri:0, instance:testScripts.Motorcycle.EnterProductData@55d56113]" name="hobbiesOptionsVisible" duration-ms="140" started-at="2020-08-22T13:31:32Z" data-provider="insuranceSumOptions" finished-at="2020-08-22T13:31:32Z">
          <params>
            <param index="0">
              <value>
                <![CDATA[10.000.000,00]]>
              </value>
            </param>
          </params>
          <reporter-output>
          </reporter-output>
        </test-method> <!-- hobbiesOptionsVisible -->
        <test-method status="PASS" signature="hobbiesOptionsVisible(java.lang.String)[pri:0, instance:testScripts.Motorcycle.EnterProductData@55d56113]" name="hobbiesOptionsVisible" duration-ms="136" started-at="2020-08-22T13:31:32Z" data-provider="insuranceSumOptions" finished-at="2020-08-22T13:31:33Z">
          <params>
            <param index="0">
              <value>
                <![CDATA[15.000.000,00]]>
              </value>
            </param>
          </params>
          <reporter-output>
          </reporter-output>
        </test-method> <!-- hobbiesOptionsVisible -->
        <test-method status="PASS" signature="hobbiesOptionsVisible(java.lang.String)[pri:0, instance:testScripts.Motorcycle.EnterProductData@55d56113]" name="hobbiesOptionsVisible" duration-ms="152" started-at="2020-08-22T13:31:33Z" data-provider="insuranceSumOptions" finished-at="2020-08-22T13:31:33Z">
          <params>
            <param index="0">
              <value>
                <![CDATA[20.000.000,00]]>
              </value>
            </param>
          </params>
          <reporter-output>
          </reporter-output>
        </test-method> <!-- hobbiesOptionsVisible -->
        <test-method status="PASS" signature="hobbiesOptionsVisible(java.lang.String)[pri:0, instance:testScripts.Motorcycle.EnterProductData@55d56113]" name="hobbiesOptionsVisible" duration-ms="138" started-at="2020-08-22T13:31:33Z" data-provider="insuranceSumOptions" finished-at="2020-08-22T13:31:33Z">
          <params>
            <param index="0">
              <value>
                <![CDATA[25.000.000,00]]>
              </value>
            </param>
          </params>
          <reporter-output>
          </reporter-output>
        </test-method> <!-- hobbiesOptionsVisible -->
        <test-method status="PASS" signature="hobbiesOptionsVisible(java.lang.String)[pri:0, instance:testScripts.Motorcycle.EnterProductData@55d56113]" name="hobbiesOptionsVisible" duration-ms="139" started-at="2020-08-22T13:31:33Z" data-provider="insuranceSumOptions" finished-at="2020-08-22T13:31:33Z">
          <params>
            <param index="0">
              <value>
                <![CDATA[30.000.000,00]]>
              </value>
            </param>
          </params>
          <reporter-output>
          </reporter-output>
        </test-method> <!-- hobbiesOptionsVisible -->
        <test-method status="PASS" signature="hobbiesOptionsVisible(java.lang.String)[pri:0, instance:testScripts.Motorcycle.EnterProductData@55d56113]" name="hobbiesOptionsVisible" duration-ms="142" started-at="2020-08-22T13:31:33Z" data-provider="insuranceSumOptions" finished-at="2020-08-22T13:31:33Z">
          <params>
            <param index="0">
              <value>
                <![CDATA[35.000.000,00]]>
              </value>
            </param>
          </params>
          <reporter-output>
          </reporter-output>
        </test-method> <!-- hobbiesOptionsVisible -->
        <test-method status="PASS" signature="isCalendarButtonClickable()[pri:0, instance:testScripts.Motorcycle.EnterProductData@55d56113]" name="isCalendarButtonClickable" duration-ms="90" started-at="2020-08-22T13:31:33Z" finished-at="2020-08-22T13:31:33Z">
          <reporter-output>
          </reporter-output>
        </test-method> <!-- isCalendarButtonClickable -->
        <test-method status="PASS" signature="isDamageInsuranceDropDownVisible()[pri:0, instance:testScripts.Motorcycle.EnterProductData@55d56113]" name="isDamageInsuranceDropDownVisible" duration-ms="21" started-at="2020-08-22T13:31:33Z" finished-at="2020-08-22T13:31:33Z">
          <reporter-output>
          </reporter-output>
        </test-method> <!-- isDamageInsuranceDropDownVisible -->
        <test-method status="PASS" signature="isInsuranceSumDropDownVisible()[pri:0, instance:testScripts.Motorcycle.EnterProductData@55d56113]" name="isInsuranceSumDropDownVisible" duration-ms="17" started-at="2020-08-22T13:31:33Z" finished-at="2020-08-22T13:31:33Z">
          <reporter-output>
          </reporter-output>
        </test-method> <!-- isInsuranceSumDropDownVisible -->
        <test-method status="PASS" signature="isInsuranceSumLabelVisible()[pri:0, instance:testScripts.Motorcycle.EnterProductData@55d56113]" name="isInsuranceSumLabelVisible" duration-ms="14" started-at="2020-08-22T13:31:33Z" finished-at="2020-08-22T13:31:33Z">
          <reporter-output>
          </reporter-output>
        </test-method> <!-- isInsuranceSumLabelVisible -->
        <test-method status="PASS" signature="isNextButtonVisible()[pri:0, instance:testScripts.Motorcycle.EnterProductData@55d56113]" name="isNextButtonVisible" duration-ms="16" started-at="2020-08-22T13:31:33Z" finished-at="2020-08-22T13:31:33Z">
          <reporter-output>
          </reporter-output>
        </test-method> <!-- isNextButtonVisible -->
        <test-method status="PASS" signature="isOptionalProductTextBoxVisible()[pri:0, instance:testScripts.Motorcycle.EnterProductData@55d56113]" name="isOptionalProductTextBoxVisible" duration-ms="18" started-at="2020-08-22T13:31:33Z" finished-at="2020-08-22T13:31:33Z">
          <reporter-output>
          </reporter-output>
        </test-method> <!-- isOptionalProductTextBoxVisible -->
        <test-method status="PASS" signature="isOptionalProductsLabelVisible()[pri:0, instance:testScripts.Motorcycle.EnterProductData@55d56113]" name="isOptionalProductsLabelVisible" duration-ms="16" started-at="2020-08-22T13:31:33Z" finished-at="2020-08-22T13:31:33Z">
          <reporter-output>
          </reporter-output>
        </test-method> <!-- isOptionalProductsLabelVisible -->
        <test-method status="PASS" signature="isPrevButtonVisible()[pri:0, instance:testScripts.Motorcycle.EnterProductData@55d56113]" name="isPrevButtonVisible" duration-ms="20" started-at="2020-08-22T13:31:33Z" finished-at="2020-08-22T13:31:33Z">
          <reporter-output>
          </reporter-output>
        </test-method> <!-- isPrevButtonVisible -->
        <test-method status="PASS" signature="isStartDateLabelVisible()[pri:0, instance:testScripts.Motorcycle.EnterProductData@55d56113]" name="isStartDateLabelVisible" duration-ms="27" started-at="2020-08-22T13:31:33Z" finished-at="2020-08-22T13:31:33Z">
          <reporter-output>
          </reporter-output>
        </test-method> <!-- isStartDateLabelVisible -->
        <test-method status="PASS" signature="isStartDateTextBoxVisible()[pri:0, instance:testScripts.Motorcycle.EnterProductData@55d56113]" name="isStartDateTextBoxVisible" duration-ms="25" started-at="2020-08-22T13:31:33Z" finished-at="2020-08-22T13:31:33Z">
          <reporter-output>
          </reporter-output>
        </test-method> <!-- isStartDateTextBoxVisible -->
        <test-method status="PASS" signature="validDamageInsuranceDropDownSelection()[pri:0, instance:testScripts.Motorcycle.EnterProductData@55d56113]" name="validDamageInsuranceDropDownSelection" duration-ms="96" started-at="2020-08-22T13:31:33Z" finished-at="2020-08-22T13:31:34Z">
          <reporter-output>
          </reporter-output>
        </test-method> <!-- validDamageInsuranceDropDownSelection -->
        <test-method status="PASS" signature="validInsuranceDropDown()[pri:0, instance:testScripts.Motorcycle.EnterProductData@55d56113]" name="validInsuranceDropDown" duration-ms="91" started-at="2020-08-22T13:31:34Z" finished-at="2020-08-22T13:31:34Z">
          <reporter-output>
          </reporter-output>
        </test-method> <!-- validInsuranceDropDown -->
        <test-method status="PASS" signature="validStartDateText(java.lang.String)[pri:0, instance:testScripts.Motorcycle.EnterProductData@55d56113]" name="validStartDateText" duration-ms="260" started-at="2020-08-22T13:31:34Z" data-provider="startDateValid" finished-at="2020-08-22T13:31:34Z">
          <params>
            <param index="0">
              <value>
                <![CDATA[12/30/2020]]>
              </value>
            </param>
          </params>
          <reporter-output>
          </reporter-output>
        </test-method> <!-- validStartDateText -->
        <test-method status="PASS" signature="verifyNextButtonText()[pri:0, instance:testScripts.Motorcycle.EnterProductData@55d56113]" name="verifyNextButtonText" duration-ms="32" started-at="2020-08-22T13:31:34Z" finished-at="2020-08-22T13:31:34Z">
          <reporter-output>
          </reporter-output>
        </test-method> <!-- verifyNextButtonText -->
        <test-method status="PASS" signature="verifyOnClickPrevButton()[pri:0, instance:testScripts.Motorcycle.EnterProductData@55d56113]" name="verifyOnClickPrevButton" duration-ms="202" started-at="2020-08-22T13:31:34Z" finished-at="2020-08-22T13:31:34Z">
          <reporter-output>
          </reporter-output>
        </test-method> <!-- verifyOnClickPrevButton -->
        <test-method status="PASS" signature="verifyPrevButtonText()[pri:0, instance:testScripts.Motorcycle.EnterProductData@55d56113]" name="verifyPrevButtonText" duration-ms="45" started-at="2020-08-22T13:31:34Z" finished-at="2020-08-22T13:31:34Z">
          <reporter-output>
          </reporter-output>
        </test-method> <!-- verifyPrevButtonText -->
      </class> <!-- testScripts.Motorcycle.EnterProductData -->
      <class name="testScripts.Motorcycle.EnterVehicleData">
        <test-method status="PASS" signature="initialize()[pri:0, instance:testScripts.Motorcycle.EnterVehicleData@64bfbc86]" name="initialize" is-config="true" duration-ms="15" started-at="2020-08-22T13:24:47Z" finished-at="2020-08-22T13:24:47Z">
          <reporter-output>
          </reporter-output>
        </test-method> <!-- initialize -->
        <test-method status="PASS" signature="launchBrowser(java.lang.String)[pri:0, instance:testScripts.Motorcycle.EnterVehicleData@64bfbc86]" name="launchBrowser" is-config="true" duration-ms="37869" started-at="2020-08-22T13:27:38Z" finished-at="2020-08-22T13:28:16Z">
          <params>
            <param index="0">
              <value>
                <![CDATA[Chrome]]>
              </value>
            </param>
          </params>
          <reporter-output>
          </reporter-output>
        </test-method> <!-- launchBrowser -->
        <test-method status="PASS" signature="verifyAnnualMileageSelection()[pri:0, instance:testScripts.Motorcycle.EnterVehicleData@64bfbc86]" name="verifyAnnualMileageSelection" duration-ms="861" started-at="2020-08-22T13:28:16Z" finished-at="2020-08-22T13:28:17Z">
          <reporter-output>
          </reporter-output>
        </test-method> <!-- verifyAnnualMileageSelection -->
        <test-method status="PASS" signature="verifyCylinderCapacitySelection()[pri:0, instance:testScripts.Motorcycle.EnterVehicleData@64bfbc86]" name="verifyCylinderCapacitySelection" duration-ms="606" started-at="2020-08-22T13:28:17Z" finished-at="2020-08-22T13:28:18Z">
          <reporter-output>
          </reporter-output>
        </test-method> <!-- verifyCylinderCapacitySelection -->
        <test-method status="PASS" signature="verifyDateOfmanufacture()[pri:0, instance:testScripts.Motorcycle.EnterVehicleData@64bfbc86]" name="verifyDateOfmanufacture" duration-ms="495" started-at="2020-08-22T13:28:18Z" finished-at="2020-08-22T13:28:18Z">
          <reporter-output>
          </reporter-output>
        </test-method> <!-- verifyDateOfmanufacture -->
        <test-method status="PASS" signature="verifyEnginePerformanceSelection()[pri:0, instance:testScripts.Motorcycle.EnterVehicleData@64bfbc86]" name="verifyEnginePerformanceSelection" duration-ms="591" started-at="2020-08-22T13:28:18Z" finished-at="2020-08-22T13:28:19Z">
          <reporter-output>
          </reporter-output>
        </test-method> <!-- verifyEnginePerformanceSelection -->
        <test-method status="PASS" signature="verifyIsAnnualMileageVisible()[pri:0, instance:testScripts.Motorcycle.EnterVehicleData@64bfbc86]" name="verifyIsAnnualMileageVisible" duration-ms="14" started-at="2020-08-22T13:28:19Z" finished-at="2020-08-22T13:28:19Z">
          <reporter-output>
          </reporter-output>
        </test-method> <!-- verifyIsAnnualMileageVisible -->
        <test-method status="PASS" signature="verifyIsAnnualMileagetext()[pri:0, instance:testScripts.Motorcycle.EnterVehicleData@64bfbc86]" name="verifyIsAnnualMileagetext" duration-ms="30" started-at="2020-08-22T13:28:19Z" finished-at="2020-08-22T13:28:19Z">
          <reporter-output>
          </reporter-output>
        </test-method> <!-- verifyIsAnnualMileagetext -->
        <test-method status="PASS" signature="verifyIsCylinderCapacityVisible()[pri:0, instance:testScripts.Motorcycle.EnterVehicleData@64bfbc86]" name="verifyIsCylinderCapacityVisible" duration-ms="16" started-at="2020-08-22T13:28:19Z" finished-at="2020-08-22T13:28:19Z">
          <reporter-output>
          </reporter-output>
        </test-method> <!-- verifyIsCylinderCapacityVisible -->
        <test-method status="PASS" signature="verifyIsCylinderCapacitytext()[pri:0, instance:testScripts.Motorcycle.EnterVehicleData@64bfbc86]" name="verifyIsCylinderCapacitytext" duration-ms="30" started-at="2020-08-22T13:28:19Z" finished-at="2020-08-22T13:28:19Z">
          <reporter-output>
          </reporter-output>
        </test-method> <!-- verifyIsCylinderCapacitytext -->
        <test-method status="PASS" signature="verifyIsDateOfManufacturetext()[pri:0, instance:testScripts.Motorcycle.EnterVehicleData@64bfbc86]" name="verifyIsDateOfManufacturetext" duration-ms="29" started-at="2020-08-22T13:28:19Z" finished-at="2020-08-22T13:28:19Z">
          <reporter-output>
          </reporter-output>
        </test-method> <!-- verifyIsDateOfManufacturetext -->
        <test-method status="PASS" signature="verifyIsEnginePerformanceVisible()[pri:0, instance:testScripts.Motorcycle.EnterVehicleData@64bfbc86]" name="verifyIsEnginePerformanceVisible" duration-ms="20" started-at="2020-08-22T13:28:19Z" finished-at="2020-08-22T13:28:19Z">
          <reporter-output>
          </reporter-output>
        </test-method> <!-- verifyIsEnginePerformanceVisible -->
        <test-method status="PASS" signature="verifyIsEnginePerformancetext()[pri:0, instance:testScripts.Motorcycle.EnterVehicleData@64bfbc86]" name="verifyIsEnginePerformancetext" duration-ms="32" started-at="2020-08-22T13:28:19Z" finished-at="2020-08-22T13:28:19Z">
          <reporter-output>
          </reporter-output>
        </test-method> <!-- verifyIsEnginePerformancetext -->
        <test-method status="PASS" signature="verifyIsListPriceVisible()[pri:0, instance:testScripts.Motorcycle.EnterVehicleData@64bfbc86]" name="verifyIsListPriceVisible" duration-ms="14" started-at="2020-08-22T13:28:19Z" finished-at="2020-08-22T13:28:19Z">
          <reporter-output>
          </reporter-output>
        </test-method> <!-- verifyIsListPriceVisible -->
        <test-method status="PASS" signature="verifyIsListpricetext()[pri:0, instance:testScripts.Motorcycle.EnterVehicleData@64bfbc86]" name="verifyIsListpricetext" duration-ms="31" started-at="2020-08-22T13:28:19Z" finished-at="2020-08-22T13:28:19Z">
          <reporter-output>
          </reporter-output>
        </test-method> <!-- verifyIsListpricetext -->
        <test-method status="PASS" signature="verifyIsMakeVisible()[pri:0, instance:testScripts.Motorcycle.EnterVehicleData@64bfbc86]" name="verifyIsMakeVisible" duration-ms="17" started-at="2020-08-22T13:28:19Z" finished-at="2020-08-22T13:28:19Z">
          <reporter-output>
          </reporter-output>
        </test-method> <!-- verifyIsMakeVisible -->
        <test-method status="PASS" signature="verifyIsMaketext()[pri:0, instance:testScripts.Motorcycle.EnterVehicleData@64bfbc86]" name="verifyIsMaketext" duration-ms="34" started-at="2020-08-22T13:28:19Z" finished-at="2020-08-22T13:28:19Z">
          <reporter-output>
          </reporter-output>
        </test-method> <!-- verifyIsMaketext -->
        <test-method status="PASS" signature="verifyIsModelVisible()[pri:0, instance:testScripts.Motorcycle.EnterVehicleData@64bfbc86]" name="verifyIsModelVisible" duration-ms="17" started-at="2020-08-22T13:28:19Z" finished-at="2020-08-22T13:28:19Z">
          <reporter-output>
          </reporter-output>
        </test-method> <!-- verifyIsModelVisible -->
        <test-method status="PASS" signature="verifyIsModeltext()[pri:0, instance:testScripts.Motorcycle.EnterVehicleData@64bfbc86]" name="verifyIsModeltext" duration-ms="27" started-at="2020-08-22T13:28:19Z" finished-at="2020-08-22T13:28:19Z">
          <reporter-output>
          </reporter-output>
        </test-method> <!-- verifyIsModeltext -->
        <test-method status="PASS" signature="verifyIsNextButtonVisible()[pri:0, instance:testScripts.Motorcycle.EnterVehicleData@64bfbc86]" name="verifyIsNextButtonVisible" duration-ms="15" started-at="2020-08-22T13:28:19Z" finished-at="2020-08-22T13:28:19Z">
          <reporter-output>
          </reporter-output>
        </test-method> <!-- verifyIsNextButtonVisible -->
        <test-method status="PASS" signature="verifyIsNextButtontext()[pri:0, instance:testScripts.Motorcycle.EnterVehicleData@64bfbc86]" name="verifyIsNextButtontext" duration-ms="29" started-at="2020-08-22T13:28:19Z" finished-at="2020-08-22T13:28:19Z">
          <reporter-output>
          </reporter-output>
        </test-method> <!-- verifyIsNextButtontext -->
        <test-method status="PASS" signature="verifyIsNumberOfSeatsVisible()[pri:0, instance:testScripts.Motorcycle.EnterVehicleData@64bfbc86]" name="verifyIsNumberOfSeatsVisible" duration-ms="13" started-at="2020-08-22T13:28:19Z" finished-at="2020-08-22T13:28:19Z">
          <reporter-output>
          </reporter-output>
        </test-method> <!-- verifyIsNumberOfSeatsVisible -->
        <test-method status="PASS" signature="verifyIsNumberofSeatstext()[pri:0, instance:testScripts.Motorcycle.EnterVehicleData@64bfbc86]" name="verifyIsNumberofSeatstext" duration-ms="27" started-at="2020-08-22T13:28:19Z" finished-at="2020-08-22T13:28:19Z">
          <reporter-output>
          </reporter-output>
        </test-method> <!-- verifyIsNumberofSeatstext -->
        <test-method status="PASS" signature="verifyIsOpenDateOfCalenderButtonVisible()[pri:0, instance:testScripts.Motorcycle.EnterVehicleData@64bfbc86]" name="verifyIsOpenDateOfCalenderButtonVisible" duration-ms="15" started-at="2020-08-22T13:28:19Z" finished-at="2020-08-22T13:28:19Z">
          <reporter-output>
          </reporter-output>
        </test-method> <!-- verifyIsOpenDateOfCalenderButtonVisible -->
        <test-method status="PASS" signature="verifyIsOpenNextButtonVisible()[pri:0, instance:testScripts.Motorcycle.EnterVehicleData@64bfbc86]" name="verifyIsOpenNextButtonVisible" duration-ms="19" started-at="2020-08-22T13:28:19Z" finished-at="2020-08-22T13:28:19Z">
          <reporter-output>
          </reporter-output>
        </test-method> <!-- verifyIsOpenNextButtonVisible -->
        <test-method status="PASS" signature="verifyIsOpenPrevButtonVisible()[pri:0, instance:testScripts.Motorcycle.EnterVehicleData@64bfbc86]" name="verifyIsOpenPrevButtonVisible" duration-ms="14" started-at="2020-08-22T13:28:19Z" finished-at="2020-08-22T13:28:19Z">
          <reporter-output>
          </reporter-output>
        </test-method> <!-- verifyIsOpenPrevButtonVisible -->
        <test-method status="PASS" signature="verifyIsSelectMakeMakerSelectable()[pri:0, instance:testScripts.Motorcycle.EnterVehicleData@64bfbc86]" name="verifyIsSelectMakeMakerSelectable" duration-ms="106" started-at="2020-08-22T13:28:19Z" finished-at="2020-08-22T13:28:19Z">
          <reporter-output>
          </reporter-output>
        </test-method> <!-- verifyIsSelectMakeMakerSelectable -->
        <test-method status="PASS" signature="verifyIsSelectModelMakerSelectable()[pri:0, instance:testScripts.Motorcycle.EnterVehicleData@64bfbc86]" name="verifyIsSelectModelMakerSelectable" duration-ms="100" started-at="2020-08-22T13:28:19Z" finished-at="2020-08-22T13:28:19Z">
          <reporter-output>
          </reporter-output>
        </test-method> <!-- verifyIsSelectModelMakerSelectable -->
        <test-method status="PASS" signature="verifyIsSelectnumberofseatsSelectable()[pri:0, instance:testScripts.Motorcycle.EnterVehicleData@64bfbc86]" name="verifyIsSelectnumberofseatsSelectable" duration-ms="96" started-at="2020-08-22T13:28:19Z" finished-at="2020-08-22T13:28:20Z">
          <reporter-output>
          </reporter-output>
        </test-method> <!-- verifyIsSelectnumberofseatsSelectable -->
        <test-method status="PASS" signature="verifyListPriceSelection()[pri:0, instance:testScripts.Motorcycle.EnterVehicleData@64bfbc86]" name="verifyListPriceSelection" duration-ms="817" started-at="2020-08-22T13:28:20Z" finished-at="2020-08-22T13:28:20Z">
          <reporter-output>
          </reporter-output>
        </test-method> <!-- verifyListPriceSelection -->
        <test-method status="PASS" signature="closeBrowser()[pri:0, instance:testScripts.Motorcycle.EnterVehicleData@64bfbc86]" name="closeBrowser" is-config="true" duration-ms="801" started-at="2020-08-22T13:31:50Z" finished-at="2020-08-22T13:31:50Z">
          <reporter-output>
          </reporter-output>
        </test-method> <!-- closeBrowser -->
        <test-method status="PASS" signature="tearDown()[pri:0, instance:testScripts.Motorcycle.EnterVehicleData@64bfbc86]" name="tearDown" is-config="true" duration-ms="0" started-at="2020-08-22T13:31:50Z" finished-at="2020-08-22T13:31:50Z">
          <reporter-output>
          </reporter-output>
        </test-method> <!-- tearDown -->
      </class> <!-- testScripts.Motorcycle.EnterVehicleData -->
      <class name="testScripts.Motorcycle.SelectPriceOption">
        <test-method status="PASS" signature="preClass()[pri:0, instance:testScripts.Motorcycle.SelectPriceOption@148080bb]" name="preClass" is-config="true" duration-ms="9902" started-at="2020-08-22T13:31:34Z" finished-at="2020-08-22T13:31:44Z">
          <reporter-output>
          </reporter-output>
        </test-method> <!-- preClass -->
        <test-method status="PASS" signature="verifyIsSelectpriceoptionVisible()[pri:0, instance:testScripts.Motorcycle.SelectPriceOption@148080bb]" name="verifyIsSelectpriceoptionVisible" duration-ms="251" started-at="2020-08-22T13:31:44Z" finished-at="2020-08-22T13:31:44Z">
          <reporter-output>
          </reporter-output>
        </test-method> <!-- verifyIsSelectpriceoptionVisible -->
      </class> <!-- testScripts.Motorcycle.SelectPriceOption -->
      <class name="testScripts.Motorcycle.SendQuote">
        <test-method status="PASS" signature="beforeProductData()[pri:0, instance:testScripts.Motorcycle.SendQuote@dc24521]" name="beforeProductData" is-config="true" duration-ms="3002" started-at="2020-08-22T13:31:45Z" finished-at="2020-08-22T13:31:48Z">
          <reporter-output>
          </reporter-output>
        </test-method> <!-- beforeProductData -->
        <test-method status="PASS" signature="verifyIsCommentsVisible()[pri:0, instance:testScripts.Motorcycle.SendQuote@dc24521]" name="verifyIsCommentsVisible" duration-ms="37" started-at="2020-08-22T13:31:48Z" finished-at="2020-08-22T13:31:48Z">
          <reporter-output>
          </reporter-output>
        </test-method> <!-- verifyIsCommentsVisible -->
        <test-method status="PASS" signature="verifyIsConfirmpasswordVisible()[pri:0, instance:testScripts.Motorcycle.SendQuote@dc24521]" name="verifyIsConfirmpasswordVisible" duration-ms="23" started-at="2020-08-22T13:31:48Z" finished-at="2020-08-22T13:31:48Z">
          <reporter-output>
          </reporter-output>
        </test-method> <!-- verifyIsConfirmpasswordVisible -->
        <test-method status="PASS" signature="verifyIsEmailVisible()[pri:0, instance:testScripts.Motorcycle.SendQuote@dc24521]" name="verifyIsEmailVisible" duration-ms="14" started-at="2020-08-22T13:31:48Z" finished-at="2020-08-22T13:31:48Z">
          <reporter-output>
          </reporter-output>
        </test-method> <!-- verifyIsEmailVisible -->
        <test-method status="PASS" signature="verifyIsMainpageVisible()[pri:0, instance:testScripts.Motorcycle.SendQuote@dc24521]" name="verifyIsMainpageVisible" duration-ms="15" started-at="2020-08-22T13:31:48Z" finished-at="2020-08-22T13:31:48Z">
          <reporter-output>
          </reporter-output>
        </test-method> <!-- verifyIsMainpageVisible -->
        <test-method status="PASS" signature="verifyIsNewautomobileinsuranceVisible()[pri:0, instance:testScripts.Motorcycle.SendQuote@dc24521]" name="verifyIsNewautomobileinsuranceVisible" duration-ms="14" started-at="2020-08-22T13:31:48Z" finished-at="2020-08-22T13:31:48Z">
          <reporter-output>
          </reporter-output>
        </test-method> <!-- verifyIsNewautomobileinsuranceVisible -->
        <test-method status="PASS" signature="verifyIsNewcamperinsuranceVisible()[pri:0, instance:testScripts.Motorcycle.SendQuote@dc24521]" name="verifyIsNewcamperinsuranceVisible" duration-ms="12" started-at="2020-08-22T13:31:48Z" finished-at="2020-08-22T13:31:48Z">
          <reporter-output>
          </reporter-output>
        </test-method> <!-- verifyIsNewcamperinsuranceVisible -->
        <test-method status="PASS" signature="verifyIsNewtruckinsuranceVisible()[pri:0, instance:testScripts.Motorcycle.SendQuote@dc24521]" name="verifyIsNewtruckinsuranceVisible" duration-ms="14" started-at="2020-08-22T13:31:48Z" finished-at="2020-08-22T13:31:48Z">
          <reporter-output>
          </reporter-output>
        </test-method> <!-- verifyIsNewtruckinsuranceVisible -->
        <test-method status="PASS" signature="verifyIsPasswordVisible()[pri:0, instance:testScripts.Motorcycle.SendQuote@dc24521]" name="verifyIsPasswordVisible" duration-ms="14" started-at="2020-08-22T13:31:48Z" finished-at="2020-08-22T13:31:48Z">
          <reporter-output>
          </reporter-output>
        </test-method> <!-- verifyIsPasswordVisible -->
        <test-method status="PASS" signature="verifyIsPhoneVisible()[pri:0, instance:testScripts.Motorcycle.SendQuote@dc24521]" name="verifyIsPhoneVisible" duration-ms="15" started-at="2020-08-22T13:31:48Z" finished-at="2020-08-22T13:31:48Z">
          <reporter-output>
          </reporter-output>
        </test-method> <!-- verifyIsPhoneVisible -->
        <test-method status="PASS" signature="verifyIsPrevVisible()[pri:0, instance:testScripts.Motorcycle.SendQuote@dc24521]" name="verifyIsPrevVisible" duration-ms="14" started-at="2020-08-22T13:31:48Z" finished-at="2020-08-22T13:31:48Z">
          <reporter-output>
          </reporter-output>
        </test-method> <!-- verifyIsPrevVisible -->
        <test-method status="PASS" signature="verifyIsSendemailVisible()[pri:0, instance:testScripts.Motorcycle.SendQuote@dc24521]" name="verifyIsSendemailVisible" duration-ms="15" started-at="2020-08-22T13:31:48Z" finished-at="2020-08-22T13:31:48Z">
          <reporter-output>
          </reporter-output>
        </test-method> <!-- verifyIsSendemailVisible -->
        <test-method status="PASS" signature="verifyIsUsernameVisible()[pri:0, instance:testScripts.Motorcycle.SendQuote@dc24521]" name="verifyIsUsernameVisible" duration-ms="15" started-at="2020-08-22T13:31:48Z" finished-at="2020-08-22T13:31:48Z">
          <reporter-output>
          </reporter-output>
        </test-method> <!-- verifyIsUsernameVisible -->
      </class> <!-- testScripts.Motorcycle.SendQuote -->
      <class name="testScripts.Motorcycle.EnterInsuranceData">
        <test-method status="PASS" signature="navigateToEnterInsuranceData()[pri:0, instance:testScripts.Motorcycle.EnterInsuranceData@64bf3bbf]" name="navigateToEnterInsuranceData" is-config="true" duration-ms="102" started-at="2020-08-22T13:28:20Z" finished-at="2020-08-22T13:28:20Z">
          <reporter-output>
          </reporter-output>
        </test-method> <!-- navigateToEnterInsuranceData -->
        <test-method status="PASS" signature="hobbiesOptionsVisible(java.lang.String)[pri:0, instance:testScripts.Motorcycle.EnterInsuranceData@64bf3bbf]" name="hobbiesOptionsVisible" duration-ms="15" started-at="2020-08-22T13:28:21Z" data-provider="hobbiesOptions" finished-at="2020-08-22T13:28:21Z">
          <params>
            <param index="0">
              <value>
                <![CDATA[ Speeding]]>
              </value>
            </param>
          </params>
          <reporter-output>
          </reporter-output>
        </test-method> <!-- hobbiesOptionsVisible -->
        <test-method status="PASS" signature="hobbiesOptionsVisible(java.lang.String)[pri:0, instance:testScripts.Motorcycle.EnterInsuranceData@64bf3bbf]" name="hobbiesOptionsVisible" duration-ms="15" started-at="2020-08-22T13:28:21Z" data-provider="hobbiesOptions" finished-at="2020-08-22T13:28:21Z">
          <params>
            <param index="0">
              <value>
                <![CDATA[ Bungee Jumping]]>
              </value>
            </param>
          </params>
          <reporter-output>
          </reporter-output>
        </test-method> <!-- hobbiesOptionsVisible -->
        <test-method status="PASS" signature="hobbiesOptionsVisible(java.lang.String)[pri:0, instance:testScripts.Motorcycle.EnterInsuranceData@64bf3bbf]" name="hobbiesOptionsVisible" duration-ms="14" started-at="2020-08-22T13:28:21Z" data-provider="hobbiesOptions" finished-at="2020-08-22T13:28:21Z">
          <params>
            <param index="0">
              <value>
                <![CDATA[ Cliff Diving]]>
              </value>
            </param>
          </params>
          <reporter-output>
          </reporter-output>
        </test-method> <!-- hobbiesOptionsVisible -->
        <test-method status="PASS" signature="hobbiesOptionsVisible(java.lang.String)[pri:0, instance:testScripts.Motorcycle.EnterInsuranceData@64bf3bbf]" name="hobbiesOptionsVisible" duration-ms="13" started-at="2020-08-22T13:28:21Z" data-provider="hobbiesOptions" finished-at="2020-08-22T13:28:21Z">
          <params>
            <param index="0">
              <value>
                <![CDATA[ Skydiving]]>
              </value>
            </param>
          </params>
          <reporter-output>
          </reporter-output>
        </test-method> <!-- hobbiesOptionsVisible -->
        <test-method status="PASS" signature="hobbiesOptionsVisible(java.lang.String)[pri:0, instance:testScripts.Motorcycle.EnterInsuranceData@64bf3bbf]" name="hobbiesOptionsVisible" duration-ms="15" started-at="2020-08-22T13:28:21Z" data-provider="hobbiesOptions" finished-at="2020-08-22T13:28:21Z">
          <params>
            <param index="0">
              <value>
                <![CDATA[ Other]]>
              </value>
            </param>
          </params>
          <reporter-output>
          </reporter-output>
        </test-method> <!-- hobbiesOptionsVisible -->
        <test-method status="PASS" signature="invalidFirstName(java.lang.String)[pri:0, instance:testScripts.Motorcycle.EnterInsuranceData@64bf3bbf]" name="invalidFirstName" duration-ms="10204" started-at="2020-08-22T13:28:21Z" data-provider="invalidNames" finished-at="2020-08-22T13:28:32Z">
          <params>
            <param index="0">
              <value>
                <![CDATA[a]]>
              </value>
            </param>
          </params>
          <reporter-output>
          </reporter-output>
        </test-method> <!-- invalidFirstName -->
        <test-method status="PASS" signature="invalidFirstName(java.lang.String)[pri:0, instance:testScripts.Motorcycle.EnterInsuranceData@64bf3bbf]" name="invalidFirstName" duration-ms="10237" started-at="2020-08-22T13:28:32Z" data-provider="invalidNames" finished-at="2020-08-22T13:28:42Z">
          <params>
            <param index="0">
              <value>
                <![CDATA[2341aa]]>
              </value>
            </param>
          </params>
          <reporter-output>
          </reporter-output>
        </test-method> <!-- invalidFirstName -->
        <test-method status="PASS" signature="invalidFirstName(java.lang.String)[pri:0, instance:testScripts.Motorcycle.EnterInsuranceData@64bf3bbf]" name="invalidFirstName" duration-ms="10231" started-at="2020-08-22T13:28:42Z" data-provider="invalidNames" finished-at="2020-08-22T13:28:52Z">
          <params>
            <param index="0">
              <value>
                <![CDATA[test123]]>
              </value>
            </param>
          </params>
          <reporter-output>
          </reporter-output>
        </test-method> <!-- invalidFirstName -->
        <test-method status="PASS" signature="invalidFirstName(java.lang.String)[pri:0, instance:testScripts.Motorcycle.EnterInsuranceData@64bf3bbf]" name="invalidFirstName" duration-ms="10238" started-at="2020-08-22T13:28:52Z" data-provider="invalidNames" finished-at="2020-08-22T13:29:02Z">
          <params>
            <param index="0">
              <value>
                <![CDATA[test*()]]>
              </value>
            </param>
          </params>
          <reporter-output>
          </reporter-output>
        </test-method> <!-- invalidFirstName -->
        <test-method status="PASS" signature="invalidLastName(java.lang.String)[pri:0, instance:testScripts.Motorcycle.EnterInsuranceData@64bf3bbf]" name="invalidLastName" duration-ms="10194" started-at="2020-08-22T13:29:02Z" data-provider="invalidNames" finished-at="2020-08-22T13:29:13Z">
          <params>
            <param index="0">
              <value>
                <![CDATA[a]]>
              </value>
            </param>
          </params>
          <reporter-output>
          </reporter-output>
        </test-method> <!-- invalidLastName -->
        <test-method status="PASS" signature="invalidLastName(java.lang.String)[pri:0, instance:testScripts.Motorcycle.EnterInsuranceData@64bf3bbf]" name="invalidLastName" duration-ms="10221" started-at="2020-08-22T13:29:13Z" data-provider="invalidNames" finished-at="2020-08-22T13:29:23Z">
          <params>
            <param index="0">
              <value>
                <![CDATA[2341aa]]>
              </value>
            </param>
          </params>
          <reporter-output>
          </reporter-output>
        </test-method> <!-- invalidLastName -->
        <test-method status="PASS" signature="invalidLastName(java.lang.String)[pri:0, instance:testScripts.Motorcycle.EnterInsuranceData@64bf3bbf]" name="invalidLastName" duration-ms="10223" started-at="2020-08-22T13:29:23Z" data-provider="invalidNames" finished-at="2020-08-22T13:29:33Z">
          <params>
            <param index="0">
              <value>
                <![CDATA[test123]]>
              </value>
            </param>
          </params>
          <reporter-output>
          </reporter-output>
        </test-method> <!-- invalidLastName -->
        <test-method status="PASS" signature="invalidLastName(java.lang.String)[pri:0, instance:testScripts.Motorcycle.EnterInsuranceData@64bf3bbf]" name="invalidLastName" duration-ms="10247" started-at="2020-08-22T13:29:33Z" data-provider="invalidNames" finished-at="2020-08-22T13:29:43Z">
          <params>
            <param index="0">
              <value>
                <![CDATA[test*()]]>
              </value>
            </param>
          </params>
          <reporter-output>
          </reporter-output>
        </test-method> <!-- invalidLastName -->
        <test-method status="PASS" signature="invalidWebsitentry(java.lang.String)[pri:0, instance:testScripts.Motorcycle.EnterInsuranceData@64bf3bbf]" name="invalidWebsitentry" duration-ms="10241" started-at="2020-08-22T13:29:43Z" data-provider="invalidWebsiteTestData" finished-at="2020-08-22T13:29:54Z">
          <params>
            <param index="0">
              <value>
                <![CDATA[a.x]]>
              </value>
            </param>
          </params>
          <reporter-output>
          </reporter-output>
        </test-method> <!-- invalidWebsitentry -->
        <test-method status="PASS" signature="invalidWebsitentry(java.lang.String)[pri:0, instance:testScripts.Motorcycle.EnterInsuranceData@64bf3bbf]" name="invalidWebsitentry" duration-ms="10216" started-at="2020-08-22T13:29:54Z" data-provider="invalidWebsiteTestData" finished-at="2020-08-22T13:30:04Z">
          <params>
            <param index="0">
              <value>
                <![CDATA[abvc]]>
              </value>
            </param>
          </params>
          <reporter-output>
          </reporter-output>
        </test-method> <!-- invalidWebsitentry -->
        <test-method status="PASS" signature="invalidWebsitentry(java.lang.String)[pri:0, instance:testScripts.Motorcycle.EnterInsuranceData@64bf3bbf]" name="invalidWebsitentry" duration-ms="10230" started-at="2020-08-22T13:30:04Z" data-provider="invalidWebsiteTestData" finished-at="2020-08-22T13:30:14Z">
          <params>
            <param index="0">
              <value>
                <![CDATA[***.com]]>
              </value>
            </param>
          </params>
          <reporter-output>
          </reporter-output>
        </test-method> <!-- invalidWebsitentry -->
        <test-method status="PASS" signature="invalidWebsitentry(java.lang.String)[pri:0, instance:testScripts.Motorcycle.EnterInsuranceData@64bf3bbf]" name="invalidWebsitentry" duration-ms="10159" started-at="2020-08-22T13:30:14Z" data-provider="invalidWebsiteTestData" finished-at="2020-08-22T13:30:24Z">
          <params>
            <param index="0">
              <value>
                <![CDATA[ ]]>
              </value>
            </param>
          </params>
          <reporter-output>
          </reporter-output>
        </test-method> <!-- invalidWebsitentry -->
        <test-method status="PASS" signature="invalidWebsitentry(java.lang.String)[pri:0, instance:testScripts.Motorcycle.EnterInsuranceData@64bf3bbf]" name="invalidWebsitentry" duration-ms="10226" started-at="2020-08-22T13:30:24Z" data-provider="invalidWebsiteTestData" finished-at="2020-08-22T13:30:35Z">
          <params>
            <param index="0">
              <value>
                <![CDATA[12.d]]>
              </value>
            </param>
          </params>
          <reporter-output>
          </reporter-output>
        </test-method> <!-- invalidWebsitentry -->
        <test-method status="PASS" signature="invalidZipCode(java.lang.String)[pri:0, instance:testScripts.Motorcycle.EnterInsuranceData@64bf3bbf]" name="invalidZipCode" duration-ms="10232" started-at="2020-08-22T13:30:35Z" data-provider="invalidZipCodeEntry" finished-at="2020-08-22T13:30:45Z">
          <params>
            <param index="0">
              <value>
                <![CDATA[333]]>
              </value>
            </param>
          </params>
          <reporter-output>
          </reporter-output>
        </test-method> <!-- invalidZipCode -->
        <test-method status="PASS" signature="invalidZipCode(java.lang.String)[pri:0, instance:testScripts.Motorcycle.EnterInsuranceData@64bf3bbf]" name="invalidZipCode" duration-ms="10210" started-at="2020-08-22T13:30:45Z" data-provider="invalidZipCodeEntry" finished-at="2020-08-22T13:30:55Z">
          <params>
            <param index="0">
              <value>
                <![CDATA[888888889]]>
              </value>
            </param>
          </params>
          <reporter-output>
          </reporter-output>
        </test-method> <!-- invalidZipCode -->
        <test-method status="PASS" signature="invalidZipCode(java.lang.String)[pri:0, instance:testScripts.Motorcycle.EnterInsuranceData@64bf3bbf]" name="invalidZipCode" duration-ms="10177" started-at="2020-08-22T13:30:55Z" data-provider="invalidZipCodeEntry" finished-at="2020-08-22T13:31:05Z">
          <params>
            <param index="0">
              <value>
                <![CDATA[abcd]]>
              </value>
            </param>
          </params>
          <reporter-output>
          </reporter-output>
        </test-method> <!-- invalidZipCode -->
        <test-method status="PASS" signature="invalidZipCode(java.lang.String)[pri:0, instance:testScripts.Motorcycle.EnterInsuranceData@64bf3bbf]" name="invalidZipCode" duration-ms="10193" started-at="2020-08-22T13:31:05Z" data-provider="invalidZipCodeEntry" finished-at="2020-08-22T13:31:15Z">
          <params>
            <param index="0">
              <value>
                <![CDATA[122()]]>
              </value>
            </param>
          </params>
          <reporter-output>
          </reporter-output>
        </test-method> <!-- invalidZipCode -->
        <test-method status="PASS" signature="isHobbiesCheckBoxVisible()[pri:0, instance:testScripts.Motorcycle.EnterInsuranceData@64bf3bbf]" name="isHobbiesCheckBoxVisible" duration-ms="32" started-at="2020-08-22T13:31:15Z" finished-at="2020-08-22T13:31:15Z">
          <reporter-output>
          </reporter-output>
        </test-method> <!-- isHobbiesCheckBoxVisible -->
        <test-method status="PASS" signature="isHobbiesLabelVisible()[pri:0, instance:testScripts.Motorcycle.EnterInsuranceData@64bf3bbf]" name="isHobbiesLabelVisible" duration-ms="21" started-at="2020-08-22T13:31:15Z" finished-at="2020-08-22T13:31:15Z">
          <reporter-output>
          </reporter-output>
        </test-method> <!-- isHobbiesLabelVisible -->
        <test-method status="PASS" signature="isNextButtonVisible()[pri:0, instance:testScripts.Motorcycle.EnterInsuranceData@64bf3bbf]" name="isNextButtonVisible" duration-ms="15" started-at="2020-08-22T13:31:15Z" finished-at="2020-08-22T13:31:15Z">
          <reporter-output>
          </reporter-output>
        </test-method> <!-- isNextButtonVisible -->
        <test-method status="PASS" signature="isPictureLabelVisible()[pri:0, instance:testScripts.Motorcycle.EnterInsuranceData@64bf3bbf]" name="isPictureLabelVisible" duration-ms="14" started-at="2020-08-22T13:31:15Z" finished-at="2020-08-22T13:31:15Z">
          <reporter-output>
          </reporter-output>
        </test-method> <!-- isPictureLabelVisible -->
        <test-method status="PASS" signature="isPrevButtonVisible()[pri:0, instance:testScripts.Motorcycle.EnterInsuranceData@64bf3bbf]" name="isPrevButtonVisible" duration-ms="13" started-at="2020-08-22T13:31:15Z" finished-at="2020-08-22T13:31:15Z">
          <reporter-output>
          </reporter-output>
        </test-method> <!-- isPrevButtonVisible -->
        <test-method status="PASS" signature="isWebsiteLabelVisible()[pri:0, instance:testScripts.Motorcycle.EnterInsuranceData@64bf3bbf]" name="isWebsiteLabelVisible" duration-ms="17" started-at="2020-08-22T13:31:15Z" finished-at="2020-08-22T13:31:16Z">
          <reporter-output>
          </reporter-output>
        </test-method> <!-- isWebsiteLabelVisible -->
        <test-method status="PASS" signature="isWebsiteTextBoxVisible()[pri:0, instance:testScripts.Motorcycle.EnterInsuranceData@64bf3bbf]" name="isWebsiteTextBoxVisible" duration-ms="15" started-at="2020-08-22T13:31:16Z" finished-at="2020-08-22T13:31:16Z">
          <reporter-output>
          </reporter-output>
        </test-method> <!-- isWebsiteTextBoxVisible -->
        <test-method status="PASS" signature="occupationOptionsVisible(java.lang.String)[pri:0, instance:testScripts.Motorcycle.EnterInsuranceData@64bf3bbf]" name="occupationOptionsVisible" duration-ms="20" started-at="2020-08-22T13:31:16Z" data-provider="occupationOptions" finished-at="2020-08-22T13:31:16Z">
          <params>
            <param index="0">
              <value>
                <![CDATA[Employee]]>
              </value>
            </param>
          </params>
          <reporter-output>
          </reporter-output>
        </test-method> <!-- occupationOptionsVisible -->
        <test-method status="PASS" signature="occupationOptionsVisible(java.lang.String)[pri:0, instance:testScripts.Motorcycle.EnterInsuranceData@64bf3bbf]" name="occupationOptionsVisible" duration-ms="19" started-at="2020-08-22T13:31:16Z" data-provider="occupationOptions" finished-at="2020-08-22T13:31:16Z">
          <params>
            <param index="0">
              <value>
                <![CDATA[Public Official]]>
              </value>
            </param>
          </params>
          <reporter-output>
          </reporter-output>
        </test-method> <!-- occupationOptionsVisible -->
        <test-method status="PASS" signature="occupationOptionsVisible(java.lang.String)[pri:0, instance:testScripts.Motorcycle.EnterInsuranceData@64bf3bbf]" name="occupationOptionsVisible" duration-ms="22" started-at="2020-08-22T13:31:16Z" data-provider="occupationOptions" finished-at="2020-08-22T13:31:16Z">
          <params>
            <param index="0">
              <value>
                <![CDATA[Farmer]]>
              </value>
            </param>
          </params>
          <reporter-output>
          </reporter-output>
        </test-method> <!-- occupationOptionsVisible -->
        <test-method status="PASS" signature="occupationOptionsVisible(java.lang.String)[pri:0, instance:testScripts.Motorcycle.EnterInsuranceData@64bf3bbf]" name="occupationOptionsVisible" duration-ms="13" started-at="2020-08-22T13:31:16Z" data-provider="occupationOptions" finished-at="2020-08-22T13:31:16Z">
          <params>
            <param index="0">
              <value>
                <![CDATA[Unemployed]]>
              </value>
            </param>
          </params>
          <reporter-output>
          </reporter-output>
        </test-method> <!-- occupationOptionsVisible -->
        <test-method status="PASS" signature="occupationOptionsVisible(java.lang.String)[pri:0, instance:testScripts.Motorcycle.EnterInsuranceData@64bf3bbf]" name="occupationOptionsVisible" duration-ms="13" started-at="2020-08-22T13:31:16Z" data-provider="occupationOptions" finished-at="2020-08-22T13:31:16Z">
          <params>
            <param index="0">
              <value>
                <![CDATA[Selfemployed]]>
              </value>
            </param>
          </params>
          <reporter-output>
          </reporter-output>
        </test-method> <!-- occupationOptionsVisible -->
        <test-method status="PASS" signature="selectPicture()[pri:0, instance:testScripts.Motorcycle.EnterInsuranceData@64bf3bbf]" name="selectPicture" duration-ms="7204" started-at="2020-08-22T13:31:16Z" finished-at="2020-08-22T13:31:23Z">
          <reporter-output>
          </reporter-output>
        </test-method> <!-- selectPicture -->
        <test-method status="PASS" signature="validCountryDropDown()[pri:0, instance:testScripts.Motorcycle.EnterInsuranceData@64bf3bbf]" name="validCountryDropDown" duration-ms="315" started-at="2020-08-22T13:31:23Z" finished-at="2020-08-22T13:31:23Z">
          <reporter-output>
          </reporter-output>
        </test-method> <!-- validCountryDropDown -->
        <test-method status="PASS" signature="validFirstName(java.lang.String)[pri:0, instance:testScripts.Motorcycle.EnterInsuranceData@64bf3bbf]" name="validFirstName" duration-ms="228" started-at="2020-08-22T13:31:23Z" data-provider="validNames" finished-at="2020-08-22T13:31:23Z">
          <params>
            <param index="0">
              <value>
                <![CDATA[test]]>
              </value>
            </param>
          </params>
          <reporter-output>
          </reporter-output>
        </test-method> <!-- validFirstName -->
        <test-method status="PASS" signature="validFirstName(java.lang.String)[pri:0, instance:testScripts.Motorcycle.EnterInsuranceData@64bf3bbf]" name="validFirstName" duration-ms="265" started-at="2020-08-22T13:31:23Z" data-provider="validNames" finished-at="2020-08-22T13:31:24Z">
          <params>
            <param index="0">
              <value>
                <![CDATA[firstNameTest]]>
              </value>
            </param>
          </params>
          <reporter-output>
          </reporter-output>
        </test-method> <!-- validFirstName -->
        <test-method status="PASS" signature="validHobbiesSelection()[pri:0, instance:testScripts.Motorcycle.EnterInsuranceData@64bf3bbf]" name="validHobbiesSelection" duration-ms="116" started-at="2020-08-22T13:31:24Z" finished-at="2020-08-22T13:31:24Z">
          <reporter-output>
          </reporter-output>
        </test-method> <!-- validHobbiesSelection -->
        <test-method status="PASS" signature="validLastName(java.lang.String)[pri:0, instance:testScripts.Motorcycle.EnterInsuranceData@64bf3bbf]" name="validLastName" duration-ms="229" started-at="2020-08-22T13:31:24Z" data-provider="validNames" finished-at="2020-08-22T13:31:24Z">
          <params>
            <param index="0">
              <value>
                <![CDATA[test]]>
              </value>
            </param>
          </params>
          <reporter-output>
          </reporter-output>
        </test-method> <!-- validLastName -->
        <test-method status="PASS" signature="validLastName(java.lang.String)[pri:0, instance:testScripts.Motorcycle.EnterInsuranceData@64bf3bbf]" name="validLastName" duration-ms="193" started-at="2020-08-22T13:31:24Z" data-provider="validNames" finished-at="2020-08-22T13:31:24Z">
          <params>
            <param index="0">
              <value>
                <![CDATA[firstNameTest]]>
              </value>
            </param>
          </params>
          <reporter-output>
          </reporter-output>
        </test-method> <!-- validLastName -->
        <test-method status="PASS" signature="validOccupationDropDown()[pri:0, instance:testScripts.Motorcycle.EnterInsuranceData@64bf3bbf]" name="validOccupationDropDown" duration-ms="218" started-at="2020-08-22T13:31:24Z" finished-at="2020-08-22T13:31:25Z">
          <reporter-output>
          </reporter-output>
        </test-method> <!-- validOccupationDropDown -->
        <test-method status="PASS" signature="validWebsiteEntry(java.lang.String)[pri:0, instance:testScripts.Motorcycle.EnterInsuranceData@64bf3bbf]" name="validWebsiteEntry" duration-ms="219" started-at="2020-08-22T13:31:25Z" data-provider="validWebsiteTestData" finished-at="2020-08-22T13:31:25Z">
          <params>
            <param index="0">
              <value>
                <![CDATA[abc.com]]>
              </value>
            </param>
          </params>
          <reporter-output>
          </reporter-output>
        </test-method> <!-- validWebsiteEntry -->
        <test-method status="PASS" signature="validWebsiteEntry(java.lang.String)[pri:0, instance:testScripts.Motorcycle.EnterInsuranceData@64bf3bbf]" name="validWebsiteEntry" duration-ms="162" started-at="2020-08-22T13:31:25Z" data-provider="validWebsiteTestData" finished-at="2020-08-22T13:31:25Z">
          <params>
            <param index="0">
              <value>
                <![CDATA[ab.ca]]>
              </value>
            </param>
          </params>
          <reporter-output>
          </reporter-output>
        </test-method> <!-- validWebsiteEntry -->
        <test-method status="PASS" signature="validWebsiteEntry(java.lang.String)[pri:0, instance:testScripts.Motorcycle.EnterInsuranceData@64bf3bbf]" name="validWebsiteEntry" duration-ms="146" started-at="2020-08-22T13:31:25Z" data-provider="validWebsiteTestData" finished-at="2020-08-22T13:31:25Z">
          <params>
            <param index="0">
              <value>
                <![CDATA[123.ss]]>
              </value>
            </param>
          </params>
          <reporter-output>
          </reporter-output>
        </test-method> <!-- validWebsiteEntry -->
        <test-method status="PASS" signature="validZipCode(java.lang.String)[pri:0, instance:testScripts.Motorcycle.EnterInsuranceData@64bf3bbf]" name="validZipCode" duration-ms="189" started-at="2020-08-22T13:31:25Z" data-provider="validZipCodeEntry" finished-at="2020-08-22T13:31:25Z">
          <params>
            <param index="0">
              <value>
                <![CDATA[4444]]>
              </value>
            </param>
          </params>
          <reporter-output>
          </reporter-output>
        </test-method> <!-- validZipCode -->
        <test-method status="PASS" signature="validZipCode(java.lang.String)[pri:0, instance:testScripts.Motorcycle.EnterInsuranceData@64bf3bbf]" name="validZipCode" duration-ms="175" started-at="2020-08-22T13:31:25Z" data-provider="validZipCodeEntry" finished-at="2020-08-22T13:31:25Z">
          <params>
            <param index="0">
              <value>
                <![CDATA[88888888]]>
              </value>
            </param>
          </params>
          <reporter-output>
          </reporter-output>
        </test-method> <!-- validZipCode -->
        <test-method status="PASS" signature="verifyNextButtonText()[pri:0, instance:testScripts.Motorcycle.EnterInsuranceData@64bf3bbf]" name="verifyNextButtonText" duration-ms="28" started-at="2020-08-22T13:31:26Z" finished-at="2020-08-22T13:31:26Z">
          <reporter-output>
          </reporter-output>
        </test-method> <!-- verifyNextButtonText -->
        <test-method status="PASS" signature="verifyOnClickPrevButton()[pri:0, instance:testScripts.Motorcycle.EnterInsuranceData@64bf3bbf]" name="verifyOnClickPrevButton" duration-ms="282" started-at="2020-08-22T13:31:26Z" finished-at="2020-08-22T13:31:26Z">
          <reporter-output>
          </reporter-output>
        </test-method> <!-- verifyOnClickPrevButton -->
        <test-method status="PASS" signature="verifyPrevButtonText()[pri:0, instance:testScripts.Motorcycle.EnterInsuranceData@64bf3bbf]" name="verifyPrevButtonText" duration-ms="46" started-at="2020-08-22T13:31:26Z" finished-at="2020-08-22T13:31:26Z">
          <reporter-output>
          </reporter-output>
        </test-method> <!-- verifyPrevButtonText -->
      </class> <!-- testScripts.Motorcycle.EnterInsuranceData -->
    </test> <!-- Motorcycle -->
  </suite> <!-- Suite -->
</testng-results>
