<?xml version="1.0" encoding="UTF-8"?>
<testng-results skipped="0" failed="0" ignored="16" total="145" passed="129">
  <reporter-output>
  </reporter-output>
  <suite name="Suite" duration-ms="488183" started-at="2020-08-22T12:02:18Z" finished-at="2020-08-22T12:10:26Z">
    <groups>
    </groups>
    <test name="HomePage" duration-ms="265969" started-at="2020-08-22T12:02:18Z" finished-at="2020-08-22T12:06:44Z">
      <class name="testScripts.HomePage.HomePage">
        <test-method status="PASS" signature="launchBrowser(java.lang.String)[pri:0, instance:testScripts.HomePage.HomePage@598067a5]" name="launchBrowser" is-config="true" duration-ms="59666" started-at="2020-08-22T12:02:18Z" finished-at="2020-08-22T12:03:18Z">
          <params>
            <param index="0">
              <value>
                <![CDATA[Chrome]]>
              </value>
            </param>
          </params>
          <reporter-output>
          </reporter-output>
        </test-method> <!-- launchBrowser -->
        <test-method status="PASS" signature="verifyIsHomepageVisible()[pri:-1, instance:testScripts.HomePage.HomePage@598067a5]" name="verifyIsHomepageVisible" duration-ms="370" started-at="2020-08-22T12:03:18Z" finished-at="2020-08-22T12:03:18Z">
          <reporter-output>
          </reporter-output>
        </test-method> <!-- verifyIsHomepageVisible -->
        <test-method status="PASS" signature="verifyHomepagetext()[pri:0, instance:testScripts.HomePage.HomePage@598067a5]" name="verifyHomepagetext" duration-ms="464" started-at="2020-08-22T12:03:18Z" finished-at="2020-08-22T12:03:18Z">
          <reporter-output>
          </reporter-output>
        </test-method> <!-- verifyHomepagetext -->
        <test-method status="PASS" signature="verifyIsSearchsupportClickable()[pri:1, instance:testScripts.HomePage.HomePage@598067a5]" name="verifyIsSearchsupportClickable" duration-ms="36140" started-at="2020-08-22T12:03:18Z" finished-at="2020-08-22T12:03:55Z">
          <reporter-output>
          </reporter-output>
        </test-method> <!-- verifyIsSearchsupportClickable -->
        <test-method status="PASS" signature="verifyIsVisitsupportClickable()[pri:2, instance:testScripts.HomePage.HomePage@598067a5]" name="verifyIsVisitsupportClickable" duration-ms="4263" started-at="2020-08-22T12:03:55Z" finished-at="2020-08-22T12:03:59Z">
          <reporter-output>
          </reporter-output>
        </test-method> <!-- verifyIsVisitsupportClickable -->
        <test-method status="PASS" signature="verifyIsAutomobileClickable()[pri:3, instance:testScripts.HomePage.HomePage@598067a5]" name="verifyIsAutomobileClickable" duration-ms="5504" started-at="2020-08-22T12:03:59Z" finished-at="2020-08-22T12:04:04Z">
          <reporter-output>
          </reporter-output>
        </test-method> <!-- verifyIsAutomobileClickable -->
        <test-method status="PASS" signature="verifyIsTruckClickable()[pri:4, instance:testScripts.HomePage.HomePage@598067a5]" name="verifyIsTruckClickable" duration-ms="6409" started-at="2020-08-22T12:04:04Z" finished-at="2020-08-22T12:04:11Z">
          <reporter-output>
          </reporter-output>
        </test-method> <!-- verifyIsTruckClickable -->
        <test-method status="PASS" signature="verifyIsMotorcycleClickable()[pri:5, instance:testScripts.HomePage.HomePage@598067a5]" name="verifyIsMotorcycleClickable" duration-ms="3154" started-at="2020-08-22T12:04:11Z" finished-at="2020-08-22T12:04:14Z">
          <reporter-output>
          </reporter-output>
        </test-method> <!-- verifyIsMotorcycleClickable -->
        <test-method status="PASS" signature="verifyIsCamperClickable()[pri:6, instance:testScripts.HomePage.HomePage@598067a5]" name="verifyIsCamperClickable" duration-ms="3302" started-at="2020-08-22T12:04:14Z" finished-at="2020-08-22T12:04:17Z">
          <reporter-output>
          </reporter-output>
        </test-method> <!-- verifyIsCamperClickable -->
        <test-method status="PASS" signature="verifyIsTricentis_aboutClickable()[pri:7, instance:testScripts.HomePage.HomePage@598067a5]" name="verifyIsTricentis_aboutClickable" duration-ms="29584" started-at="2020-08-22T12:04:17Z" finished-at="2020-08-22T12:04:47Z">
          <reporter-output>
          </reporter-output>
        </test-method> <!-- verifyIsTricentis_aboutClickable -->
        <test-method status="PASS" signature="verifyIsTricentis_productsClickable()[pri:8, instance:testScripts.HomePage.HomePage@598067a5]" name="verifyIsTricentis_productsClickable" duration-ms="24621" started-at="2020-08-22T12:04:47Z" finished-at="2020-08-22T12:05:11Z">
          <reporter-output>
          </reporter-output>
        </test-method> <!-- verifyIsTricentis_productsClickable -->
        <test-method status="PASS" signature="verifyIsTricentis_eventsClickable()[pri:9, instance:testScripts.HomePage.HomePage@598067a5]" name="verifyIsTricentis_eventsClickable" duration-ms="24463" started-at="2020-08-22T12:05:11Z" finished-at="2020-08-22T12:05:36Z">
          <reporter-output>
          </reporter-output>
        </test-method> <!-- verifyIsTricentis_eventsClickable -->
        <test-method status="PASS" signature="verifyIsTricentis_resourcesClickable()[pri:10, instance:testScripts.HomePage.HomePage@598067a5]" name="verifyIsTricentis_resourcesClickable" duration-ms="24319" started-at="2020-08-22T12:05:36Z" finished-at="2020-08-22T12:06:00Z">
          <reporter-output>
          </reporter-output>
        </test-method> <!-- verifyIsTricentis_resourcesClickable -->
        <test-method status="PASS" signature="verifyIsTricentis_servicesClickable()[pri:11, instance:testScripts.HomePage.HomePage@598067a5]" name="verifyIsTricentis_servicesClickable" duration-ms="24410" started-at="2020-08-22T12:06:00Z" finished-at="2020-08-22T12:06:25Z">
          <reporter-output>
          </reporter-output>
        </test-method> <!-- verifyIsTricentis_servicesClickable -->
        <test-method status="PASS" signature="verifyIsNav_facebookClickable()[pri:12, instance:testScripts.HomePage.HomePage@598067a5]" name="verifyIsNav_facebookClickable" duration-ms="4404" started-at="2020-08-22T12:06:25Z" finished-at="2020-08-22T12:06:29Z">
          <reporter-output>
          </reporter-output>
        </test-method> <!-- verifyIsNav_facebookClickable -->
        <test-method status="PASS" signature="verifyIsNav_twitterClickable()[pri:13, instance:testScripts.HomePage.HomePage@598067a5]" name="verifyIsNav_twitterClickable" duration-ms="4282" started-at="2020-08-22T12:06:29Z" finished-at="2020-08-22T12:06:33Z">
          <reporter-output>
          </reporter-output>
        </test-method> <!-- verifyIsNav_twitterClickable -->
        <test-method status="PASS" signature="verifyIsNav_googleClickable()[pri:14, instance:testScripts.HomePage.HomePage@598067a5]" name="verifyIsNav_googleClickable" duration-ms="4243" started-at="2020-08-22T12:06:33Z" finished-at="2020-08-22T12:06:38Z">
          <reporter-output>
          </reporter-output>
        </test-method> <!-- verifyIsNav_googleClickable -->
        <test-method status="PASS" signature="closeBrowser()[pri:0, instance:testScripts.HomePage.HomePage@598067a5]" name="closeBrowser" is-config="true" duration-ms="6319" started-at="2020-08-22T12:06:38Z" finished-at="2020-08-22T12:06:44Z">
          <reporter-output>
          </reporter-output>
        </test-method> <!-- closeBrowser -->
      </class> <!-- testScripts.HomePage.HomePage -->
    </test> <!-- HomePage -->
    <test name="Motorcycle" duration-ms="222162" started-at="2020-08-22T12:06:44Z" finished-at="2020-08-22T12:10:26Z">
      <class name="testScripts.Motorcycle.EnterProductData">
        <test-method status="PASS" signature="beforeProductData()[pri:0, instance:testScripts.Motorcycle.EnterProductData@55d56113]" name="beforeProductData" is-config="true" duration-ms="5142" started-at="2020-08-22T12:10:01Z" finished-at="2020-08-22T12:10:06Z">
          <reporter-output>
          </reporter-output>
        </test-method> <!-- beforeProductData -->
        <test-method status="PASS" signature="checkNextLabelInsSum()[pri:0, instance:testScripts.Motorcycle.EnterProductData@55d56113]" name="checkNextLabelInsSum" duration-ms="91" started-at="2020-08-22T12:10:06Z" finished-at="2020-08-22T12:10:06Z">
          <reporter-output>
          </reporter-output>
        </test-method> <!-- checkNextLabelInsSum -->
        <test-method status="PASS" signature="damageInsuranceLabelVisible()[pri:0, instance:testScripts.Motorcycle.EnterProductData@55d56113]" name="damageInsuranceLabelVisible" duration-ms="18" started-at="2020-08-22T12:10:06Z" finished-at="2020-08-22T12:10:06Z">
          <reporter-output>
          </reporter-output>
        </test-method> <!-- damageInsuranceLabelVisible -->
        <test-method status="PASS" signature="damageInsuranceOptionsVisible(java.lang.String)[pri:0, instance:testScripts.Motorcycle.EnterProductData@55d56113]" name="damageInsuranceOptionsVisible" duration-ms="220" started-at="2020-08-22T12:10:06Z" data-provider="damageInsuranceOptions" finished-at="2020-08-22T12:10:07Z">
          <params>
            <param index="0">
              <value>
                <![CDATA[No Coverage]]>
              </value>
            </param>
          </params>
          <reporter-output>
          </reporter-output>
        </test-method> <!-- damageInsuranceOptionsVisible -->
        <test-method status="PASS" signature="damageInsuranceOptionsVisible(java.lang.String)[pri:0, instance:testScripts.Motorcycle.EnterProductData@55d56113]" name="damageInsuranceOptionsVisible" duration-ms="170" started-at="2020-08-22T12:10:07Z" data-provider="damageInsuranceOptions" finished-at="2020-08-22T12:10:07Z">
          <params>
            <param index="0">
              <value>
                <![CDATA[Partial Coverage]]>
              </value>
            </param>
          </params>
          <reporter-output>
          </reporter-output>
        </test-method> <!-- damageInsuranceOptionsVisible -->
        <test-method status="PASS" signature="damageInsuranceOptionsVisible(java.lang.String)[pri:0, instance:testScripts.Motorcycle.EnterProductData@55d56113]" name="damageInsuranceOptionsVisible" duration-ms="181" started-at="2020-08-22T12:10:07Z" data-provider="damageInsuranceOptions" finished-at="2020-08-22T12:10:07Z">
          <params>
            <param index="0">
              <value>
                <![CDATA[Full Coverage]]>
              </value>
            </param>
          </params>
          <reporter-output>
          </reporter-output>
        </test-method> <!-- damageInsuranceOptionsVisible -->
        <test-method status="PASS" signature="hobbiesOptionsVisible(java.lang.String)[pri:0, instance:testScripts.Motorcycle.EnterProductData@55d56113]" name="hobbiesOptionsVisible" duration-ms="238" started-at="2020-08-22T12:10:07Z" data-provider="insuranceSumOptions" finished-at="2020-08-22T12:10:07Z">
          <params>
            <param index="0">
              <value>
                <![CDATA[3.000.000,00]]>
              </value>
            </param>
          </params>
          <reporter-output>
          </reporter-output>
        </test-method> <!-- hobbiesOptionsVisible -->
        <test-method status="PASS" signature="hobbiesOptionsVisible(java.lang.String)[pri:0, instance:testScripts.Motorcycle.EnterProductData@55d56113]" name="hobbiesOptionsVisible" duration-ms="149" started-at="2020-08-22T12:10:07Z" data-provider="insuranceSumOptions" finished-at="2020-08-22T12:10:07Z">
          <params>
            <param index="0">
              <value>
                <![CDATA[5.000.000,00]]>
              </value>
            </param>
          </params>
          <reporter-output>
          </reporter-output>
        </test-method> <!-- hobbiesOptionsVisible -->
        <test-method status="PASS" signature="hobbiesOptionsVisible(java.lang.String)[pri:0, instance:testScripts.Motorcycle.EnterProductData@55d56113]" name="hobbiesOptionsVisible" duration-ms="142" started-at="2020-08-22T12:10:07Z" data-provider="insuranceSumOptions" finished-at="2020-08-22T12:10:08Z">
          <params>
            <param index="0">
              <value>
                <![CDATA[7.000.000,00]]>
              </value>
            </param>
          </params>
          <reporter-output>
          </reporter-output>
        </test-method> <!-- hobbiesOptionsVisible -->
        <test-method status="PASS" signature="hobbiesOptionsVisible(java.lang.String)[pri:0, instance:testScripts.Motorcycle.EnterProductData@55d56113]" name="hobbiesOptionsVisible" duration-ms="143" started-at="2020-08-22T12:10:08Z" data-provider="insuranceSumOptions" finished-at="2020-08-22T12:10:08Z">
          <params>
            <param index="0">
              <value>
                <![CDATA[10.000.000,00]]>
              </value>
            </param>
          </params>
          <reporter-output>
          </reporter-output>
        </test-method> <!-- hobbiesOptionsVisible -->
        <test-method status="PASS" signature="hobbiesOptionsVisible(java.lang.String)[pri:0, instance:testScripts.Motorcycle.EnterProductData@55d56113]" name="hobbiesOptionsVisible" duration-ms="148" started-at="2020-08-22T12:10:08Z" data-provider="insuranceSumOptions" finished-at="2020-08-22T12:10:08Z">
          <params>
            <param index="0">
              <value>
                <![CDATA[15.000.000,00]]>
              </value>
            </param>
          </params>
          <reporter-output>
          </reporter-output>
        </test-method> <!-- hobbiesOptionsVisible -->
        <test-method status="PASS" signature="hobbiesOptionsVisible(java.lang.String)[pri:0, instance:testScripts.Motorcycle.EnterProductData@55d56113]" name="hobbiesOptionsVisible" duration-ms="147" started-at="2020-08-22T12:10:08Z" data-provider="insuranceSumOptions" finished-at="2020-08-22T12:10:08Z">
          <params>
            <param index="0">
              <value>
                <![CDATA[20.000.000,00]]>
              </value>
            </param>
          </params>
          <reporter-output>
          </reporter-output>
        </test-method> <!-- hobbiesOptionsVisible -->
        <test-method status="PASS" signature="hobbiesOptionsVisible(java.lang.String)[pri:0, instance:testScripts.Motorcycle.EnterProductData@55d56113]" name="hobbiesOptionsVisible" duration-ms="164" started-at="2020-08-22T12:10:08Z" data-provider="insuranceSumOptions" finished-at="2020-08-22T12:10:08Z">
          <params>
            <param index="0">
              <value>
                <![CDATA[25.000.000,00]]>
              </value>
            </param>
          </params>
          <reporter-output>
          </reporter-output>
        </test-method> <!-- hobbiesOptionsVisible -->
        <test-method status="PASS" signature="hobbiesOptionsVisible(java.lang.String)[pri:0, instance:testScripts.Motorcycle.EnterProductData@55d56113]" name="hobbiesOptionsVisible" duration-ms="171" started-at="2020-08-22T12:10:08Z" data-provider="insuranceSumOptions" finished-at="2020-08-22T12:10:08Z">
          <params>
            <param index="0">
              <value>
                <![CDATA[30.000.000,00]]>
              </value>
            </param>
          </params>
          <reporter-output>
          </reporter-output>
        </test-method> <!-- hobbiesOptionsVisible -->
        <test-method status="PASS" signature="hobbiesOptionsVisible(java.lang.String)[pri:0, instance:testScripts.Motorcycle.EnterProductData@55d56113]" name="hobbiesOptionsVisible" duration-ms="147" started-at="2020-08-22T12:10:08Z" data-provider="insuranceSumOptions" finished-at="2020-08-22T12:10:09Z">
          <params>
            <param index="0">
              <value>
                <![CDATA[35.000.000,00]]>
              </value>
            </param>
          </params>
          <reporter-output>
          </reporter-output>
        </test-method> <!-- hobbiesOptionsVisible -->
        <test-method status="PASS" signature="isCalendarButtonClickable()[pri:0, instance:testScripts.Motorcycle.EnterProductData@55d56113]" name="isCalendarButtonClickable" duration-ms="115" started-at="2020-08-22T12:10:09Z" finished-at="2020-08-22T12:10:09Z">
          <reporter-output>
          </reporter-output>
        </test-method> <!-- isCalendarButtonClickable -->
        <test-method status="PASS" signature="isDamageInsuranceDropDownVisible()[pri:0, instance:testScripts.Motorcycle.EnterProductData@55d56113]" name="isDamageInsuranceDropDownVisible" duration-ms="19" started-at="2020-08-22T12:10:09Z" finished-at="2020-08-22T12:10:09Z">
          <reporter-output>
          </reporter-output>
        </test-method> <!-- isDamageInsuranceDropDownVisible -->
        <test-method status="PASS" signature="isInsuranceSumDropDownVisible()[pri:0, instance:testScripts.Motorcycle.EnterProductData@55d56113]" name="isInsuranceSumDropDownVisible" duration-ms="21" started-at="2020-08-22T12:10:09Z" finished-at="2020-08-22T12:10:09Z">
          <reporter-output>
          </reporter-output>
        </test-method> <!-- isInsuranceSumDropDownVisible -->
        <test-method status="PASS" signature="isInsuranceSumLabelVisible()[pri:0, instance:testScripts.Motorcycle.EnterProductData@55d56113]" name="isInsuranceSumLabelVisible" duration-ms="19" started-at="2020-08-22T12:10:09Z" finished-at="2020-08-22T12:10:09Z">
          <reporter-output>
          </reporter-output>
        </test-method> <!-- isInsuranceSumLabelVisible -->
        <test-method status="PASS" signature="isNextButtonVisible()[pri:0, instance:testScripts.Motorcycle.EnterProductData@55d56113]" name="isNextButtonVisible" duration-ms="18" started-at="2020-08-22T12:10:09Z" finished-at="2020-08-22T12:10:09Z">
          <reporter-output>
          </reporter-output>
        </test-method> <!-- isNextButtonVisible -->
        <test-method status="PASS" signature="isOptionalProductTextBoxVisible()[pri:0, instance:testScripts.Motorcycle.EnterProductData@55d56113]" name="isOptionalProductTextBoxVisible" duration-ms="20" started-at="2020-08-22T12:10:09Z" finished-at="2020-08-22T12:10:09Z">
          <reporter-output>
          </reporter-output>
        </test-method> <!-- isOptionalProductTextBoxVisible -->
        <test-method status="PASS" signature="isOptionalProductsLabelVisible()[pri:0, instance:testScripts.Motorcycle.EnterProductData@55d56113]" name="isOptionalProductsLabelVisible" duration-ms="21" started-at="2020-08-22T12:10:09Z" finished-at="2020-08-22T12:10:09Z">
          <reporter-output>
          </reporter-output>
        </test-method> <!-- isOptionalProductsLabelVisible -->
        <test-method status="PASS" signature="isPrevButtonVisible()[pri:0, instance:testScripts.Motorcycle.EnterProductData@55d56113]" name="isPrevButtonVisible" duration-ms="18" started-at="2020-08-22T12:10:09Z" finished-at="2020-08-22T12:10:09Z">
          <reporter-output>
          </reporter-output>
        </test-method> <!-- isPrevButtonVisible -->
        <test-method status="PASS" signature="isStartDateLabelVisible()[pri:0, instance:testScripts.Motorcycle.EnterProductData@55d56113]" name="isStartDateLabelVisible" duration-ms="30" started-at="2020-08-22T12:10:09Z" finished-at="2020-08-22T12:10:09Z">
          <reporter-output>
          </reporter-output>
        </test-method> <!-- isStartDateLabelVisible -->
        <test-method status="PASS" signature="isStartDateTextBoxVisible()[pri:0, instance:testScripts.Motorcycle.EnterProductData@55d56113]" name="isStartDateTextBoxVisible" duration-ms="20" started-at="2020-08-22T12:10:09Z" finished-at="2020-08-22T12:10:09Z">
          <reporter-output>
          </reporter-output>
        </test-method> <!-- isStartDateTextBoxVisible -->
        <test-method status="PASS" signature="validDamageInsuranceDropDownSelection()[pri:0, instance:testScripts.Motorcycle.EnterProductData@55d56113]" name="validDamageInsuranceDropDownSelection" duration-ms="109" started-at="2020-08-22T12:10:09Z" finished-at="2020-08-22T12:10:09Z">
          <reporter-output>
          </reporter-output>
        </test-method> <!-- validDamageInsuranceDropDownSelection -->
        <test-method status="PASS" signature="validInsuranceDropDown()[pri:0, instance:testScripts.Motorcycle.EnterProductData@55d56113]" name="validInsuranceDropDown" duration-ms="97" started-at="2020-08-22T12:10:09Z" finished-at="2020-08-22T12:10:09Z">
          <reporter-output>
          </reporter-output>
        </test-method> <!-- validInsuranceDropDown -->
        <test-method status="PASS" signature="validStartDateText(java.lang.String)[pri:0, instance:testScripts.Motorcycle.EnterProductData@55d56113]" name="validStartDateText" duration-ms="293" started-at="2020-08-22T12:10:09Z" data-provider="startDateValid" finished-at="2020-08-22T12:10:09Z">
          <params>
            <param index="0">
              <value>
                <![CDATA[12/30/2020]]>
              </value>
            </param>
          </params>
          <reporter-output>
          </reporter-output>
        </test-method> <!-- validStartDateText -->
        <test-method status="PASS" signature="verifyNextButtonText()[pri:0, instance:testScripts.Motorcycle.EnterProductData@55d56113]" name="verifyNextButtonText" duration-ms="36" started-at="2020-08-22T12:10:09Z" finished-at="2020-08-22T12:10:09Z">
          <reporter-output>
          </reporter-output>
        </test-method> <!-- verifyNextButtonText -->
        <test-method status="PASS" signature="verifyOnClickPrevButton()[pri:0, instance:testScripts.Motorcycle.EnterProductData@55d56113]" name="verifyOnClickPrevButton" duration-ms="222" started-at="2020-08-22T12:10:09Z" finished-at="2020-08-22T12:10:10Z">
          <reporter-output>
          </reporter-output>
        </test-method> <!-- verifyOnClickPrevButton -->
        <test-method status="PASS" signature="verifyPrevButtonText()[pri:0, instance:testScripts.Motorcycle.EnterProductData@55d56113]" name="verifyPrevButtonText" duration-ms="35" started-at="2020-08-22T12:10:10Z" finished-at="2020-08-22T12:10:10Z">
          <reporter-output>
          </reporter-output>
        </test-method> <!-- verifyPrevButtonText -->
      </class> <!-- testScripts.Motorcycle.EnterProductData -->
      <class name="testScripts.Motorcycle.EnterVehicleData">
        <test-method status="PASS" signature="initialize()[pri:0, instance:testScripts.Motorcycle.EnterVehicleData@64bfbc86]" name="initialize" is-config="true" duration-ms="14" started-at="2020-08-22T12:02:18Z" finished-at="2020-08-22T12:02:18Z">
          <reporter-output>
          </reporter-output>
        </test-method> <!-- initialize -->
        <test-method status="PASS" signature="launchBrowser(java.lang.String)[pri:0, instance:testScripts.Motorcycle.EnterVehicleData@64bfbc86]" name="launchBrowser" is-config="true" duration-ms="45614" started-at="2020-08-22T12:06:44Z" finished-at="2020-08-22T12:07:30Z">
          <params>
            <param index="0">
              <value>
                <![CDATA[Chrome]]>
              </value>
            </param>
          </params>
          <reporter-output>
          </reporter-output>
        </test-method> <!-- launchBrowser -->
        <test-method status="PASS" signature="verifyAnnualMileageSelection()[pri:0, instance:testScripts.Motorcycle.EnterVehicleData@64bfbc86]" name="verifyAnnualMileageSelection" duration-ms="1303" started-at="2020-08-22T12:07:30Z" finished-at="2020-08-22T12:07:31Z">
          <reporter-output>
          </reporter-output>
        </test-method> <!-- verifyAnnualMileageSelection -->
        <test-method status="PASS" signature="verifyCylinderCapacitySelection()[pri:0, instance:testScripts.Motorcycle.EnterVehicleData@64bfbc86]" name="verifyCylinderCapacitySelection" duration-ms="1559" started-at="2020-08-22T12:07:31Z" finished-at="2020-08-22T12:07:32Z">
          <reporter-output>
          </reporter-output>
        </test-method> <!-- verifyCylinderCapacitySelection -->
        <test-method status="PASS" signature="verifyDateOfmanufacture()[pri:0, instance:testScripts.Motorcycle.EnterVehicleData@64bfbc86]" name="verifyDateOfmanufacture" duration-ms="902" started-at="2020-08-22T12:07:32Z" finished-at="2020-08-22T12:07:33Z">
          <reporter-output>
          </reporter-output>
        </test-method> <!-- verifyDateOfmanufacture -->
        <test-method status="PASS" signature="verifyEnginePerformanceSelection()[pri:0, instance:testScripts.Motorcycle.EnterVehicleData@64bfbc86]" name="verifyEnginePerformanceSelection" duration-ms="1009" started-at="2020-08-22T12:07:33Z" finished-at="2020-08-22T12:07:34Z">
          <reporter-output>
          </reporter-output>
        </test-method> <!-- verifyEnginePerformanceSelection -->
        <test-method status="PASS" signature="verifyIsAnnualMileageVisible()[pri:0, instance:testScripts.Motorcycle.EnterVehicleData@64bfbc86]" name="verifyIsAnnualMileageVisible" duration-ms="23" started-at="2020-08-22T12:07:34Z" finished-at="2020-08-22T12:07:34Z">
          <reporter-output>
          </reporter-output>
        </test-method> <!-- verifyIsAnnualMileageVisible -->
        <test-method status="PASS" signature="verifyIsAnnualMileagetext()[pri:0, instance:testScripts.Motorcycle.EnterVehicleData@64bfbc86]" name="verifyIsAnnualMileagetext" duration-ms="47" started-at="2020-08-22T12:07:34Z" finished-at="2020-08-22T12:07:34Z">
          <reporter-output>
          </reporter-output>
        </test-method> <!-- verifyIsAnnualMileagetext -->
        <test-method status="PASS" signature="verifyIsCylinderCapacityVisible()[pri:0, instance:testScripts.Motorcycle.EnterVehicleData@64bfbc86]" name="verifyIsCylinderCapacityVisible" duration-ms="28" started-at="2020-08-22T12:07:34Z" finished-at="2020-08-22T12:07:34Z">
          <reporter-output>
          </reporter-output>
        </test-method> <!-- verifyIsCylinderCapacityVisible -->
        <test-method status="PASS" signature="verifyIsCylinderCapacitytext()[pri:0, instance:testScripts.Motorcycle.EnterVehicleData@64bfbc86]" name="verifyIsCylinderCapacitytext" duration-ms="53" started-at="2020-08-22T12:07:34Z" finished-at="2020-08-22T12:07:35Z">
          <reporter-output>
          </reporter-output>
        </test-method> <!-- verifyIsCylinderCapacitytext -->
        <test-method status="PASS" signature="verifyIsDateOfManufacturetext()[pri:0, instance:testScripts.Motorcycle.EnterVehicleData@64bfbc86]" name="verifyIsDateOfManufacturetext" duration-ms="52" started-at="2020-08-22T12:07:35Z" finished-at="2020-08-22T12:07:35Z">
          <reporter-output>
          </reporter-output>
        </test-method> <!-- verifyIsDateOfManufacturetext -->
        <test-method status="PASS" signature="verifyIsEnginePerformanceVisible()[pri:0, instance:testScripts.Motorcycle.EnterVehicleData@64bfbc86]" name="verifyIsEnginePerformanceVisible" duration-ms="34" started-at="2020-08-22T12:07:35Z" finished-at="2020-08-22T12:07:35Z">
          <reporter-output>
          </reporter-output>
        </test-method> <!-- verifyIsEnginePerformanceVisible -->
        <test-method status="PASS" signature="verifyIsEnginePerformancetext()[pri:0, instance:testScripts.Motorcycle.EnterVehicleData@64bfbc86]" name="verifyIsEnginePerformancetext" duration-ms="45" started-at="2020-08-22T12:07:35Z" finished-at="2020-08-22T12:07:35Z">
          <reporter-output>
          </reporter-output>
        </test-method> <!-- verifyIsEnginePerformancetext -->
        <test-method status="PASS" signature="verifyIsListPriceVisible()[pri:0, instance:testScripts.Motorcycle.EnterVehicleData@64bfbc86]" name="verifyIsListPriceVisible" duration-ms="22" started-at="2020-08-22T12:07:35Z" finished-at="2020-08-22T12:07:35Z">
          <reporter-output>
          </reporter-output>
        </test-method> <!-- verifyIsListPriceVisible -->
        <test-method status="PASS" signature="verifyIsListpricetext()[pri:0, instance:testScripts.Motorcycle.EnterVehicleData@64bfbc86]" name="verifyIsListpricetext" duration-ms="43" started-at="2020-08-22T12:07:35Z" finished-at="2020-08-22T12:07:35Z">
          <reporter-output>
          </reporter-output>
        </test-method> <!-- verifyIsListpricetext -->
        <test-method status="PASS" signature="verifyIsMakeVisible()[pri:0, instance:testScripts.Motorcycle.EnterVehicleData@64bfbc86]" name="verifyIsMakeVisible" duration-ms="24" started-at="2020-08-22T12:07:35Z" finished-at="2020-08-22T12:07:35Z">
          <reporter-output>
          </reporter-output>
        </test-method> <!-- verifyIsMakeVisible -->
        <test-method status="PASS" signature="verifyIsMaketext()[pri:0, instance:testScripts.Motorcycle.EnterVehicleData@64bfbc86]" name="verifyIsMaketext" duration-ms="43" started-at="2020-08-22T12:07:35Z" finished-at="2020-08-22T12:07:35Z">
          <reporter-output>
          </reporter-output>
        </test-method> <!-- verifyIsMaketext -->
        <test-method status="PASS" signature="verifyIsModelVisible()[pri:0, instance:testScripts.Motorcycle.EnterVehicleData@64bfbc86]" name="verifyIsModelVisible" duration-ms="21" started-at="2020-08-22T12:07:35Z" finished-at="2020-08-22T12:07:35Z">
          <reporter-output>
          </reporter-output>
        </test-method> <!-- verifyIsModelVisible -->
        <test-method status="PASS" signature="verifyIsModeltext()[pri:0, instance:testScripts.Motorcycle.EnterVehicleData@64bfbc86]" name="verifyIsModeltext" duration-ms="77" started-at="2020-08-22T12:07:35Z" finished-at="2020-08-22T12:07:35Z">
          <reporter-output>
          </reporter-output>
        </test-method> <!-- verifyIsModeltext -->
        <test-method status="PASS" signature="verifyIsNextButtonVisible()[pri:0, instance:testScripts.Motorcycle.EnterVehicleData@64bfbc86]" name="verifyIsNextButtonVisible" duration-ms="20" started-at="2020-08-22T12:07:35Z" finished-at="2020-08-22T12:07:35Z">
          <reporter-output>
          </reporter-output>
        </test-method> <!-- verifyIsNextButtonVisible -->
        <test-method status="PASS" signature="verifyIsNextButtontext()[pri:0, instance:testScripts.Motorcycle.EnterVehicleData@64bfbc86]" name="verifyIsNextButtontext" duration-ms="46" started-at="2020-08-22T12:07:35Z" finished-at="2020-08-22T12:07:35Z">
          <reporter-output>
          </reporter-output>
        </test-method> <!-- verifyIsNextButtontext -->
        <test-method status="PASS" signature="verifyIsNumberOfSeatsVisible()[pri:0, instance:testScripts.Motorcycle.EnterVehicleData@64bfbc86]" name="verifyIsNumberOfSeatsVisible" duration-ms="23" started-at="2020-08-22T12:07:35Z" finished-at="2020-08-22T12:07:35Z">
          <reporter-output>
          </reporter-output>
        </test-method> <!-- verifyIsNumberOfSeatsVisible -->
        <test-method status="PASS" signature="verifyIsNumberofSeatstext()[pri:0, instance:testScripts.Motorcycle.EnterVehicleData@64bfbc86]" name="verifyIsNumberofSeatstext" duration-ms="44" started-at="2020-08-22T12:07:35Z" finished-at="2020-08-22T12:07:35Z">
          <reporter-output>
          </reporter-output>
        </test-method> <!-- verifyIsNumberofSeatstext -->
        <test-method status="PASS" signature="verifyIsOpenDateOfCalenderButtonVisible()[pri:0, instance:testScripts.Motorcycle.EnterVehicleData@64bfbc86]" name="verifyIsOpenDateOfCalenderButtonVisible" duration-ms="22" started-at="2020-08-22T12:07:35Z" finished-at="2020-08-22T12:07:35Z">
          <reporter-output>
          </reporter-output>
        </test-method> <!-- verifyIsOpenDateOfCalenderButtonVisible -->
        <test-method status="PASS" signature="verifyIsOpenNextButtonVisible()[pri:0, instance:testScripts.Motorcycle.EnterVehicleData@64bfbc86]" name="verifyIsOpenNextButtonVisible" duration-ms="23" started-at="2020-08-22T12:07:35Z" finished-at="2020-08-22T12:07:35Z">
          <reporter-output>
          </reporter-output>
        </test-method> <!-- verifyIsOpenNextButtonVisible -->
        <test-method status="PASS" signature="verifyIsOpenPrevButtonVisible()[pri:0, instance:testScripts.Motorcycle.EnterVehicleData@64bfbc86]" name="verifyIsOpenPrevButtonVisible" duration-ms="22" started-at="2020-08-22T12:07:35Z" finished-at="2020-08-22T12:07:35Z">
          <reporter-output>
          </reporter-output>
        </test-method> <!-- verifyIsOpenPrevButtonVisible -->
        <test-method status="PASS" signature="verifyIsSelectMakeMakerSelectable()[pri:0, instance:testScripts.Motorcycle.EnterVehicleData@64bfbc86]" name="verifyIsSelectMakeMakerSelectable" duration-ms="164" started-at="2020-08-22T12:07:35Z" finished-at="2020-08-22T12:07:35Z">
          <reporter-output>
          </reporter-output>
        </test-method> <!-- verifyIsSelectMakeMakerSelectable -->
        <test-method status="PASS" signature="verifyIsSelectModelMakerSelectable()[pri:0, instance:testScripts.Motorcycle.EnterVehicleData@64bfbc86]" name="verifyIsSelectModelMakerSelectable" duration-ms="125" started-at="2020-08-22T12:07:35Z" finished-at="2020-08-22T12:07:35Z">
          <reporter-output>
          </reporter-output>
        </test-method> <!-- verifyIsSelectModelMakerSelectable -->
        <test-method status="PASS" signature="verifyIsSelectnumberofseatsSelectable()[pri:0, instance:testScripts.Motorcycle.EnterVehicleData@64bfbc86]" name="verifyIsSelectnumberofseatsSelectable" duration-ms="109" started-at="2020-08-22T12:07:35Z" finished-at="2020-08-22T12:07:35Z">
          <reporter-output>
          </reporter-output>
        </test-method> <!-- verifyIsSelectnumberofseatsSelectable -->
        <test-method status="PASS" signature="verifyListPriceSelection()[pri:0, instance:testScripts.Motorcycle.EnterVehicleData@64bfbc86]" name="verifyListPriceSelection" duration-ms="1042" started-at="2020-08-22T12:07:35Z" finished-at="2020-08-22T12:07:37Z">
          <reporter-output>
          </reporter-output>
        </test-method> <!-- verifyListPriceSelection -->
        <test-method status="PASS" signature="closeBrowser()[pri:0, instance:testScripts.Motorcycle.EnterVehicleData@64bfbc86]" name="closeBrowser" is-config="true" duration-ms="856" started-at="2020-08-22T12:10:25Z" finished-at="2020-08-22T12:10:26Z">
          <reporter-output>
          </reporter-output>
        </test-method> <!-- closeBrowser -->
        <test-method status="PASS" signature="tearDown()[pri:0, instance:testScripts.Motorcycle.EnterVehicleData@64bfbc86]" name="tearDown" is-config="true" duration-ms="0" started-at="2020-08-22T12:10:26Z" finished-at="2020-08-22T12:10:26Z">
          <reporter-output>
          </reporter-output>
        </test-method> <!-- tearDown -->
      </class> <!-- testScripts.Motorcycle.EnterVehicleData -->
      <class name="testScripts.Motorcycle.SelectPriceOption">
        <test-method status="PASS" signature="preClass()[pri:0, instance:testScripts.Motorcycle.SelectPriceOption@148080bb]" name="preClass" is-config="true" duration-ms="10255" started-at="2020-08-22T12:10:10Z" finished-at="2020-08-22T12:10:20Z">
          <reporter-output>
          </reporter-output>
        </test-method> <!-- preClass -->
        <test-method status="PASS" signature="verifyIsSelectpriceoptionVisible()[pri:0, instance:testScripts.Motorcycle.SelectPriceOption@148080bb]" name="verifyIsSelectpriceoptionVisible" duration-ms="276" started-at="2020-08-22T12:10:20Z" finished-at="2020-08-22T12:10:20Z">
          <reporter-output>
          </reporter-output>
        </test-method> <!-- verifyIsSelectpriceoptionVisible -->
      </class> <!-- testScripts.Motorcycle.SelectPriceOption -->
      <class name="testScripts.Motorcycle.SendQuote">
        <test-method status="PASS" signature="beforeProductData()[pri:0, instance:testScripts.Motorcycle.SendQuote@dc24521]" name="beforeProductData" is-config="true" duration-ms="3001" started-at="2020-08-22T12:10:20Z" finished-at="2020-08-22T12:10:23Z">
          <reporter-output>
          </reporter-output>
        </test-method> <!-- beforeProductData -->
        <test-method status="PASS" signature="verifyIsCommentsVisible()[pri:0, instance:testScripts.Motorcycle.SendQuote@dc24521]" name="verifyIsCommentsVisible" duration-ms="17" started-at="2020-08-22T12:10:23Z" finished-at="2020-08-22T12:10:23Z">
          <reporter-output>
          </reporter-output>
        </test-method> <!-- verifyIsCommentsVisible -->
        <test-method status="PASS" signature="verifyIsConfirmpasswordVisible()[pri:0, instance:testScripts.Motorcycle.SendQuote@dc24521]" name="verifyIsConfirmpasswordVisible" duration-ms="21" started-at="2020-08-22T12:10:23Z" finished-at="2020-08-22T12:10:23Z">
          <reporter-output>
          </reporter-output>
        </test-method> <!-- verifyIsConfirmpasswordVisible -->
        <test-method status="PASS" signature="verifyIsEmailVisible()[pri:0, instance:testScripts.Motorcycle.SendQuote@dc24521]" name="verifyIsEmailVisible" duration-ms="19" started-at="2020-08-22T12:10:23Z" finished-at="2020-08-22T12:10:23Z">
          <reporter-output>
          </reporter-output>
        </test-method> <!-- verifyIsEmailVisible -->
        <test-method status="PASS" signature="verifyIsMainpageVisible()[pri:0, instance:testScripts.Motorcycle.SendQuote@dc24521]" name="verifyIsMainpageVisible" duration-ms="14" started-at="2020-08-22T12:10:23Z" finished-at="2020-08-22T12:10:23Z">
          <reporter-output>
          </reporter-output>
        </test-method> <!-- verifyIsMainpageVisible -->
        <test-method status="PASS" signature="verifyIsNewautomobileinsuranceVisible()[pri:0, instance:testScripts.Motorcycle.SendQuote@dc24521]" name="verifyIsNewautomobileinsuranceVisible" duration-ms="19" started-at="2020-08-22T12:10:23Z" finished-at="2020-08-22T12:10:23Z">
          <reporter-output>
          </reporter-output>
        </test-method> <!-- verifyIsNewautomobileinsuranceVisible -->
        <test-method status="PASS" signature="verifyIsNewcamperinsuranceVisible()[pri:0, instance:testScripts.Motorcycle.SendQuote@dc24521]" name="verifyIsNewcamperinsuranceVisible" duration-ms="19" started-at="2020-08-22T12:10:23Z" finished-at="2020-08-22T12:10:23Z">
          <reporter-output>
          </reporter-output>
        </test-method> <!-- verifyIsNewcamperinsuranceVisible -->
        <test-method status="PASS" signature="verifyIsNewtruckinsuranceVisible()[pri:0, instance:testScripts.Motorcycle.SendQuote@dc24521]" name="verifyIsNewtruckinsuranceVisible" duration-ms="21" started-at="2020-08-22T12:10:23Z" finished-at="2020-08-22T12:10:23Z">
          <reporter-output>
          </reporter-output>
        </test-method> <!-- verifyIsNewtruckinsuranceVisible -->
        <test-method status="PASS" signature="verifyIsPasswordVisible()[pri:0, instance:testScripts.Motorcycle.SendQuote@dc24521]" name="verifyIsPasswordVisible" duration-ms="23" started-at="2020-08-22T12:10:23Z" finished-at="2020-08-22T12:10:23Z">
          <reporter-output>
          </reporter-output>
        </test-method> <!-- verifyIsPasswordVisible -->
        <test-method status="PASS" signature="verifyIsPhoneVisible()[pri:0, instance:testScripts.Motorcycle.SendQuote@dc24521]" name="verifyIsPhoneVisible" duration-ms="21" started-at="2020-08-22T12:10:23Z" finished-at="2020-08-22T12:10:23Z">
          <reporter-output>
          </reporter-output>
        </test-method> <!-- verifyIsPhoneVisible -->
        <test-method status="PASS" signature="verifyIsPrevVisible()[pri:0, instance:testScripts.Motorcycle.SendQuote@dc24521]" name="verifyIsPrevVisible" duration-ms="20" started-at="2020-08-22T12:10:23Z" finished-at="2020-08-22T12:10:23Z">
          <reporter-output>
          </reporter-output>
        </test-method> <!-- verifyIsPrevVisible -->
        <test-method status="PASS" signature="verifyIsSendemailVisible()[pri:0, instance:testScripts.Motorcycle.SendQuote@dc24521]" name="verifyIsSendemailVisible" duration-ms="23" started-at="2020-08-22T12:10:23Z" finished-at="2020-08-22T12:10:24Z">
          <reporter-output>
          </reporter-output>
        </test-method> <!-- verifyIsSendemailVisible -->
        <test-method status="PASS" signature="verifyIsUsernameVisible()[pri:0, instance:testScripts.Motorcycle.SendQuote@dc24521]" name="verifyIsUsernameVisible" duration-ms="15" started-at="2020-08-22T12:10:24Z" finished-at="2020-08-22T12:10:24Z">
          <reporter-output>
          </reporter-output>
        </test-method> <!-- verifyIsUsernameVisible -->
      </class> <!-- testScripts.Motorcycle.SendQuote -->
      <class name="testScripts.Motorcycle.EnterInsuranceData">
        <test-method status="PASS" signature="navigateToEnterInsuranceData()[pri:0, instance:testScripts.Motorcycle.EnterInsuranceData@64bf3bbf]" name="navigateToEnterInsuranceData" is-config="true" duration-ms="135" started-at="2020-08-22T12:07:37Z" finished-at="2020-08-22T12:07:37Z">
          <reporter-output>
          </reporter-output>
        </test-method> <!-- navigateToEnterInsuranceData -->
        <test-method status="PASS" signature="hobbiesOptionsVisible(java.lang.String)[pri:0, instance:testScripts.Motorcycle.EnterInsuranceData@64bf3bbf]" name="hobbiesOptionsVisible" duration-ms="24" started-at="2020-08-22T12:07:38Z" data-provider="hobbiesOptions" finished-at="2020-08-22T12:07:38Z">
          <params>
            <param index="0">
              <value>
                <![CDATA[ Speeding]]>
              </value>
            </param>
          </params>
          <reporter-output>
          </reporter-output>
        </test-method> <!-- hobbiesOptionsVisible -->
        <test-method status="PASS" signature="hobbiesOptionsVisible(java.lang.String)[pri:0, instance:testScripts.Motorcycle.EnterInsuranceData@64bf3bbf]" name="hobbiesOptionsVisible" duration-ms="24" started-at="2020-08-22T12:07:38Z" data-provider="hobbiesOptions" finished-at="2020-08-22T12:07:38Z">
          <params>
            <param index="0">
              <value>
                <![CDATA[ Bungee Jumping]]>
              </value>
            </param>
          </params>
          <reporter-output>
          </reporter-output>
        </test-method> <!-- hobbiesOptionsVisible -->
        <test-method status="PASS" signature="hobbiesOptionsVisible(java.lang.String)[pri:0, instance:testScripts.Motorcycle.EnterInsuranceData@64bf3bbf]" name="hobbiesOptionsVisible" duration-ms="60" started-at="2020-08-22T12:07:38Z" data-provider="hobbiesOptions" finished-at="2020-08-22T12:07:38Z">
          <params>
            <param index="0">
              <value>
                <![CDATA[ Cliff Diving]]>
              </value>
            </param>
          </params>
          <reporter-output>
          </reporter-output>
        </test-method> <!-- hobbiesOptionsVisible -->
        <test-method status="PASS" signature="hobbiesOptionsVisible(java.lang.String)[pri:0, instance:testScripts.Motorcycle.EnterInsuranceData@64bf3bbf]" name="hobbiesOptionsVisible" duration-ms="17" started-at="2020-08-22T12:07:38Z" data-provider="hobbiesOptions" finished-at="2020-08-22T12:07:38Z">
          <params>
            <param index="0">
              <value>
                <![CDATA[ Skydiving]]>
              </value>
            </param>
          </params>
          <reporter-output>
          </reporter-output>
        </test-method> <!-- hobbiesOptionsVisible -->
        <test-method status="PASS" signature="hobbiesOptionsVisible(java.lang.String)[pri:0, instance:testScripts.Motorcycle.EnterInsuranceData@64bf3bbf]" name="hobbiesOptionsVisible" duration-ms="19" started-at="2020-08-22T12:07:38Z" data-provider="hobbiesOptions" finished-at="2020-08-22T12:07:38Z">
          <params>
            <param index="0">
              <value>
                <![CDATA[ Other]]>
              </value>
            </param>
          </params>
          <reporter-output>
          </reporter-output>
        </test-method> <!-- hobbiesOptionsVisible -->
        <test-method status="PASS" signature="invalidFirstName(java.lang.String)[pri:0, instance:testScripts.Motorcycle.EnterInsuranceData@64bf3bbf]" name="invalidFirstName" duration-ms="10299" started-at="2020-08-22T12:07:38Z" data-provider="invalidNames" finished-at="2020-08-22T12:07:48Z">
          <params>
            <param index="0">
              <value>
                <![CDATA[a]]>
              </value>
            </param>
          </params>
          <reporter-output>
          </reporter-output>
        </test-method> <!-- invalidFirstName -->
        <test-method status="PASS" signature="invalidFirstName(java.lang.String)[pri:0, instance:testScripts.Motorcycle.EnterInsuranceData@64bf3bbf]" name="invalidFirstName" duration-ms="10230" started-at="2020-08-22T12:07:48Z" data-provider="invalidNames" finished-at="2020-08-22T12:07:58Z">
          <params>
            <param index="0">
              <value>
                <![CDATA[2341aa]]>
              </value>
            </param>
          </params>
          <reporter-output>
          </reporter-output>
        </test-method> <!-- invalidFirstName -->
        <test-method status="PASS" signature="invalidFirstName(java.lang.String)[pri:0, instance:testScripts.Motorcycle.EnterInsuranceData@64bf3bbf]" name="invalidFirstName" duration-ms="10370" started-at="2020-08-22T12:07:58Z" data-provider="invalidNames" finished-at="2020-08-22T12:08:09Z">
          <params>
            <param index="0">
              <value>
                <![CDATA[test123]]>
              </value>
            </param>
          </params>
          <reporter-output>
          </reporter-output>
        </test-method> <!-- invalidFirstName -->
        <test-method status="PASS" signature="invalidFirstName(java.lang.String)[pri:0, instance:testScripts.Motorcycle.EnterInsuranceData@64bf3bbf]" name="invalidFirstName" duration-ms="10256" started-at="2020-08-22T12:08:09Z" data-provider="invalidNames" finished-at="2020-08-22T12:08:19Z">
          <params>
            <param index="0">
              <value>
                <![CDATA[test*()]]>
              </value>
            </param>
          </params>
          <reporter-output>
          </reporter-output>
        </test-method> <!-- invalidFirstName -->
        <test-method status="PASS" signature="invalidLastName(java.lang.String)[pri:0, instance:testScripts.Motorcycle.EnterInsuranceData@64bf3bbf]" name="invalidLastName" duration-ms="10219" started-at="2020-08-22T12:08:19Z" data-provider="invalidNames" finished-at="2020-08-22T12:08:29Z">
          <params>
            <param index="0">
              <value>
                <![CDATA[a]]>
              </value>
            </param>
          </params>
          <reporter-output>
          </reporter-output>
        </test-method> <!-- invalidLastName -->
        <test-method status="PASS" signature="invalidLastName(java.lang.String)[pri:0, instance:testScripts.Motorcycle.EnterInsuranceData@64bf3bbf]" name="invalidLastName" duration-ms="10292" started-at="2020-08-22T12:08:29Z" data-provider="invalidNames" finished-at="2020-08-22T12:08:40Z">
          <params>
            <param index="0">
              <value>
                <![CDATA[2341aa]]>
              </value>
            </param>
          </params>
          <reporter-output>
          </reporter-output>
        </test-method> <!-- invalidLastName -->
        <test-method status="PASS" signature="invalidLastName(java.lang.String)[pri:0, instance:testScripts.Motorcycle.EnterInsuranceData@64bf3bbf]" name="invalidLastName" duration-ms="10216" started-at="2020-08-22T12:08:40Z" data-provider="invalidNames" finished-at="2020-08-22T12:08:50Z">
          <params>
            <param index="0">
              <value>
                <![CDATA[test123]]>
              </value>
            </param>
          </params>
          <reporter-output>
          </reporter-output>
        </test-method> <!-- invalidLastName -->
        <test-method status="PASS" signature="invalidLastName(java.lang.String)[pri:0, instance:testScripts.Motorcycle.EnterInsuranceData@64bf3bbf]" name="invalidLastName" duration-ms="10244" started-at="2020-08-22T12:08:50Z" data-provider="invalidNames" finished-at="2020-08-22T12:09:00Z">
          <params>
            <param index="0">
              <value>
                <![CDATA[test*()]]>
              </value>
            </param>
          </params>
          <reporter-output>
          </reporter-output>
        </test-method> <!-- invalidLastName -->
        <test-method status="PASS" signature="invalidWebsitentry(java.lang.String)[pri:0, instance:testScripts.Motorcycle.EnterInsuranceData@64bf3bbf]" name="invalidWebsitentry" duration-ms="10388" started-at="2020-08-22T12:09:00Z" data-provider="invalidWebsiteTestData" finished-at="2020-08-22T12:09:11Z">
          <params>
            <param index="0">
              <value>
                <![CDATA[a.x]]>
              </value>
            </param>
          </params>
          <reporter-output>
          </reporter-output>
        </test-method> <!-- invalidWebsitentry -->
        <test-method status="PASS" signature="invalidWebsitentry(java.lang.String)[pri:0, instance:testScripts.Motorcycle.EnterInsuranceData@64bf3bbf]" name="invalidWebsitentry" duration-ms="10165" started-at="2020-08-22T12:09:11Z" data-provider="invalidWebsiteTestData" finished-at="2020-08-22T12:09:21Z">
          <params>
            <param index="0">
              <value>
                <![CDATA[abvc]]>
              </value>
            </param>
          </params>
          <reporter-output>
          </reporter-output>
        </test-method> <!-- invalidWebsitentry -->
        <test-method status="PASS" signature="invalidWebsitentry(java.lang.String)[pri:0, instance:testScripts.Motorcycle.EnterInsuranceData@64bf3bbf]" name="invalidWebsitentry" duration-ms="10220" started-at="2020-08-22T12:09:21Z" data-provider="invalidWebsiteTestData" finished-at="2020-08-22T12:09:31Z">
          <params>
            <param index="0">
              <value>
                <![CDATA[***.com]]>
              </value>
            </param>
          </params>
          <reporter-output>
          </reporter-output>
        </test-method> <!-- invalidWebsitentry -->
        <test-method status="PASS" signature="invalidWebsitentry(java.lang.String)[pri:0, instance:testScripts.Motorcycle.EnterInsuranceData@64bf3bbf]" name="invalidWebsitentry" duration-ms="10186" started-at="2020-08-22T12:09:31Z" data-provider="invalidWebsiteTestData" finished-at="2020-08-22T12:09:41Z">
          <params>
            <param index="0">
              <value>
                <![CDATA[ ]]>
              </value>
            </param>
          </params>
          <reporter-output>
          </reporter-output>
        </test-method> <!-- invalidWebsitentry -->
        <test-method status="PASS" signature="invalidWebsitentry(java.lang.String)[pri:0, instance:testScripts.Motorcycle.EnterInsuranceData@64bf3bbf]" name="invalidWebsitentry" duration-ms="10169" started-at="2020-08-22T12:09:41Z" data-provider="invalidWebsiteTestData" finished-at="2020-08-22T12:09:51Z">
          <params>
            <param index="0">
              <value>
                <![CDATA[12.d]]>
              </value>
            </param>
          </params>
          <reporter-output>
          </reporter-output>
        </test-method> <!-- invalidWebsitentry -->
        <test-method status="PASS" signature="isHobbiesCheckBoxVisible()[pri:0, instance:testScripts.Motorcycle.EnterInsuranceData@64bf3bbf]" name="isHobbiesCheckBoxVisible" duration-ms="32" started-at="2020-08-22T12:09:51Z" finished-at="2020-08-22T12:09:51Z">
          <reporter-output>
          </reporter-output>
        </test-method> <!-- isHobbiesCheckBoxVisible -->
        <test-method status="PASS" signature="isHobbiesLabelVisible()[pri:0, instance:testScripts.Motorcycle.EnterInsuranceData@64bf3bbf]" name="isHobbiesLabelVisible" duration-ms="16" started-at="2020-08-22T12:09:51Z" finished-at="2020-08-22T12:09:51Z">
          <reporter-output>
          </reporter-output>
        </test-method> <!-- isHobbiesLabelVisible -->
        <test-method status="PASS" signature="isNextButtonVisible()[pri:0, instance:testScripts.Motorcycle.EnterInsuranceData@64bf3bbf]" name="isNextButtonVisible" duration-ms="14" started-at="2020-08-22T12:09:51Z" finished-at="2020-08-22T12:09:51Z">
          <reporter-output>
          </reporter-output>
        </test-method> <!-- isNextButtonVisible -->
        <test-method status="PASS" signature="isPictureLabelVisible()[pri:0, instance:testScripts.Motorcycle.EnterInsuranceData@64bf3bbf]" name="isPictureLabelVisible" duration-ms="14" started-at="2020-08-22T12:09:51Z" finished-at="2020-08-22T12:09:51Z">
          <reporter-output>
          </reporter-output>
        </test-method> <!-- isPictureLabelVisible -->
        <test-method status="PASS" signature="isPrevButtonVisible()[pri:0, instance:testScripts.Motorcycle.EnterInsuranceData@64bf3bbf]" name="isPrevButtonVisible" duration-ms="15" started-at="2020-08-22T12:09:51Z" finished-at="2020-08-22T12:09:51Z">
          <reporter-output>
          </reporter-output>
        </test-method> <!-- isPrevButtonVisible -->
        <test-method status="PASS" signature="isWebsiteLabelVisible()[pri:0, instance:testScripts.Motorcycle.EnterInsuranceData@64bf3bbf]" name="isWebsiteLabelVisible" duration-ms="14" started-at="2020-08-22T12:09:51Z" finished-at="2020-08-22T12:09:51Z">
          <reporter-output>
          </reporter-output>
        </test-method> <!-- isWebsiteLabelVisible -->
        <test-method status="PASS" signature="isWebsiteTextBoxVisible()[pri:0, instance:testScripts.Motorcycle.EnterInsuranceData@64bf3bbf]" name="isWebsiteTextBoxVisible" duration-ms="16" started-at="2020-08-22T12:09:51Z" finished-at="2020-08-22T12:09:52Z">
          <reporter-output>
          </reporter-output>
        </test-method> <!-- isWebsiteTextBoxVisible -->
        <test-method status="PASS" signature="occupationOptionsVisible(java.lang.String)[pri:0, instance:testScripts.Motorcycle.EnterInsuranceData@64bf3bbf]" name="occupationOptionsVisible" duration-ms="17" started-at="2020-08-22T12:09:52Z" data-provider="occupationOptions" finished-at="2020-08-22T12:09:52Z">
          <params>
            <param index="0">
              <value>
                <![CDATA[Employee]]>
              </value>
            </param>
          </params>
          <reporter-output>
          </reporter-output>
        </test-method> <!-- occupationOptionsVisible -->
        <test-method status="PASS" signature="occupationOptionsVisible(java.lang.String)[pri:0, instance:testScripts.Motorcycle.EnterInsuranceData@64bf3bbf]" name="occupationOptionsVisible" duration-ms="22" started-at="2020-08-22T12:09:52Z" data-provider="occupationOptions" finished-at="2020-08-22T12:09:52Z">
          <params>
            <param index="0">
              <value>
                <![CDATA[Public Official]]>
              </value>
            </param>
          </params>
          <reporter-output>
          </reporter-output>
        </test-method> <!-- occupationOptionsVisible -->
        <test-method status="PASS" signature="occupationOptionsVisible(java.lang.String)[pri:0, instance:testScripts.Motorcycle.EnterInsuranceData@64bf3bbf]" name="occupationOptionsVisible" duration-ms="22" started-at="2020-08-22T12:09:52Z" data-provider="occupationOptions" finished-at="2020-08-22T12:09:52Z">
          <params>
            <param index="0">
              <value>
                <![CDATA[Farmer]]>
              </value>
            </param>
          </params>
          <reporter-output>
          </reporter-output>
        </test-method> <!-- occupationOptionsVisible -->
        <test-method status="PASS" signature="occupationOptionsVisible(java.lang.String)[pri:0, instance:testScripts.Motorcycle.EnterInsuranceData@64bf3bbf]" name="occupationOptionsVisible" duration-ms="16" started-at="2020-08-22T12:09:52Z" data-provider="occupationOptions" finished-at="2020-08-22T12:09:52Z">
          <params>
            <param index="0">
              <value>
                <![CDATA[Unemployed]]>
              </value>
            </param>
          </params>
          <reporter-output>
          </reporter-output>
        </test-method> <!-- occupationOptionsVisible -->
        <test-method status="PASS" signature="occupationOptionsVisible(java.lang.String)[pri:0, instance:testScripts.Motorcycle.EnterInsuranceData@64bf3bbf]" name="occupationOptionsVisible" duration-ms="15" started-at="2020-08-22T12:09:52Z" data-provider="occupationOptions" finished-at="2020-08-22T12:09:52Z">
          <params>
            <param index="0">
              <value>
                <![CDATA[Selfemployed]]>
              </value>
            </param>
          </params>
          <reporter-output>
          </reporter-output>
        </test-method> <!-- occupationOptionsVisible -->
        <test-method status="PASS" signature="selectPicture()[pri:0, instance:testScripts.Motorcycle.EnterInsuranceData@64bf3bbf]" name="selectPicture" duration-ms="7188" started-at="2020-08-22T12:09:52Z" finished-at="2020-08-22T12:09:59Z">
          <reporter-output>
          </reporter-output>
        </test-method> <!-- selectPicture -->
        <test-method status="PASS" signature="validFirstName(java.lang.String)[pri:0, instance:testScripts.Motorcycle.EnterInsuranceData@64bf3bbf]" name="validFirstName" duration-ms="258" started-at="2020-08-22T12:09:59Z" data-provider="validNames" finished-at="2020-08-22T12:09:59Z">
          <params>
            <param index="0">
              <value>
                <![CDATA[test]]>
              </value>
            </param>
          </params>
          <reporter-output>
          </reporter-output>
        </test-method> <!-- validFirstName -->
        <test-method status="PASS" signature="validFirstName(java.lang.String)[pri:0, instance:testScripts.Motorcycle.EnterInsuranceData@64bf3bbf]" name="validFirstName" duration-ms="240" started-at="2020-08-22T12:09:59Z" data-provider="validNames" finished-at="2020-08-22T12:09:59Z">
          <params>
            <param index="0">
              <value>
                <![CDATA[firstNameTest]]>
              </value>
            </param>
          </params>
          <reporter-output>
          </reporter-output>
        </test-method> <!-- validFirstName -->
        <test-method status="PASS" signature="validHobbiesSelection()[pri:0, instance:testScripts.Motorcycle.EnterInsuranceData@64bf3bbf]" name="validHobbiesSelection" duration-ms="141" started-at="2020-08-22T12:09:59Z" finished-at="2020-08-22T12:10:00Z">
          <reporter-output>
          </reporter-output>
        </test-method> <!-- validHobbiesSelection -->
        <test-method status="PASS" signature="validLastName(java.lang.String)[pri:0, instance:testScripts.Motorcycle.EnterInsuranceData@64bf3bbf]" name="validLastName" duration-ms="267" started-at="2020-08-22T12:10:00Z" data-provider="validNames" finished-at="2020-08-22T12:10:00Z">
          <params>
            <param index="0">
              <value>
                <![CDATA[test]]>
              </value>
            </param>
          </params>
          <reporter-output>
          </reporter-output>
        </test-method> <!-- validLastName -->
        <test-method status="PASS" signature="validLastName(java.lang.String)[pri:0, instance:testScripts.Motorcycle.EnterInsuranceData@64bf3bbf]" name="validLastName" duration-ms="215" started-at="2020-08-22T12:10:00Z" data-provider="validNames" finished-at="2020-08-22T12:10:00Z">
          <params>
            <param index="0">
              <value>
                <![CDATA[firstNameTest]]>
              </value>
            </param>
          </params>
          <reporter-output>
          </reporter-output>
        </test-method> <!-- validLastName -->
        <test-method status="PASS" signature="validWebsiteEntry(java.lang.String)[pri:0, instance:testScripts.Motorcycle.EnterInsuranceData@64bf3bbf]" name="validWebsiteEntry" duration-ms="184" started-at="2020-08-22T12:10:00Z" data-provider="validWebsiteTestData" finished-at="2020-08-22T12:10:00Z">
          <params>
            <param index="0">
              <value>
                <![CDATA[abc.com]]>
              </value>
            </param>
          </params>
          <reporter-output>
          </reporter-output>
        </test-method> <!-- validWebsiteEntry -->
        <test-method status="PASS" signature="validWebsiteEntry(java.lang.String)[pri:0, instance:testScripts.Motorcycle.EnterInsuranceData@64bf3bbf]" name="validWebsiteEntry" duration-ms="163" started-at="2020-08-22T12:10:00Z" data-provider="validWebsiteTestData" finished-at="2020-08-22T12:10:01Z">
          <params>
            <param index="0">
              <value>
                <![CDATA[ab.ca]]>
              </value>
            </param>
          </params>
          <reporter-output>
          </reporter-output>
        </test-method> <!-- validWebsiteEntry -->
        <test-method status="PASS" signature="validWebsiteEntry(java.lang.String)[pri:0, instance:testScripts.Motorcycle.EnterInsuranceData@64bf3bbf]" name="validWebsiteEntry" duration-ms="199" started-at="2020-08-22T12:10:01Z" data-provider="validWebsiteTestData" finished-at="2020-08-22T12:10:01Z">
          <params>
            <param index="0">
              <value>
                <![CDATA[123.ss]]>
              </value>
            </param>
          </params>
          <reporter-output>
          </reporter-output>
        </test-method> <!-- validWebsiteEntry -->
        <test-method status="PASS" signature="verifyNextButtonText()[pri:0, instance:testScripts.Motorcycle.EnterInsuranceData@64bf3bbf]" name="verifyNextButtonText" duration-ms="33" started-at="2020-08-22T12:10:01Z" finished-at="2020-08-22T12:10:01Z">
          <reporter-output>
          </reporter-output>
        </test-method> <!-- verifyNextButtonText -->
        <test-method status="PASS" signature="verifyOnClickPrevButton()[pri:0, instance:testScripts.Motorcycle.EnterInsuranceData@64bf3bbf]" name="verifyOnClickPrevButton" duration-ms="223" started-at="2020-08-22T12:10:01Z" finished-at="2020-08-22T12:10:01Z">
          <reporter-output>
          </reporter-output>
        </test-method> <!-- verifyOnClickPrevButton -->
        <test-method status="PASS" signature="verifyPrevButtonText()[pri:0, instance:testScripts.Motorcycle.EnterInsuranceData@64bf3bbf]" name="verifyPrevButtonText" duration-ms="44" started-at="2020-08-22T12:10:01Z" finished-at="2020-08-22T12:10:01Z">
          <reporter-output>
          </reporter-output>
        </test-method> <!-- verifyPrevButtonText -->
      </class> <!-- testScripts.Motorcycle.EnterInsuranceData -->
    </test> <!-- Motorcycle -->
  </suite> <!-- Suite -->
</testng-results>
