<?xml version="1.0" encoding="UTF-8"?>
<testng-results skipped="0" failed="0" ignored="16" total="112" passed="96">
  <reporter-output>
  </reporter-output>
  <suite name="Suite" duration-ms="145561" started-at="2020-08-21T10:25:49Z" finished-at="2020-08-21T10:28:15Z">
    <groups>
    </groups>
    <test name="Test" duration-ms="145561" started-at="2020-08-21T10:25:49Z" finished-at="2020-08-21T10:28:15Z">
      <class name="testScripts.Motorcycle.EnterProductData">
        <test-method status="PASS" signature="beforeProductData()[pri:0, instance:testScripts.Motorcycle.EnterProductData@6a41eaa2]" name="beforeProductData" is-config="true" duration-ms="5136" started-at="2020-08-21T10:27:51Z" finished-at="2020-08-21T10:27:56Z">
          <reporter-output>
          </reporter-output>
        </test-method> <!-- beforeProductData -->
        <test-method status="PASS" signature="checkNextLabelInsSum()[pri:0, instance:testScripts.Motorcycle.EnterProductData@6a41eaa2]" name="checkNextLabelInsSum" duration-ms="84" started-at="2020-08-21T10:27:56Z" finished-at="2020-08-21T10:27:56Z">
          <reporter-output>
          </reporter-output>
        </test-method> <!-- checkNextLabelInsSum -->
        <test-method status="PASS" signature="damageInsuranceLabelVisible()[pri:0, instance:testScripts.Motorcycle.EnterProductData@6a41eaa2]" name="damageInsuranceLabelVisible" duration-ms="18" started-at="2020-08-21T10:27:56Z" finished-at="2020-08-21T10:27:56Z">
          <reporter-output>
          </reporter-output>
        </test-method> <!-- damageInsuranceLabelVisible -->
        <test-method status="PASS" signature="damageInsuranceOptionsVisible(java.lang.String)[pri:0, instance:testScripts.Motorcycle.EnterProductData@6a41eaa2]" name="damageInsuranceOptionsVisible" duration-ms="197" started-at="2020-08-21T10:27:56Z" data-provider="damageInsuranceOptions" finished-at="2020-08-21T10:27:56Z">
          <params>
            <param index="0">
              <value>
                <![CDATA[No Coverage]]>
              </value>
            </param>
          </params>
          <reporter-output>
          </reporter-output>
        </test-method> <!-- damageInsuranceOptionsVisible -->
        <test-method status="PASS" signature="damageInsuranceOptionsVisible(java.lang.String)[pri:0, instance:testScripts.Motorcycle.EnterProductData@6a41eaa2]" name="damageInsuranceOptionsVisible" duration-ms="144" started-at="2020-08-21T10:27:56Z" data-provider="damageInsuranceOptions" finished-at="2020-08-21T10:27:57Z">
          <params>
            <param index="0">
              <value>
                <![CDATA[Partial Coverage]]>
              </value>
            </param>
          </params>
          <reporter-output>
          </reporter-output>
        </test-method> <!-- damageInsuranceOptionsVisible -->
        <test-method status="PASS" signature="damageInsuranceOptionsVisible(java.lang.String)[pri:0, instance:testScripts.Motorcycle.EnterProductData@6a41eaa2]" name="damageInsuranceOptionsVisible" duration-ms="147" started-at="2020-08-21T10:27:57Z" data-provider="damageInsuranceOptions" finished-at="2020-08-21T10:27:57Z">
          <params>
            <param index="0">
              <value>
                <![CDATA[Full Coverage]]>
              </value>
            </param>
          </params>
          <reporter-output>
          </reporter-output>
        </test-method> <!-- damageInsuranceOptionsVisible -->
        <test-method status="PASS" signature="hobbiesOptionsVisible(java.lang.String)[pri:0, instance:testScripts.Motorcycle.EnterProductData@6a41eaa2]" name="hobbiesOptionsVisible" duration-ms="178" started-at="2020-08-21T10:27:57Z" data-provider="insuranceSumOptions" finished-at="2020-08-21T10:27:57Z">
          <params>
            <param index="0">
              <value>
                <![CDATA[3.000.000,00]]>
              </value>
            </param>
          </params>
          <reporter-output>
          </reporter-output>
        </test-method> <!-- hobbiesOptionsVisible -->
        <test-method status="PASS" signature="hobbiesOptionsVisible(java.lang.String)[pri:0, instance:testScripts.Motorcycle.EnterProductData@6a41eaa2]" name="hobbiesOptionsVisible" duration-ms="142" started-at="2020-08-21T10:27:57Z" data-provider="insuranceSumOptions" finished-at="2020-08-21T10:27:57Z">
          <params>
            <param index="0">
              <value>
                <![CDATA[5.000.000,00]]>
              </value>
            </param>
          </params>
          <reporter-output>
          </reporter-output>
        </test-method> <!-- hobbiesOptionsVisible -->
        <test-method status="PASS" signature="hobbiesOptionsVisible(java.lang.String)[pri:0, instance:testScripts.Motorcycle.EnterProductData@6a41eaa2]" name="hobbiesOptionsVisible" duration-ms="141" started-at="2020-08-21T10:27:57Z" data-provider="insuranceSumOptions" finished-at="2020-08-21T10:27:57Z">
          <params>
            <param index="0">
              <value>
                <![CDATA[7.000.000,00]]>
              </value>
            </param>
          </params>
          <reporter-output>
          </reporter-output>
        </test-method> <!-- hobbiesOptionsVisible -->
        <test-method status="PASS" signature="hobbiesOptionsVisible(java.lang.String)[pri:0, instance:testScripts.Motorcycle.EnterProductData@6a41eaa2]" name="hobbiesOptionsVisible" duration-ms="139" started-at="2020-08-21T10:27:57Z" data-provider="insuranceSumOptions" finished-at="2020-08-21T10:27:57Z">
          <params>
            <param index="0">
              <value>
                <![CDATA[10.000.000,00]]>
              </value>
            </param>
          </params>
          <reporter-output>
          </reporter-output>
        </test-method> <!-- hobbiesOptionsVisible -->
        <test-method status="PASS" signature="hobbiesOptionsVisible(java.lang.String)[pri:0, instance:testScripts.Motorcycle.EnterProductData@6a41eaa2]" name="hobbiesOptionsVisible" duration-ms="140" started-at="2020-08-21T10:27:57Z" data-provider="insuranceSumOptions" finished-at="2020-08-21T10:27:58Z">
          <params>
            <param index="0">
              <value>
                <![CDATA[15.000.000,00]]>
              </value>
            </param>
          </params>
          <reporter-output>
          </reporter-output>
        </test-method> <!-- hobbiesOptionsVisible -->
        <test-method status="PASS" signature="hobbiesOptionsVisible(java.lang.String)[pri:0, instance:testScripts.Motorcycle.EnterProductData@6a41eaa2]" name="hobbiesOptionsVisible" duration-ms="184" started-at="2020-08-21T10:27:58Z" data-provider="insuranceSumOptions" finished-at="2020-08-21T10:27:58Z">
          <params>
            <param index="0">
              <value>
                <![CDATA[20.000.000,00]]>
              </value>
            </param>
          </params>
          <reporter-output>
          </reporter-output>
        </test-method> <!-- hobbiesOptionsVisible -->
        <test-method status="PASS" signature="hobbiesOptionsVisible(java.lang.String)[pri:0, instance:testScripts.Motorcycle.EnterProductData@6a41eaa2]" name="hobbiesOptionsVisible" duration-ms="145" started-at="2020-08-21T10:27:58Z" data-provider="insuranceSumOptions" finished-at="2020-08-21T10:27:58Z">
          <params>
            <param index="0">
              <value>
                <![CDATA[25.000.000,00]]>
              </value>
            </param>
          </params>
          <reporter-output>
          </reporter-output>
        </test-method> <!-- hobbiesOptionsVisible -->
        <test-method status="PASS" signature="hobbiesOptionsVisible(java.lang.String)[pri:0, instance:testScripts.Motorcycle.EnterProductData@6a41eaa2]" name="hobbiesOptionsVisible" duration-ms="141" started-at="2020-08-21T10:27:58Z" data-provider="insuranceSumOptions" finished-at="2020-08-21T10:27:58Z">
          <params>
            <param index="0">
              <value>
                <![CDATA[30.000.000,00]]>
              </value>
            </param>
          </params>
          <reporter-output>
          </reporter-output>
        </test-method> <!-- hobbiesOptionsVisible -->
        <test-method status="PASS" signature="hobbiesOptionsVisible(java.lang.String)[pri:0, instance:testScripts.Motorcycle.EnterProductData@6a41eaa2]" name="hobbiesOptionsVisible" duration-ms="140" started-at="2020-08-21T10:27:58Z" data-provider="insuranceSumOptions" finished-at="2020-08-21T10:27:58Z">
          <params>
            <param index="0">
              <value>
                <![CDATA[35.000.000,00]]>
              </value>
            </param>
          </params>
          <reporter-output>
          </reporter-output>
        </test-method> <!-- hobbiesOptionsVisible -->
        <test-method status="PASS" signature="isCalendarButtonClickable()[pri:0, instance:testScripts.Motorcycle.EnterProductData@6a41eaa2]" name="isCalendarButtonClickable" duration-ms="94" started-at="2020-08-21T10:27:58Z" finished-at="2020-08-21T10:27:58Z">
          <reporter-output>
          </reporter-output>
        </test-method> <!-- isCalendarButtonClickable -->
        <test-method status="PASS" signature="isDamageInsuranceDropDownVisible()[pri:0, instance:testScripts.Motorcycle.EnterProductData@6a41eaa2]" name="isDamageInsuranceDropDownVisible" duration-ms="30" started-at="2020-08-21T10:27:58Z" finished-at="2020-08-21T10:27:58Z">
          <reporter-output>
          </reporter-output>
        </test-method> <!-- isDamageInsuranceDropDownVisible -->
        <test-method status="PASS" signature="isInsuranceSumDropDownVisible()[pri:0, instance:testScripts.Motorcycle.EnterProductData@6a41eaa2]" name="isInsuranceSumDropDownVisible" duration-ms="17" started-at="2020-08-21T10:27:58Z" finished-at="2020-08-21T10:27:58Z">
          <reporter-output>
          </reporter-output>
        </test-method> <!-- isInsuranceSumDropDownVisible -->
        <test-method status="PASS" signature="isInsuranceSumLabelVisible()[pri:0, instance:testScripts.Motorcycle.EnterProductData@6a41eaa2]" name="isInsuranceSumLabelVisible" duration-ms="20" started-at="2020-08-21T10:27:58Z" finished-at="2020-08-21T10:27:58Z">
          <reporter-output>
          </reporter-output>
        </test-method> <!-- isInsuranceSumLabelVisible -->
        <test-method status="PASS" signature="isNextButtonVisible()[pri:0, instance:testScripts.Motorcycle.EnterProductData@6a41eaa2]" name="isNextButtonVisible" duration-ms="18" started-at="2020-08-21T10:27:58Z" finished-at="2020-08-21T10:27:58Z">
          <reporter-output>
          </reporter-output>
        </test-method> <!-- isNextButtonVisible -->
        <test-method status="PASS" signature="isOptionalProductTextBoxVisible()[pri:0, instance:testScripts.Motorcycle.EnterProductData@6a41eaa2]" name="isOptionalProductTextBoxVisible" duration-ms="22" started-at="2020-08-21T10:27:58Z" finished-at="2020-08-21T10:27:58Z">
          <reporter-output>
          </reporter-output>
        </test-method> <!-- isOptionalProductTextBoxVisible -->
        <test-method status="PASS" signature="isOptionalProductsLabelVisible()[pri:0, instance:testScripts.Motorcycle.EnterProductData@6a41eaa2]" name="isOptionalProductsLabelVisible" duration-ms="17" started-at="2020-08-21T10:27:58Z" finished-at="2020-08-21T10:27:58Z">
          <reporter-output>
          </reporter-output>
        </test-method> <!-- isOptionalProductsLabelVisible -->
        <test-method status="PASS" signature="isPrevButtonVisible()[pri:0, instance:testScripts.Motorcycle.EnterProductData@6a41eaa2]" name="isPrevButtonVisible" duration-ms="19" started-at="2020-08-21T10:27:58Z" finished-at="2020-08-21T10:27:58Z">
          <reporter-output>
          </reporter-output>
        </test-method> <!-- isPrevButtonVisible -->
        <test-method status="PASS" signature="isStartDateLabelVisible()[pri:0, instance:testScripts.Motorcycle.EnterProductData@6a41eaa2]" name="isStartDateLabelVisible" duration-ms="38" started-at="2020-08-21T10:27:58Z" finished-at="2020-08-21T10:27:58Z">
          <reporter-output>
          </reporter-output>
        </test-method> <!-- isStartDateLabelVisible -->
        <test-method status="PASS" signature="isStartDateTextBoxVisible()[pri:0, instance:testScripts.Motorcycle.EnterProductData@6a41eaa2]" name="isStartDateTextBoxVisible" duration-ms="18" started-at="2020-08-21T10:27:58Z" finished-at="2020-08-21T10:27:58Z">
          <reporter-output>
          </reporter-output>
        </test-method> <!-- isStartDateTextBoxVisible -->
        <test-method status="PASS" signature="validDamageInsuranceDropDownSelection()[pri:0, instance:testScripts.Motorcycle.EnterProductData@6a41eaa2]" name="validDamageInsuranceDropDownSelection" duration-ms="103" started-at="2020-08-21T10:27:58Z" finished-at="2020-08-21T10:27:59Z">
          <reporter-output>
          </reporter-output>
        </test-method> <!-- validDamageInsuranceDropDownSelection -->
        <test-method status="PASS" signature="validInsuranceDropDown()[pri:0, instance:testScripts.Motorcycle.EnterProductData@6a41eaa2]" name="validInsuranceDropDown" duration-ms="84" started-at="2020-08-21T10:27:59Z" finished-at="2020-08-21T10:27:59Z">
          <reporter-output>
          </reporter-output>
        </test-method> <!-- validInsuranceDropDown -->
        <test-method status="PASS" signature="validStartDateText(java.lang.String)[pri:0, instance:testScripts.Motorcycle.EnterProductData@6a41eaa2]" name="validStartDateText" duration-ms="320" started-at="2020-08-21T10:27:59Z" data-provider="startDateValid" finished-at="2020-08-21T10:27:59Z">
          <params>
            <param index="0">
              <value>
                <![CDATA[12/30/2020]]>
              </value>
            </param>
          </params>
          <reporter-output>
          </reporter-output>
        </test-method> <!-- validStartDateText -->
        <test-method status="PASS" signature="verifyNextButtonText()[pri:0, instance:testScripts.Motorcycle.EnterProductData@6a41eaa2]" name="verifyNextButtonText" duration-ms="33" started-at="2020-08-21T10:27:59Z" finished-at="2020-08-21T10:27:59Z">
          <reporter-output>
          </reporter-output>
        </test-method> <!-- verifyNextButtonText -->
        <test-method status="PASS" signature="verifyOnClickPrevButton()[pri:0, instance:testScripts.Motorcycle.EnterProductData@6a41eaa2]" name="verifyOnClickPrevButton" duration-ms="210" started-at="2020-08-21T10:27:59Z" finished-at="2020-08-21T10:27:59Z">
          <reporter-output>
          </reporter-output>
        </test-method> <!-- verifyOnClickPrevButton -->
        <test-method status="PASS" signature="verifyPrevButtonText()[pri:0, instance:testScripts.Motorcycle.EnterProductData@6a41eaa2]" name="verifyPrevButtonText" duration-ms="38" started-at="2020-08-21T10:27:59Z" finished-at="2020-08-21T10:27:59Z">
          <reporter-output>
          </reporter-output>
        </test-method> <!-- verifyPrevButtonText -->
      </class> <!-- testScripts.Motorcycle.EnterProductData -->
      <class name="testScripts.Motorcycle.EnterVehicleData">
        <test-method status="PASS" signature="initialize()[pri:0, instance:testScripts.Motorcycle.EnterVehicleData@6a4f787b]" name="initialize" is-config="true" duration-ms="17" started-at="2020-08-21T10:25:49Z" finished-at="2020-08-21T10:25:49Z">
          <reporter-output>
          </reporter-output>
        </test-method> <!-- initialize -->
        <test-method status="PASS" signature="launchBrowser(java.lang.String)[pri:0, instance:testScripts.Motorcycle.EnterVehicleData@6a4f787b]" name="launchBrowser" is-config="true" duration-ms="35959" started-at="2020-08-21T10:25:49Z" finished-at="2020-08-21T10:26:25Z">
          <params>
            <param index="0">
              <value>
                <![CDATA[Chrome]]>
              </value>
            </param>
          </params>
          <reporter-output>
          </reporter-output>
        </test-method> <!-- launchBrowser -->
        <test-method status="PASS" signature="navigateToEnterVehicleData()[pri:0, instance:testScripts.Motorcycle.EnterVehicleData@6a4f787b]" name="navigateToEnterVehicleData" is-config="true" duration-ms="3046" started-at="2020-08-21T10:26:25Z" finished-at="2020-08-21T10:26:28Z">
          <reporter-output>
          </reporter-output>
        </test-method> <!-- navigateToEnterVehicleData -->
        <test-method status="PASS" signature="verifyAnnualMileageSelection()[pri:0, instance:testScripts.Motorcycle.EnterVehicleData@6a4f787b]" name="verifyAnnualMileageSelection" duration-ms="924" started-at="2020-08-21T10:26:28Z" finished-at="2020-08-21T10:26:29Z">
          <reporter-output>
          </reporter-output>
        </test-method> <!-- verifyAnnualMileageSelection -->
        <test-method status="PASS" signature="verifyCylinderCapacitySelection()[pri:0, instance:testScripts.Motorcycle.EnterVehicleData@6a4f787b]" name="verifyCylinderCapacitySelection" duration-ms="602" started-at="2020-08-21T10:26:29Z" finished-at="2020-08-21T10:26:30Z">
          <reporter-output>
          </reporter-output>
        </test-method> <!-- verifyCylinderCapacitySelection -->
        <test-method status="PASS" signature="verifyDateOfmanufacture()[pri:0, instance:testScripts.Motorcycle.EnterVehicleData@6a4f787b]" name="verifyDateOfmanufacture" duration-ms="532" started-at="2020-08-21T10:26:30Z" finished-at="2020-08-21T10:26:30Z">
          <reporter-output>
          </reporter-output>
        </test-method> <!-- verifyDateOfmanufacture -->
        <test-method status="PASS" signature="verifyEnginePerformanceSelection()[pri:0, instance:testScripts.Motorcycle.EnterVehicleData@6a4f787b]" name="verifyEnginePerformanceSelection" duration-ms="598" started-at="2020-08-21T10:26:30Z" finished-at="2020-08-21T10:26:31Z">
          <reporter-output>
          </reporter-output>
        </test-method> <!-- verifyEnginePerformanceSelection -->
        <test-method status="PASS" signature="verifyIsAnnualMileageVisible()[pri:0, instance:testScripts.Motorcycle.EnterVehicleData@6a4f787b]" name="verifyIsAnnualMileageVisible" duration-ms="20" started-at="2020-08-21T10:26:31Z" finished-at="2020-08-21T10:26:31Z">
          <reporter-output>
          </reporter-output>
        </test-method> <!-- verifyIsAnnualMileageVisible -->
        <test-method status="PASS" signature="verifyIsAnnualMileagetext()[pri:0, instance:testScripts.Motorcycle.EnterVehicleData@6a4f787b]" name="verifyIsAnnualMileagetext" duration-ms="31" started-at="2020-08-21T10:26:31Z" finished-at="2020-08-21T10:26:31Z">
          <reporter-output>
          </reporter-output>
        </test-method> <!-- verifyIsAnnualMileagetext -->
        <test-method status="PASS" signature="verifyIsCylinderCapacityVisible()[pri:0, instance:testScripts.Motorcycle.EnterVehicleData@6a4f787b]" name="verifyIsCylinderCapacityVisible" duration-ms="15" started-at="2020-08-21T10:26:31Z" finished-at="2020-08-21T10:26:31Z">
          <reporter-output>
          </reporter-output>
        </test-method> <!-- verifyIsCylinderCapacityVisible -->
        <test-method status="PASS" signature="verifyIsCylinderCapacitytext()[pri:0, instance:testScripts.Motorcycle.EnterVehicleData@6a4f787b]" name="verifyIsCylinderCapacitytext" duration-ms="32" started-at="2020-08-21T10:26:31Z" finished-at="2020-08-21T10:26:31Z">
          <reporter-output>
          </reporter-output>
        </test-method> <!-- verifyIsCylinderCapacitytext -->
        <test-method status="PASS" signature="verifyIsDateOfManufacturetext()[pri:0, instance:testScripts.Motorcycle.EnterVehicleData@6a4f787b]" name="verifyIsDateOfManufacturetext" duration-ms="31" started-at="2020-08-21T10:26:31Z" finished-at="2020-08-21T10:26:31Z">
          <reporter-output>
          </reporter-output>
        </test-method> <!-- verifyIsDateOfManufacturetext -->
        <test-method status="PASS" signature="verifyIsEnginePerformanceVisible()[pri:0, instance:testScripts.Motorcycle.EnterVehicleData@6a4f787b]" name="verifyIsEnginePerformanceVisible" duration-ms="17" started-at="2020-08-21T10:26:31Z" finished-at="2020-08-21T10:26:31Z">
          <reporter-output>
          </reporter-output>
        </test-method> <!-- verifyIsEnginePerformanceVisible -->
        <test-method status="PASS" signature="verifyIsEnginePerformancetext()[pri:0, instance:testScripts.Motorcycle.EnterVehicleData@6a4f787b]" name="verifyIsEnginePerformancetext" duration-ms="45" started-at="2020-08-21T10:26:31Z" finished-at="2020-08-21T10:26:31Z">
          <reporter-output>
          </reporter-output>
        </test-method> <!-- verifyIsEnginePerformancetext -->
        <test-method status="PASS" signature="verifyIsListPriceVisible()[pri:0, instance:testScripts.Motorcycle.EnterVehicleData@6a4f787b]" name="verifyIsListPriceVisible" duration-ms="23" started-at="2020-08-21T10:26:31Z" finished-at="2020-08-21T10:26:31Z">
          <reporter-output>
          </reporter-output>
        </test-method> <!-- verifyIsListPriceVisible -->
        <test-method status="PASS" signature="verifyIsListpricetext()[pri:0, instance:testScripts.Motorcycle.EnterVehicleData@6a4f787b]" name="verifyIsListpricetext" duration-ms="37" started-at="2020-08-21T10:26:31Z" finished-at="2020-08-21T10:26:31Z">
          <reporter-output>
          </reporter-output>
        </test-method> <!-- verifyIsListpricetext -->
        <test-method status="PASS" signature="verifyIsMakeVisible()[pri:0, instance:testScripts.Motorcycle.EnterVehicleData@6a4f787b]" name="verifyIsMakeVisible" duration-ms="21" started-at="2020-08-21T10:26:31Z" finished-at="2020-08-21T10:26:31Z">
          <reporter-output>
          </reporter-output>
        </test-method> <!-- verifyIsMakeVisible -->
        <test-method status="PASS" signature="verifyIsMaketext()[pri:0, instance:testScripts.Motorcycle.EnterVehicleData@6a4f787b]" name="verifyIsMaketext" duration-ms="35" started-at="2020-08-21T10:26:31Z" finished-at="2020-08-21T10:26:31Z">
          <reporter-output>
          </reporter-output>
        </test-method> <!-- verifyIsMaketext -->
        <test-method status="PASS" signature="verifyIsModelVisible()[pri:0, instance:testScripts.Motorcycle.EnterVehicleData@6a4f787b]" name="verifyIsModelVisible" duration-ms="18" started-at="2020-08-21T10:26:31Z" finished-at="2020-08-21T10:26:31Z">
          <reporter-output>
          </reporter-output>
        </test-method> <!-- verifyIsModelVisible -->
        <test-method status="PASS" signature="verifyIsModeltext()[pri:0, instance:testScripts.Motorcycle.EnterVehicleData@6a4f787b]" name="verifyIsModeltext" duration-ms="36" started-at="2020-08-21T10:26:31Z" finished-at="2020-08-21T10:26:31Z">
          <reporter-output>
          </reporter-output>
        </test-method> <!-- verifyIsModeltext -->
        <test-method status="PASS" signature="verifyIsNextButtonVisible()[pri:0, instance:testScripts.Motorcycle.EnterVehicleData@6a4f787b]" name="verifyIsNextButtonVisible" duration-ms="15" started-at="2020-08-21T10:26:31Z" finished-at="2020-08-21T10:26:31Z">
          <reporter-output>
          </reporter-output>
        </test-method> <!-- verifyIsNextButtonVisible -->
        <test-method status="PASS" signature="verifyIsNextButtontext()[pri:0, instance:testScripts.Motorcycle.EnterVehicleData@6a4f787b]" name="verifyIsNextButtontext" duration-ms="28" started-at="2020-08-21T10:26:31Z" finished-at="2020-08-21T10:26:31Z">
          <reporter-output>
          </reporter-output>
        </test-method> <!-- verifyIsNextButtontext -->
        <test-method status="PASS" signature="verifyIsNumberOfSeatsVisible()[pri:0, instance:testScripts.Motorcycle.EnterVehicleData@6a4f787b]" name="verifyIsNumberOfSeatsVisible" duration-ms="16" started-at="2020-08-21T10:26:31Z" finished-at="2020-08-21T10:26:31Z">
          <reporter-output>
          </reporter-output>
        </test-method> <!-- verifyIsNumberOfSeatsVisible -->
        <test-method status="PASS" signature="verifyIsNumberofSeatstext()[pri:0, instance:testScripts.Motorcycle.EnterVehicleData@6a4f787b]" name="verifyIsNumberofSeatstext" duration-ms="29" started-at="2020-08-21T10:26:31Z" finished-at="2020-08-21T10:26:31Z">
          <reporter-output>
          </reporter-output>
        </test-method> <!-- verifyIsNumberofSeatstext -->
        <test-method status="PASS" signature="verifyIsOpenDateOfCalenderButtonVisible()[pri:0, instance:testScripts.Motorcycle.EnterVehicleData@6a4f787b]" name="verifyIsOpenDateOfCalenderButtonVisible" duration-ms="14" started-at="2020-08-21T10:26:31Z" finished-at="2020-08-21T10:26:31Z">
          <reporter-output>
          </reporter-output>
        </test-method> <!-- verifyIsOpenDateOfCalenderButtonVisible -->
        <test-method status="PASS" signature="verifyIsOpenNextButtonVisible()[pri:0, instance:testScripts.Motorcycle.EnterVehicleData@6a4f787b]" name="verifyIsOpenNextButtonVisible" duration-ms="16" started-at="2020-08-21T10:26:31Z" finished-at="2020-08-21T10:26:31Z">
          <reporter-output>
          </reporter-output>
        </test-method> <!-- verifyIsOpenNextButtonVisible -->
        <test-method status="PASS" signature="verifyIsOpenPrevButtonVisible()[pri:0, instance:testScripts.Motorcycle.EnterVehicleData@6a4f787b]" name="verifyIsOpenPrevButtonVisible" duration-ms="17" started-at="2020-08-21T10:26:31Z" finished-at="2020-08-21T10:26:31Z">
          <reporter-output>
          </reporter-output>
        </test-method> <!-- verifyIsOpenPrevButtonVisible -->
        <test-method status="PASS" signature="verifyIsSelectMaker1Selectable()[pri:0, instance:testScripts.Motorcycle.EnterVehicleData@6a4f787b]" name="verifyIsSelectMaker1Selectable" duration-ms="3118" started-at="2020-08-21T10:26:31Z" finished-at="2020-08-21T10:26:34Z">
          <reporter-output>
          </reporter-output>
        </test-method> <!-- verifyIsSelectMaker1Selectable -->
        <test-method status="PASS" signature="verifyIsSelectMaker2Selectable()[pri:0, instance:testScripts.Motorcycle.EnterVehicleData@6a4f787b]" name="verifyIsSelectMaker2Selectable" duration-ms="3174" started-at="2020-08-21T10:26:34Z" finished-at="2020-08-21T10:26:38Z">
          <reporter-output>
          </reporter-output>
        </test-method> <!-- verifyIsSelectMaker2Selectable -->
        <test-method status="PASS" signature="verifyIsSelectMakerSelectable()[pri:0, instance:testScripts.Motorcycle.EnterVehicleData@6a4f787b]" name="verifyIsSelectMakerSelectable" duration-ms="3217" started-at="2020-08-21T10:26:38Z" finished-at="2020-08-21T10:26:41Z">
          <reporter-output>
          </reporter-output>
        </test-method> <!-- verifyIsSelectMakerSelectable -->
        <test-method status="PASS" signature="verifyListPriceSelection()[pri:0, instance:testScripts.Motorcycle.EnterVehicleData@6a4f787b]" name="verifyListPriceSelection" duration-ms="823" started-at="2020-08-21T10:26:41Z" finished-at="2020-08-21T10:26:42Z">
          <reporter-output>
          </reporter-output>
        </test-method> <!-- verifyListPriceSelection -->
        <test-method status="PASS" signature="closeBrowser()[pri:0, instance:testScripts.Motorcycle.EnterVehicleData@6a4f787b]" name="closeBrowser" is-config="true" duration-ms="804" started-at="2020-08-21T10:28:14Z" finished-at="2020-08-21T10:28:15Z">
          <reporter-output>
          </reporter-output>
        </test-method> <!-- closeBrowser -->
        <test-method status="PASS" signature="tearDown()[pri:0, instance:testScripts.Motorcycle.EnterVehicleData@6a4f787b]" name="tearDown" is-config="true" duration-ms="0" started-at="2020-08-21T10:28:15Z" finished-at="2020-08-21T10:28:15Z">
          <reporter-output>
          </reporter-output>
        </test-method> <!-- tearDown -->
      </class> <!-- testScripts.Motorcycle.EnterVehicleData -->
      <class name="testScripts.Motorcycle.SelectPriceOption">
        <test-method status="PASS" signature="preClass()[pri:0, instance:testScripts.Motorcycle.SelectPriceOption@7cd62f43]" name="preClass" is-config="true" duration-ms="10112" started-at="2020-08-21T10:27:59Z" finished-at="2020-08-21T10:28:09Z">
          <reporter-output>
          </reporter-output>
        </test-method> <!-- preClass -->
        <test-method status="PASS" signature="verifyIsSelectpriceoptionVisible()[pri:0, instance:testScripts.Motorcycle.SelectPriceOption@7cd62f43]" name="verifyIsSelectpriceoptionVisible" duration-ms="277" started-at="2020-08-21T10:28:09Z" finished-at="2020-08-21T10:28:10Z">
          <reporter-output>
          </reporter-output>
        </test-method> <!-- verifyIsSelectpriceoptionVisible -->
      </class> <!-- testScripts.Motorcycle.SelectPriceOption -->
      <class name="testScripts.Motorcycle.SendQuote">
        <test-method status="PASS" signature="beforeProductData()[pri:0, instance:testScripts.Motorcycle.SendQuote@6d4b1c02]" name="beforeProductData" is-config="true" duration-ms="3000" started-at="2020-08-21T10:28:10Z" finished-at="2020-08-21T10:28:13Z">
          <reporter-output>
          </reporter-output>
        </test-method> <!-- beforeProductData -->
        <test-method status="PASS" signature="verifyIsCommentsVisible()[pri:0, instance:testScripts.Motorcycle.SendQuote@6d4b1c02]" name="verifyIsCommentsVisible" duration-ms="45" started-at="2020-08-21T10:28:13Z" finished-at="2020-08-21T10:28:13Z">
          <reporter-output>
          </reporter-output>
        </test-method> <!-- verifyIsCommentsVisible -->
        <test-method status="PASS" signature="verifyIsConfirmpasswordVisible()[pri:0, instance:testScripts.Motorcycle.SendQuote@6d4b1c02]" name="verifyIsConfirmpasswordVisible" duration-ms="27" started-at="2020-08-21T10:28:13Z" finished-at="2020-08-21T10:28:13Z">
          <reporter-output>
          </reporter-output>
        </test-method> <!-- verifyIsConfirmpasswordVisible -->
        <test-method status="PASS" signature="verifyIsEmailVisible()[pri:0, instance:testScripts.Motorcycle.SendQuote@6d4b1c02]" name="verifyIsEmailVisible" duration-ms="17" started-at="2020-08-21T10:28:13Z" finished-at="2020-08-21T10:28:13Z">
          <reporter-output>
          </reporter-output>
        </test-method> <!-- verifyIsEmailVisible -->
        <test-method status="PASS" signature="verifyIsMainpageVisible()[pri:0, instance:testScripts.Motorcycle.SendQuote@6d4b1c02]" name="verifyIsMainpageVisible" duration-ms="14" started-at="2020-08-21T10:28:13Z" finished-at="2020-08-21T10:28:13Z">
          <reporter-output>
          </reporter-output>
        </test-method> <!-- verifyIsMainpageVisible -->
        <test-method status="PASS" signature="verifyIsNewautomobileinsuranceVisible()[pri:0, instance:testScripts.Motorcycle.SendQuote@6d4b1c02]" name="verifyIsNewautomobileinsuranceVisible" duration-ms="14" started-at="2020-08-21T10:28:13Z" finished-at="2020-08-21T10:28:13Z">
          <reporter-output>
          </reporter-output>
        </test-method> <!-- verifyIsNewautomobileinsuranceVisible -->
        <test-method status="PASS" signature="verifyIsNewcamperinsuranceVisible()[pri:0, instance:testScripts.Motorcycle.SendQuote@6d4b1c02]" name="verifyIsNewcamperinsuranceVisible" duration-ms="14" started-at="2020-08-21T10:28:13Z" finished-at="2020-08-21T10:28:13Z">
          <reporter-output>
          </reporter-output>
        </test-method> <!-- verifyIsNewcamperinsuranceVisible -->
        <test-method status="PASS" signature="verifyIsNewtruckinsuranceVisible()[pri:0, instance:testScripts.Motorcycle.SendQuote@6d4b1c02]" name="verifyIsNewtruckinsuranceVisible" duration-ms="14" started-at="2020-08-21T10:28:13Z" finished-at="2020-08-21T10:28:13Z">
          <reporter-output>
          </reporter-output>
        </test-method> <!-- verifyIsNewtruckinsuranceVisible -->
        <test-method status="PASS" signature="verifyIsPasswordVisible()[pri:0, instance:testScripts.Motorcycle.SendQuote@6d4b1c02]" name="verifyIsPasswordVisible" duration-ms="13" started-at="2020-08-21T10:28:13Z" finished-at="2020-08-21T10:28:13Z">
          <reporter-output>
          </reporter-output>
        </test-method> <!-- verifyIsPasswordVisible -->
        <test-method status="PASS" signature="verifyIsPhoneVisible()[pri:0, instance:testScripts.Motorcycle.SendQuote@6d4b1c02]" name="verifyIsPhoneVisible" duration-ms="13" started-at="2020-08-21T10:28:13Z" finished-at="2020-08-21T10:28:13Z">
          <reporter-output>
          </reporter-output>
        </test-method> <!-- verifyIsPhoneVisible -->
        <test-method status="PASS" signature="verifyIsPrevVisible()[pri:0, instance:testScripts.Motorcycle.SendQuote@6d4b1c02]" name="verifyIsPrevVisible" duration-ms="14" started-at="2020-08-21T10:28:13Z" finished-at="2020-08-21T10:28:13Z">
          <reporter-output>
          </reporter-output>
        </test-method> <!-- verifyIsPrevVisible -->
        <test-method status="PASS" signature="verifyIsSendemailVisible()[pri:0, instance:testScripts.Motorcycle.SendQuote@6d4b1c02]" name="verifyIsSendemailVisible" duration-ms="15" started-at="2020-08-21T10:28:13Z" finished-at="2020-08-21T10:28:13Z">
          <reporter-output>
          </reporter-output>
        </test-method> <!-- verifyIsSendemailVisible -->
        <test-method status="PASS" signature="verifyIsUsernameVisible()[pri:0, instance:testScripts.Motorcycle.SendQuote@6d4b1c02]" name="verifyIsUsernameVisible" duration-ms="14" started-at="2020-08-21T10:28:13Z" finished-at="2020-08-21T10:28:13Z">
          <reporter-output>
          </reporter-output>
        </test-method> <!-- verifyIsUsernameVisible -->
      </class> <!-- testScripts.Motorcycle.SendQuote -->
      <class name="testScripts.Motorcycle.EnterInsuranceData">
        <test-method status="PASS" signature="navigateToEnterInsuranceData()[pri:0, instance:testScripts.Motorcycle.EnterInsuranceData@685cb137]" name="navigateToEnterInsuranceData" is-config="true" duration-ms="3196" started-at="2020-08-21T10:26:42Z" finished-at="2020-08-21T10:26:45Z">
          <reporter-output>
          </reporter-output>
        </test-method> <!-- navigateToEnterInsuranceData -->
        <test-method status="PASS" signature="hobbiesOptionsVisible(java.lang.String)[pri:0, instance:testScripts.Motorcycle.EnterInsuranceData@685cb137]" name="hobbiesOptionsVisible" duration-ms="23" started-at="2020-08-21T10:26:46Z" data-provider="hobbiesOptions" finished-at="2020-08-21T10:26:46Z">
          <params>
            <param index="0">
              <value>
                <![CDATA[ Speeding]]>
              </value>
            </param>
          </params>
          <reporter-output>
          </reporter-output>
        </test-method> <!-- hobbiesOptionsVisible -->
        <test-method status="PASS" signature="hobbiesOptionsVisible(java.lang.String)[pri:0, instance:testScripts.Motorcycle.EnterInsuranceData@685cb137]" name="hobbiesOptionsVisible" duration-ms="21" started-at="2020-08-21T10:26:46Z" data-provider="hobbiesOptions" finished-at="2020-08-21T10:26:46Z">
          <params>
            <param index="0">
              <value>
                <![CDATA[ Bungee Jumping]]>
              </value>
            </param>
          </params>
          <reporter-output>
          </reporter-output>
        </test-method> <!-- hobbiesOptionsVisible -->
        <test-method status="PASS" signature="hobbiesOptionsVisible(java.lang.String)[pri:0, instance:testScripts.Motorcycle.EnterInsuranceData@685cb137]" name="hobbiesOptionsVisible" duration-ms="23" started-at="2020-08-21T10:26:46Z" data-provider="hobbiesOptions" finished-at="2020-08-21T10:26:46Z">
          <params>
            <param index="0">
              <value>
                <![CDATA[ Cliff Diving]]>
              </value>
            </param>
          </params>
          <reporter-output>
          </reporter-output>
        </test-method> <!-- hobbiesOptionsVisible -->
        <test-method status="PASS" signature="hobbiesOptionsVisible(java.lang.String)[pri:0, instance:testScripts.Motorcycle.EnterInsuranceData@685cb137]" name="hobbiesOptionsVisible" duration-ms="19" started-at="2020-08-21T10:26:46Z" data-provider="hobbiesOptions" finished-at="2020-08-21T10:26:46Z">
          <params>
            <param index="0">
              <value>
                <![CDATA[ Skydiving]]>
              </value>
            </param>
          </params>
          <reporter-output>
          </reporter-output>
        </test-method> <!-- hobbiesOptionsVisible -->
        <test-method status="PASS" signature="hobbiesOptionsVisible(java.lang.String)[pri:0, instance:testScripts.Motorcycle.EnterInsuranceData@685cb137]" name="hobbiesOptionsVisible" duration-ms="17" started-at="2020-08-21T10:26:46Z" data-provider="hobbiesOptions" finished-at="2020-08-21T10:26:46Z">
          <params>
            <param index="0">
              <value>
                <![CDATA[ Other]]>
              </value>
            </param>
          </params>
          <reporter-output>
          </reporter-output>
        </test-method> <!-- hobbiesOptionsVisible -->
        <test-method status="PASS" signature="invalidWebsitentry(java.lang.String)[pri:0, instance:testScripts.Motorcycle.EnterInsuranceData@685cb137]" name="invalidWebsitentry" duration-ms="11347" started-at="2020-08-21T10:26:46Z" data-provider="invalidWebsiteTestData" finished-at="2020-08-21T10:26:57Z">
          <params>
            <param index="0">
              <value>
                <![CDATA[a.x]]>
              </value>
            </param>
          </params>
          <reporter-output>
          </reporter-output>
        </test-method> <!-- invalidWebsitentry -->
        <test-method status="PASS" signature="invalidWebsitentry(java.lang.String)[pri:0, instance:testScripts.Motorcycle.EnterInsuranceData@685cb137]" name="invalidWebsitentry" duration-ms="11354" started-at="2020-08-21T10:26:57Z" data-provider="invalidWebsiteTestData" finished-at="2020-08-21T10:27:09Z">
          <params>
            <param index="0">
              <value>
                <![CDATA[abvc]]>
              </value>
            </param>
          </params>
          <reporter-output>
          </reporter-output>
        </test-method> <!-- invalidWebsitentry -->
        <test-method status="PASS" signature="invalidWebsitentry(java.lang.String)[pri:0, instance:testScripts.Motorcycle.EnterInsuranceData@685cb137]" name="invalidWebsitentry" duration-ms="11290" started-at="2020-08-21T10:27:09Z" data-provider="invalidWebsiteTestData" finished-at="2020-08-21T10:27:20Z">
          <params>
            <param index="0">
              <value>
                <![CDATA[***.com]]>
              </value>
            </param>
          </params>
          <reporter-output>
          </reporter-output>
        </test-method> <!-- invalidWebsitentry -->
        <test-method status="PASS" signature="invalidWebsitentry(java.lang.String)[pri:0, instance:testScripts.Motorcycle.EnterInsuranceData@685cb137]" name="invalidWebsitentry" duration-ms="11227" started-at="2020-08-21T10:27:20Z" data-provider="invalidWebsiteTestData" finished-at="2020-08-21T10:27:31Z">
          <params>
            <param index="0">
              <value>
                <![CDATA[ ]]>
              </value>
            </param>
          </params>
          <reporter-output>
          </reporter-output>
        </test-method> <!-- invalidWebsitentry -->
        <test-method status="PASS" signature="invalidWebsitentry(java.lang.String)[pri:0, instance:testScripts.Motorcycle.EnterInsuranceData@685cb137]" name="invalidWebsitentry" duration-ms="11329" started-at="2020-08-21T10:27:31Z" data-provider="invalidWebsiteTestData" finished-at="2020-08-21T10:27:42Z">
          <params>
            <param index="0">
              <value>
                <![CDATA[12.d]]>
              </value>
            </param>
          </params>
          <reporter-output>
          </reporter-output>
        </test-method> <!-- invalidWebsitentry -->
        <test-method status="PASS" signature="isHobbiesCheckBoxVisible()[pri:0, instance:testScripts.Motorcycle.EnterInsuranceData@685cb137]" name="isHobbiesCheckBoxVisible" duration-ms="23" started-at="2020-08-21T10:27:42Z" finished-at="2020-08-21T10:27:43Z">
          <reporter-output>
          </reporter-output>
        </test-method> <!-- isHobbiesCheckBoxVisible -->
        <test-method status="PASS" signature="isHobbiesLabelVisible()[pri:0, instance:testScripts.Motorcycle.EnterInsuranceData@685cb137]" name="isHobbiesLabelVisible" duration-ms="16" started-at="2020-08-21T10:27:43Z" finished-at="2020-08-21T10:27:43Z">
          <reporter-output>
          </reporter-output>
        </test-method> <!-- isHobbiesLabelVisible -->
        <test-method status="PASS" signature="isNextButtonVisible()[pri:0, instance:testScripts.Motorcycle.EnterInsuranceData@685cb137]" name="isNextButtonVisible" duration-ms="13" started-at="2020-08-21T10:27:43Z" finished-at="2020-08-21T10:27:43Z">
          <reporter-output>
          </reporter-output>
        </test-method> <!-- isNextButtonVisible -->
        <test-method status="PASS" signature="isPictureLabelVisible()[pri:0, instance:testScripts.Motorcycle.EnterInsuranceData@685cb137]" name="isPictureLabelVisible" duration-ms="15" started-at="2020-08-21T10:27:43Z" finished-at="2020-08-21T10:27:43Z">
          <reporter-output>
          </reporter-output>
        </test-method> <!-- isPictureLabelVisible -->
        <test-method status="PASS" signature="isPrevButtonVisible()[pri:0, instance:testScripts.Motorcycle.EnterInsuranceData@685cb137]" name="isPrevButtonVisible" duration-ms="15" started-at="2020-08-21T10:27:43Z" finished-at="2020-08-21T10:27:43Z">
          <reporter-output>
          </reporter-output>
        </test-method> <!-- isPrevButtonVisible -->
        <test-method status="PASS" signature="isWebsiteLabelVisible()[pri:0, instance:testScripts.Motorcycle.EnterInsuranceData@685cb137]" name="isWebsiteLabelVisible" duration-ms="15" started-at="2020-08-21T10:27:43Z" finished-at="2020-08-21T10:27:43Z">
          <reporter-output>
          </reporter-output>
        </test-method> <!-- isWebsiteLabelVisible -->
        <test-method status="PASS" signature="isWebsiteTextBoxVisible()[pri:0, instance:testScripts.Motorcycle.EnterInsuranceData@685cb137]" name="isWebsiteTextBoxVisible" duration-ms="15" started-at="2020-08-21T10:27:43Z" finished-at="2020-08-21T10:27:43Z">
          <reporter-output>
          </reporter-output>
        </test-method> <!-- isWebsiteTextBoxVisible -->
        <test-method status="PASS" signature="selectPicture()[pri:0, instance:testScripts.Motorcycle.EnterInsuranceData@685cb137]" name="selectPicture" duration-ms="7183" started-at="2020-08-21T10:27:43Z" finished-at="2020-08-21T10:27:50Z">
          <reporter-output>
          </reporter-output>
        </test-method> <!-- selectPicture -->
        <test-method status="PASS" signature="validHobbiesSelection()[pri:0, instance:testScripts.Motorcycle.EnterInsuranceData@685cb137]" name="validHobbiesSelection" duration-ms="117" started-at="2020-08-21T10:27:50Z" finished-at="2020-08-21T10:27:50Z">
          <reporter-output>
          </reporter-output>
        </test-method> <!-- validHobbiesSelection -->
        <test-method status="PASS" signature="validWebsiteEntry(java.lang.String)[pri:0, instance:testScripts.Motorcycle.EnterInsuranceData@685cb137]" name="validWebsiteEntry" duration-ms="227" started-at="2020-08-21T10:27:50Z" data-provider="validWebsiteTestData" finished-at="2020-08-21T10:27:50Z">
          <params>
            <param index="0">
              <value>
                <![CDATA[abc.com]]>
              </value>
            </param>
          </params>
          <reporter-output>
          </reporter-output>
        </test-method> <!-- validWebsiteEntry -->
        <test-method status="PASS" signature="validWebsiteEntry(java.lang.String)[pri:0, instance:testScripts.Motorcycle.EnterInsuranceData@685cb137]" name="validWebsiteEntry" duration-ms="169" started-at="2020-08-21T10:27:50Z" data-provider="validWebsiteTestData" finished-at="2020-08-21T10:27:50Z">
          <params>
            <param index="0">
              <value>
                <![CDATA[ab.ca]]>
              </value>
            </param>
          </params>
          <reporter-output>
          </reporter-output>
        </test-method> <!-- validWebsiteEntry -->
        <test-method status="PASS" signature="validWebsiteEntry(java.lang.String)[pri:0, instance:testScripts.Motorcycle.EnterInsuranceData@685cb137]" name="validWebsiteEntry" duration-ms="156" started-at="2020-08-21T10:27:50Z" data-provider="validWebsiteTestData" finished-at="2020-08-21T10:27:51Z">
          <params>
            <param index="0">
              <value>
                <![CDATA[123.ss]]>
              </value>
            </param>
          </params>
          <reporter-output>
          </reporter-output>
        </test-method> <!-- validWebsiteEntry -->
        <test-method status="PASS" signature="verifyNextButtonText()[pri:0, instance:testScripts.Motorcycle.EnterInsuranceData@685cb137]" name="verifyNextButtonText" duration-ms="28" started-at="2020-08-21T10:27:51Z" finished-at="2020-08-21T10:27:51Z">
          <reporter-output>
          </reporter-output>
        </test-method> <!-- verifyNextButtonText -->
        <test-method status="PASS" signature="verifyOnClickPrevButton()[pri:0, instance:testScripts.Motorcycle.EnterInsuranceData@685cb137]" name="verifyOnClickPrevButton" duration-ms="208" started-at="2020-08-21T10:27:51Z" finished-at="2020-08-21T10:27:51Z">
          <reporter-output>
          </reporter-output>
        </test-method> <!-- verifyOnClickPrevButton -->
        <test-method status="PASS" signature="verifyPrevButtonText()[pri:0, instance:testScripts.Motorcycle.EnterInsuranceData@685cb137]" name="verifyPrevButtonText" duration-ms="50" started-at="2020-08-21T10:27:51Z" finished-at="2020-08-21T10:27:51Z">
          <reporter-output>
          </reporter-output>
        </test-method> <!-- verifyPrevButtonText -->
      </class> <!-- testScripts.Motorcycle.EnterInsuranceData -->
    </test> <!-- Test -->
  </suite> <!-- Suite -->
</testng-results>
