<?xml version="1.0" encoding="UTF-8"?>
<testng-results skipped="0" failed="0" ignored="16" total="128" passed="112">
  <reporter-output>
  </reporter-output>
  <suite name="Suite" duration-ms="318618" started-at="2020-08-21T11:49:23Z" finished-at="2020-08-21T11:54:42Z">
    <groups>
    </groups>
    <test name="HomePage" duration-ms="153525" started-at="2020-08-21T11:49:23Z" finished-at="2020-08-21T11:51:57Z">
      <class name="testScripts.HomePage.HomePage">
        <test-method status="PASS" signature="launchBrowser(java.lang.String)[pri:0, instance:testScripts.HomePage.HomePage@598067a5]" name="launchBrowser" is-config="true" duration-ms="29969" started-at="2020-08-21T11:49:23Z" finished-at="2020-08-21T11:49:53Z">
          <params>
            <param index="0">
              <value>
                <![CDATA[Chrome]]>
              </value>
            </param>
          </params>
          <reporter-output>
          </reporter-output>
        </test-method> <!-- launchBrowser -->
        <test-method status="PASS" signature="verifyIsHomepageVisible()[pri:-1, instance:testScripts.HomePage.HomePage@598067a5]" name="verifyIsHomepageVisible" duration-ms="505" started-at="2020-08-21T11:49:53Z" finished-at="2020-08-21T11:49:54Z">
          <reporter-output>
          </reporter-output>
        </test-method> <!-- verifyIsHomepageVisible -->
        <test-method status="PASS" signature="verifyHomepagetext()[pri:0, instance:testScripts.HomePage.HomePage@598067a5]" name="verifyHomepagetext" duration-ms="970" started-at="2020-08-21T11:49:54Z" finished-at="2020-08-21T11:49:55Z">
          <reporter-output>
          </reporter-output>
        </test-method> <!-- verifyHomepagetext -->
        <test-method status="PASS" signature="verifyIsSearchsupportClickable()[pri:1, instance:testScripts.HomePage.HomePage@598067a5]" name="verifyIsSearchsupportClickable" duration-ms="40641" started-at="2020-08-21T11:49:55Z" finished-at="2020-08-21T11:50:35Z">
          <reporter-output>
          </reporter-output>
        </test-method> <!-- verifyIsSearchsupportClickable -->
        <test-method status="PASS" signature="verifyIsVisitsupportClickable()[pri:2, instance:testScripts.HomePage.HomePage@598067a5]" name="verifyIsVisitsupportClickable" duration-ms="5215" started-at="2020-08-21T11:50:35Z" finished-at="2020-08-21T11:50:41Z">
          <reporter-output>
          </reporter-output>
        </test-method> <!-- verifyIsVisitsupportClickable -->
        <test-method status="PASS" signature="verifyIsAutomobileClickable()[pri:3, instance:testScripts.HomePage.HomePage@598067a5]" name="verifyIsAutomobileClickable" duration-ms="4123" started-at="2020-08-21T11:50:41Z" finished-at="2020-08-21T11:50:45Z">
          <reporter-output>
          </reporter-output>
        </test-method> <!-- verifyIsAutomobileClickable -->
        <test-method status="PASS" signature="verifyIsTruckClickable()[pri:4, instance:testScripts.HomePage.HomePage@598067a5]" name="verifyIsTruckClickable" duration-ms="2863" started-at="2020-08-21T11:50:45Z" finished-at="2020-08-21T11:50:48Z">
          <reporter-output>
          </reporter-output>
        </test-method> <!-- verifyIsTruckClickable -->
        <test-method status="PASS" signature="verifyIsMotorcycleClickable()[pri:5, instance:testScripts.HomePage.HomePage@598067a5]" name="verifyIsMotorcycleClickable" duration-ms="2826" started-at="2020-08-21T11:50:48Z" finished-at="2020-08-21T11:50:50Z">
          <reporter-output>
          </reporter-output>
        </test-method> <!-- verifyIsMotorcycleClickable -->
        <test-method status="PASS" signature="verifyIsCamperClickable()[pri:6, instance:testScripts.HomePage.HomePage@598067a5]" name="verifyIsCamperClickable" duration-ms="3980" started-at="2020-08-21T11:50:50Z" finished-at="2020-08-21T11:50:54Z">
          <reporter-output>
          </reporter-output>
        </test-method> <!-- verifyIsCamperClickable -->
        <test-method status="PASS" signature="verifyIsTricentis_aboutClickable()[pri:7, instance:testScripts.HomePage.HomePage@598067a5]" name="verifyIsTricentis_aboutClickable" duration-ms="18570" started-at="2020-08-21T11:50:54Z" finished-at="2020-08-21T11:51:13Z">
          <reporter-output>
          </reporter-output>
        </test-method> <!-- verifyIsTricentis_aboutClickable -->
        <test-method status="PASS" signature="verifyIsTricentis_productsClickable()[pri:8, instance:testScripts.HomePage.HomePage@598067a5]" name="verifyIsTricentis_productsClickable" duration-ms="5750" started-at="2020-08-21T11:51:13Z" finished-at="2020-08-21T11:51:19Z">
          <reporter-output>
          </reporter-output>
        </test-method> <!-- verifyIsTricentis_productsClickable -->
        <test-method status="PASS" signature="verifyIsTricentis_eventsClickable()[pri:9, instance:testScripts.HomePage.HomePage@598067a5]" name="verifyIsTricentis_eventsClickable" duration-ms="8287" started-at="2020-08-21T11:51:19Z" finished-at="2020-08-21T11:51:27Z">
          <reporter-output>
          </reporter-output>
        </test-method> <!-- verifyIsTricentis_eventsClickable -->
        <test-method status="PASS" signature="verifyIsTricentis_resourcesClickable()[pri:10, instance:testScripts.HomePage.HomePage@598067a5]" name="verifyIsTricentis_resourcesClickable" duration-ms="6378" started-at="2020-08-21T11:51:27Z" finished-at="2020-08-21T11:51:33Z">
          <reporter-output>
          </reporter-output>
        </test-method> <!-- verifyIsTricentis_resourcesClickable -->
        <test-method status="PASS" signature="verifyIsTricentis_servicesClickable()[pri:11, instance:testScripts.HomePage.HomePage@598067a5]" name="verifyIsTricentis_servicesClickable" duration-ms="5470" started-at="2020-08-21T11:51:33Z" finished-at="2020-08-21T11:51:39Z">
          <reporter-output>
          </reporter-output>
        </test-method> <!-- verifyIsTricentis_servicesClickable -->
        <test-method status="PASS" signature="verifyIsNav_facebookClickable()[pri:12, instance:testScripts.HomePage.HomePage@598067a5]" name="verifyIsNav_facebookClickable" duration-ms="4908" started-at="2020-08-21T11:51:39Z" finished-at="2020-08-21T11:51:44Z">
          <reporter-output>
          </reporter-output>
        </test-method> <!-- verifyIsNav_facebookClickable -->
        <test-method status="PASS" signature="verifyIsNav_twitterClickable()[pri:13, instance:testScripts.HomePage.HomePage@598067a5]" name="verifyIsNav_twitterClickable" duration-ms="5508" started-at="2020-08-21T11:51:44Z" finished-at="2020-08-21T11:51:49Z">
          <reporter-output>
          </reporter-output>
        </test-method> <!-- verifyIsNav_twitterClickable -->
        <test-method status="PASS" signature="verifyIsNav_googleClickable()[pri:14, instance:testScripts.HomePage.HomePage@598067a5]" name="verifyIsNav_googleClickable" duration-ms="6207" started-at="2020-08-21T11:51:49Z" finished-at="2020-08-21T11:51:55Z">
          <reporter-output>
          </reporter-output>
        </test-method> <!-- verifyIsNav_googleClickable -->
        <test-method status="PASS" signature="closeBrowser()[pri:0, instance:testScripts.HomePage.HomePage@598067a5]" name="closeBrowser" is-config="true" duration-ms="1271" started-at="2020-08-21T11:51:55Z" finished-at="2020-08-21T11:51:57Z">
          <reporter-output>
          </reporter-output>
        </test-method> <!-- closeBrowser -->
      </class> <!-- testScripts.HomePage.HomePage -->
    </test> <!-- HomePage -->
    <test name="Motorcycle" duration-ms="165064" started-at="2020-08-21T11:51:57Z" finished-at="2020-08-21T11:54:42Z">
      <class name="testScripts.Motorcycle.EnterProductData">
        <test-method status="PASS" signature="beforeProductData()[pri:0, instance:testScripts.Motorcycle.EnterProductData@64bf3bbf]" name="beforeProductData" is-config="true" duration-ms="5107" started-at="2020-08-21T11:54:15Z" finished-at="2020-08-21T11:54:20Z">
          <reporter-output>
          </reporter-output>
        </test-method> <!-- beforeProductData -->
        <test-method status="PASS" signature="checkNextLabelInsSum()[pri:0, instance:testScripts.Motorcycle.EnterProductData@64bf3bbf]" name="checkNextLabelInsSum" duration-ms="127" started-at="2020-08-21T11:54:20Z" finished-at="2020-08-21T11:54:20Z">
          <reporter-output>
          </reporter-output>
        </test-method> <!-- checkNextLabelInsSum -->
        <test-method status="PASS" signature="damageInsuranceLabelVisible()[pri:0, instance:testScripts.Motorcycle.EnterProductData@64bf3bbf]" name="damageInsuranceLabelVisible" duration-ms="27" started-at="2020-08-21T11:54:20Z" finished-at="2020-08-21T11:54:20Z">
          <reporter-output>
          </reporter-output>
        </test-method> <!-- damageInsuranceLabelVisible -->
        <test-method status="PASS" signature="damageInsuranceOptionsVisible(java.lang.String)[pri:0, instance:testScripts.Motorcycle.EnterProductData@64bf3bbf]" name="damageInsuranceOptionsVisible" duration-ms="327" started-at="2020-08-21T11:54:20Z" data-provider="damageInsuranceOptions" finished-at="2020-08-21T11:54:20Z">
          <params>
            <param index="0">
              <value>
                <![CDATA[No Coverage]]>
              </value>
            </param>
          </params>
          <reporter-output>
          </reporter-output>
        </test-method> <!-- damageInsuranceOptionsVisible -->
        <test-method status="PASS" signature="damageInsuranceOptionsVisible(java.lang.String)[pri:0, instance:testScripts.Motorcycle.EnterProductData@64bf3bbf]" name="damageInsuranceOptionsVisible" duration-ms="215" started-at="2020-08-21T11:54:20Z" data-provider="damageInsuranceOptions" finished-at="2020-08-21T11:54:21Z">
          <params>
            <param index="0">
              <value>
                <![CDATA[Partial Coverage]]>
              </value>
            </param>
          </params>
          <reporter-output>
          </reporter-output>
        </test-method> <!-- damageInsuranceOptionsVisible -->
        <test-method status="PASS" signature="damageInsuranceOptionsVisible(java.lang.String)[pri:0, instance:testScripts.Motorcycle.EnterProductData@64bf3bbf]" name="damageInsuranceOptionsVisible" duration-ms="212" started-at="2020-08-21T11:54:21Z" data-provider="damageInsuranceOptions" finished-at="2020-08-21T11:54:21Z">
          <params>
            <param index="0">
              <value>
                <![CDATA[Full Coverage]]>
              </value>
            </param>
          </params>
          <reporter-output>
          </reporter-output>
        </test-method> <!-- damageInsuranceOptionsVisible -->
        <test-method status="PASS" signature="hobbiesOptionsVisible(java.lang.String)[pri:0, instance:testScripts.Motorcycle.EnterProductData@64bf3bbf]" name="hobbiesOptionsVisible" duration-ms="251" started-at="2020-08-21T11:54:21Z" data-provider="insuranceSumOptions" finished-at="2020-08-21T11:54:21Z">
          <params>
            <param index="0">
              <value>
                <![CDATA[3.000.000,00]]>
              </value>
            </param>
          </params>
          <reporter-output>
          </reporter-output>
        </test-method> <!-- hobbiesOptionsVisible -->
        <test-method status="PASS" signature="hobbiesOptionsVisible(java.lang.String)[pri:0, instance:testScripts.Motorcycle.EnterProductData@64bf3bbf]" name="hobbiesOptionsVisible" duration-ms="199" started-at="2020-08-21T11:54:21Z" data-provider="insuranceSumOptions" finished-at="2020-08-21T11:54:21Z">
          <params>
            <param index="0">
              <value>
                <![CDATA[5.000.000,00]]>
              </value>
            </param>
          </params>
          <reporter-output>
          </reporter-output>
        </test-method> <!-- hobbiesOptionsVisible -->
        <test-method status="PASS" signature="hobbiesOptionsVisible(java.lang.String)[pri:0, instance:testScripts.Motorcycle.EnterProductData@64bf3bbf]" name="hobbiesOptionsVisible" duration-ms="201" started-at="2020-08-21T11:54:21Z" data-provider="insuranceSumOptions" finished-at="2020-08-21T11:54:22Z">
          <params>
            <param index="0">
              <value>
                <![CDATA[7.000.000,00]]>
              </value>
            </param>
          </params>
          <reporter-output>
          </reporter-output>
        </test-method> <!-- hobbiesOptionsVisible -->
        <test-method status="PASS" signature="hobbiesOptionsVisible(java.lang.String)[pri:0, instance:testScripts.Motorcycle.EnterProductData@64bf3bbf]" name="hobbiesOptionsVisible" duration-ms="200" started-at="2020-08-21T11:54:22Z" data-provider="insuranceSumOptions" finished-at="2020-08-21T11:54:22Z">
          <params>
            <param index="0">
              <value>
                <![CDATA[10.000.000,00]]>
              </value>
            </param>
          </params>
          <reporter-output>
          </reporter-output>
        </test-method> <!-- hobbiesOptionsVisible -->
        <test-method status="PASS" signature="hobbiesOptionsVisible(java.lang.String)[pri:0, instance:testScripts.Motorcycle.EnterProductData@64bf3bbf]" name="hobbiesOptionsVisible" duration-ms="336" started-at="2020-08-21T11:54:22Z" data-provider="insuranceSumOptions" finished-at="2020-08-21T11:54:22Z">
          <params>
            <param index="0">
              <value>
                <![CDATA[15.000.000,00]]>
              </value>
            </param>
          </params>
          <reporter-output>
          </reporter-output>
        </test-method> <!-- hobbiesOptionsVisible -->
        <test-method status="PASS" signature="hobbiesOptionsVisible(java.lang.String)[pri:0, instance:testScripts.Motorcycle.EnterProductData@64bf3bbf]" name="hobbiesOptionsVisible" duration-ms="234" started-at="2020-08-21T11:54:22Z" data-provider="insuranceSumOptions" finished-at="2020-08-21T11:54:22Z">
          <params>
            <param index="0">
              <value>
                <![CDATA[20.000.000,00]]>
              </value>
            </param>
          </params>
          <reporter-output>
          </reporter-output>
        </test-method> <!-- hobbiesOptionsVisible -->
        <test-method status="PASS" signature="hobbiesOptionsVisible(java.lang.String)[pri:0, instance:testScripts.Motorcycle.EnterProductData@64bf3bbf]" name="hobbiesOptionsVisible" duration-ms="214" started-at="2020-08-21T11:54:22Z" data-provider="insuranceSumOptions" finished-at="2020-08-21T11:54:23Z">
          <params>
            <param index="0">
              <value>
                <![CDATA[25.000.000,00]]>
              </value>
            </param>
          </params>
          <reporter-output>
          </reporter-output>
        </test-method> <!-- hobbiesOptionsVisible -->
        <test-method status="PASS" signature="hobbiesOptionsVisible(java.lang.String)[pri:0, instance:testScripts.Motorcycle.EnterProductData@64bf3bbf]" name="hobbiesOptionsVisible" duration-ms="196" started-at="2020-08-21T11:54:23Z" data-provider="insuranceSumOptions" finished-at="2020-08-21T11:54:23Z">
          <params>
            <param index="0">
              <value>
                <![CDATA[30.000.000,00]]>
              </value>
            </param>
          </params>
          <reporter-output>
          </reporter-output>
        </test-method> <!-- hobbiesOptionsVisible -->
        <test-method status="PASS" signature="hobbiesOptionsVisible(java.lang.String)[pri:0, instance:testScripts.Motorcycle.EnterProductData@64bf3bbf]" name="hobbiesOptionsVisible" duration-ms="186" started-at="2020-08-21T11:54:23Z" data-provider="insuranceSumOptions" finished-at="2020-08-21T11:54:23Z">
          <params>
            <param index="0">
              <value>
                <![CDATA[35.000.000,00]]>
              </value>
            </param>
          </params>
          <reporter-output>
          </reporter-output>
        </test-method> <!-- hobbiesOptionsVisible -->
        <test-method status="PASS" signature="isCalendarButtonClickable()[pri:0, instance:testScripts.Motorcycle.EnterProductData@64bf3bbf]" name="isCalendarButtonClickable" duration-ms="141" started-at="2020-08-21T11:54:23Z" finished-at="2020-08-21T11:54:23Z">
          <reporter-output>
          </reporter-output>
        </test-method> <!-- isCalendarButtonClickable -->
        <test-method status="PASS" signature="isDamageInsuranceDropDownVisible()[pri:0, instance:testScripts.Motorcycle.EnterProductData@64bf3bbf]" name="isDamageInsuranceDropDownVisible" duration-ms="27" started-at="2020-08-21T11:54:23Z" finished-at="2020-08-21T11:54:23Z">
          <reporter-output>
          </reporter-output>
        </test-method> <!-- isDamageInsuranceDropDownVisible -->
        <test-method status="PASS" signature="isInsuranceSumDropDownVisible()[pri:0, instance:testScripts.Motorcycle.EnterProductData@64bf3bbf]" name="isInsuranceSumDropDownVisible" duration-ms="30" started-at="2020-08-21T11:54:23Z" finished-at="2020-08-21T11:54:23Z">
          <reporter-output>
          </reporter-output>
        </test-method> <!-- isInsuranceSumDropDownVisible -->
        <test-method status="PASS" signature="isInsuranceSumLabelVisible()[pri:0, instance:testScripts.Motorcycle.EnterProductData@64bf3bbf]" name="isInsuranceSumLabelVisible" duration-ms="30" started-at="2020-08-21T11:54:23Z" finished-at="2020-08-21T11:54:23Z">
          <reporter-output>
          </reporter-output>
        </test-method> <!-- isInsuranceSumLabelVisible -->
        <test-method status="PASS" signature="isNextButtonVisible()[pri:0, instance:testScripts.Motorcycle.EnterProductData@64bf3bbf]" name="isNextButtonVisible" duration-ms="44" started-at="2020-08-21T11:54:23Z" finished-at="2020-08-21T11:54:23Z">
          <reporter-output>
          </reporter-output>
        </test-method> <!-- isNextButtonVisible -->
        <test-method status="PASS" signature="isOptionalProductTextBoxVisible()[pri:0, instance:testScripts.Motorcycle.EnterProductData@64bf3bbf]" name="isOptionalProductTextBoxVisible" duration-ms="29" started-at="2020-08-21T11:54:23Z" finished-at="2020-08-21T11:54:23Z">
          <reporter-output>
          </reporter-output>
        </test-method> <!-- isOptionalProductTextBoxVisible -->
        <test-method status="PASS" signature="isOptionalProductsLabelVisible()[pri:0, instance:testScripts.Motorcycle.EnterProductData@64bf3bbf]" name="isOptionalProductsLabelVisible" duration-ms="29" started-at="2020-08-21T11:54:23Z" finished-at="2020-08-21T11:54:23Z">
          <reporter-output>
          </reporter-output>
        </test-method> <!-- isOptionalProductsLabelVisible -->
        <test-method status="PASS" signature="isPrevButtonVisible()[pri:0, instance:testScripts.Motorcycle.EnterProductData@64bf3bbf]" name="isPrevButtonVisible" duration-ms="39" started-at="2020-08-21T11:54:23Z" finished-at="2020-08-21T11:54:23Z">
          <reporter-output>
          </reporter-output>
        </test-method> <!-- isPrevButtonVisible -->
        <test-method status="PASS" signature="isStartDateLabelVisible()[pri:0, instance:testScripts.Motorcycle.EnterProductData@64bf3bbf]" name="isStartDateLabelVisible" duration-ms="22" started-at="2020-08-21T11:54:23Z" finished-at="2020-08-21T11:54:23Z">
          <reporter-output>
          </reporter-output>
        </test-method> <!-- isStartDateLabelVisible -->
        <test-method status="PASS" signature="isStartDateTextBoxVisible()[pri:0, instance:testScripts.Motorcycle.EnterProductData@64bf3bbf]" name="isStartDateTextBoxVisible" duration-ms="20" started-at="2020-08-21T11:54:23Z" finished-at="2020-08-21T11:54:23Z">
          <reporter-output>
          </reporter-output>
        </test-method> <!-- isStartDateTextBoxVisible -->
        <test-method status="PASS" signature="validDamageInsuranceDropDownSelection()[pri:0, instance:testScripts.Motorcycle.EnterProductData@64bf3bbf]" name="validDamageInsuranceDropDownSelection" duration-ms="135" started-at="2020-08-21T11:54:23Z" finished-at="2020-08-21T11:54:24Z">
          <reporter-output>
          </reporter-output>
        </test-method> <!-- validDamageInsuranceDropDownSelection -->
        <test-method status="PASS" signature="validInsuranceDropDown()[pri:0, instance:testScripts.Motorcycle.EnterProductData@64bf3bbf]" name="validInsuranceDropDown" duration-ms="127" started-at="2020-08-21T11:54:24Z" finished-at="2020-08-21T11:54:24Z">
          <reporter-output>
          </reporter-output>
        </test-method> <!-- validInsuranceDropDown -->
        <test-method status="PASS" signature="validStartDateText(java.lang.String)[pri:0, instance:testScripts.Motorcycle.EnterProductData@64bf3bbf]" name="validStartDateText" duration-ms="402" started-at="2020-08-21T11:54:24Z" data-provider="startDateValid" finished-at="2020-08-21T11:54:24Z">
          <params>
            <param index="0">
              <value>
                <![CDATA[12/30/2020]]>
              </value>
            </param>
          </params>
          <reporter-output>
          </reporter-output>
        </test-method> <!-- validStartDateText -->
        <test-method status="PASS" signature="verifyNextButtonText()[pri:0, instance:testScripts.Motorcycle.EnterProductData@64bf3bbf]" name="verifyNextButtonText" duration-ms="36" started-at="2020-08-21T11:54:24Z" finished-at="2020-08-21T11:54:24Z">
          <reporter-output>
          </reporter-output>
        </test-method> <!-- verifyNextButtonText -->
        <test-method status="PASS" signature="verifyOnClickPrevButton()[pri:0, instance:testScripts.Motorcycle.EnterProductData@64bf3bbf]" name="verifyOnClickPrevButton" duration-ms="301" started-at="2020-08-21T11:54:24Z" finished-at="2020-08-21T11:54:24Z">
          <reporter-output>
          </reporter-output>
        </test-method> <!-- verifyOnClickPrevButton -->
        <test-method status="PASS" signature="verifyPrevButtonText()[pri:0, instance:testScripts.Motorcycle.EnterProductData@64bf3bbf]" name="verifyPrevButtonText" duration-ms="71" started-at="2020-08-21T11:54:24Z" finished-at="2020-08-21T11:54:25Z">
          <reporter-output>
          </reporter-output>
        </test-method> <!-- verifyPrevButtonText -->
      </class> <!-- testScripts.Motorcycle.EnterProductData -->
      <class name="testScripts.Motorcycle.EnterVehicleData">
        <test-method status="PASS" signature="initialize()[pri:0, instance:testScripts.Motorcycle.EnterVehicleData@192b07fd]" name="initialize" is-config="true" duration-ms="31" started-at="2020-08-21T11:49:23Z" finished-at="2020-08-21T11:49:23Z">
          <reporter-output>
          </reporter-output>
        </test-method> <!-- initialize -->
        <test-method status="PASS" signature="launchBrowser(java.lang.String)[pri:0, instance:testScripts.Motorcycle.EnterVehicleData@192b07fd]" name="launchBrowser" is-config="true" duration-ms="48151" started-at="2020-08-21T11:51:57Z" finished-at="2020-08-21T11:52:45Z">
          <params>
            <param index="0">
              <value>
                <![CDATA[Chrome]]>
              </value>
            </param>
          </params>
          <reporter-output>
          </reporter-output>
        </test-method> <!-- launchBrowser -->
        <test-method status="PASS" signature="navigateToEnterVehicleData()[pri:0, instance:testScripts.Motorcycle.EnterVehicleData@192b07fd]" name="navigateToEnterVehicleData" is-config="true" duration-ms="7042" started-at="2020-08-21T11:52:45Z" finished-at="2020-08-21T11:52:52Z">
          <reporter-output>
          </reporter-output>
        </test-method> <!-- navigateToEnterVehicleData -->
        <test-method status="PASS" signature="verifyAnnualMileageSelection()[pri:0, instance:testScripts.Motorcycle.EnterVehicleData@192b07fd]" name="verifyAnnualMileageSelection" duration-ms="1251" started-at="2020-08-21T11:52:52Z" finished-at="2020-08-21T11:52:53Z">
          <reporter-output>
          </reporter-output>
        </test-method> <!-- verifyAnnualMileageSelection -->
        <test-method status="PASS" signature="verifyCylinderCapacitySelection()[pri:0, instance:testScripts.Motorcycle.EnterVehicleData@192b07fd]" name="verifyCylinderCapacitySelection" duration-ms="818" started-at="2020-08-21T11:52:53Z" finished-at="2020-08-21T11:52:54Z">
          <reporter-output>
          </reporter-output>
        </test-method> <!-- verifyCylinderCapacitySelection -->
        <test-method status="PASS" signature="verifyDateOfmanufacture()[pri:0, instance:testScripts.Motorcycle.EnterVehicleData@192b07fd]" name="verifyDateOfmanufacture" duration-ms="730" started-at="2020-08-21T11:52:54Z" finished-at="2020-08-21T11:52:55Z">
          <reporter-output>
          </reporter-output>
        </test-method> <!-- verifyDateOfmanufacture -->
        <test-method status="PASS" signature="verifyEnginePerformanceSelection()[pri:0, instance:testScripts.Motorcycle.EnterVehicleData@192b07fd]" name="verifyEnginePerformanceSelection" duration-ms="859" started-at="2020-08-21T11:52:55Z" finished-at="2020-08-21T11:52:56Z">
          <reporter-output>
          </reporter-output>
        </test-method> <!-- verifyEnginePerformanceSelection -->
        <test-method status="PASS" signature="verifyIsAnnualMileageVisible()[pri:0, instance:testScripts.Motorcycle.EnterVehicleData@192b07fd]" name="verifyIsAnnualMileageVisible" duration-ms="23" started-at="2020-08-21T11:52:56Z" finished-at="2020-08-21T11:52:56Z">
          <reporter-output>
          </reporter-output>
        </test-method> <!-- verifyIsAnnualMileageVisible -->
        <test-method status="PASS" signature="verifyIsAnnualMileagetext()[pri:0, instance:testScripts.Motorcycle.EnterVehicleData@192b07fd]" name="verifyIsAnnualMileagetext" duration-ms="36" started-at="2020-08-21T11:52:56Z" finished-at="2020-08-21T11:52:56Z">
          <reporter-output>
          </reporter-output>
        </test-method> <!-- verifyIsAnnualMileagetext -->
        <test-method status="PASS" signature="verifyIsCylinderCapacityVisible()[pri:0, instance:testScripts.Motorcycle.EnterVehicleData@192b07fd]" name="verifyIsCylinderCapacityVisible" duration-ms="24" started-at="2020-08-21T11:52:56Z" finished-at="2020-08-21T11:52:56Z">
          <reporter-output>
          </reporter-output>
        </test-method> <!-- verifyIsCylinderCapacityVisible -->
        <test-method status="PASS" signature="verifyIsCylinderCapacitytext()[pri:0, instance:testScripts.Motorcycle.EnterVehicleData@192b07fd]" name="verifyIsCylinderCapacitytext" duration-ms="61" started-at="2020-08-21T11:52:56Z" finished-at="2020-08-21T11:52:56Z">
          <reporter-output>
          </reporter-output>
        </test-method> <!-- verifyIsCylinderCapacitytext -->
        <test-method status="PASS" signature="verifyIsDateOfManufacturetext()[pri:0, instance:testScripts.Motorcycle.EnterVehicleData@192b07fd]" name="verifyIsDateOfManufacturetext" duration-ms="74" started-at="2020-08-21T11:52:56Z" finished-at="2020-08-21T11:52:56Z">
          <reporter-output>
          </reporter-output>
        </test-method> <!-- verifyIsDateOfManufacturetext -->
        <test-method status="PASS" signature="verifyIsEnginePerformanceVisible()[pri:0, instance:testScripts.Motorcycle.EnterVehicleData@192b07fd]" name="verifyIsEnginePerformanceVisible" duration-ms="22" started-at="2020-08-21T11:52:56Z" finished-at="2020-08-21T11:52:56Z">
          <reporter-output>
          </reporter-output>
        </test-method> <!-- verifyIsEnginePerformanceVisible -->
        <test-method status="PASS" signature="verifyIsEnginePerformancetext()[pri:0, instance:testScripts.Motorcycle.EnterVehicleData@192b07fd]" name="verifyIsEnginePerformancetext" duration-ms="35" started-at="2020-08-21T11:52:56Z" finished-at="2020-08-21T11:52:56Z">
          <reporter-output>
          </reporter-output>
        </test-method> <!-- verifyIsEnginePerformancetext -->
        <test-method status="PASS" signature="verifyIsListPriceVisible()[pri:0, instance:testScripts.Motorcycle.EnterVehicleData@192b07fd]" name="verifyIsListPriceVisible" duration-ms="16" started-at="2020-08-21T11:52:56Z" finished-at="2020-08-21T11:52:56Z">
          <reporter-output>
          </reporter-output>
        </test-method> <!-- verifyIsListPriceVisible -->
        <test-method status="PASS" signature="verifyIsListpricetext()[pri:0, instance:testScripts.Motorcycle.EnterVehicleData@192b07fd]" name="verifyIsListpricetext" duration-ms="32" started-at="2020-08-21T11:52:56Z" finished-at="2020-08-21T11:52:56Z">
          <reporter-output>
          </reporter-output>
        </test-method> <!-- verifyIsListpricetext -->
        <test-method status="PASS" signature="verifyIsMakeVisible()[pri:0, instance:testScripts.Motorcycle.EnterVehicleData@192b07fd]" name="verifyIsMakeVisible" duration-ms="22" started-at="2020-08-21T11:52:56Z" finished-at="2020-08-21T11:52:56Z">
          <reporter-output>
          </reporter-output>
        </test-method> <!-- verifyIsMakeVisible -->
        <test-method status="PASS" signature="verifyIsMaketext()[pri:0, instance:testScripts.Motorcycle.EnterVehicleData@192b07fd]" name="verifyIsMaketext" duration-ms="63" started-at="2020-08-21T11:52:56Z" finished-at="2020-08-21T11:52:56Z">
          <reporter-output>
          </reporter-output>
        </test-method> <!-- verifyIsMaketext -->
        <test-method status="PASS" signature="verifyIsModelVisible()[pri:0, instance:testScripts.Motorcycle.EnterVehicleData@192b07fd]" name="verifyIsModelVisible" duration-ms="18" started-at="2020-08-21T11:52:56Z" finished-at="2020-08-21T11:52:56Z">
          <reporter-output>
          </reporter-output>
        </test-method> <!-- verifyIsModelVisible -->
        <test-method status="PASS" signature="verifyIsModeltext()[pri:0, instance:testScripts.Motorcycle.EnterVehicleData@192b07fd]" name="verifyIsModeltext" duration-ms="32" started-at="2020-08-21T11:52:56Z" finished-at="2020-08-21T11:52:56Z">
          <reporter-output>
          </reporter-output>
        </test-method> <!-- verifyIsModeltext -->
        <test-method status="PASS" signature="verifyIsNextButtonVisible()[pri:0, instance:testScripts.Motorcycle.EnterVehicleData@192b07fd]" name="verifyIsNextButtonVisible" duration-ms="21" started-at="2020-08-21T11:52:56Z" finished-at="2020-08-21T11:52:56Z">
          <reporter-output>
          </reporter-output>
        </test-method> <!-- verifyIsNextButtonVisible -->
        <test-method status="PASS" signature="verifyIsNextButtontext()[pri:0, instance:testScripts.Motorcycle.EnterVehicleData@192b07fd]" name="verifyIsNextButtontext" duration-ms="32" started-at="2020-08-21T11:52:56Z" finished-at="2020-08-21T11:52:56Z">
          <reporter-output>
          </reporter-output>
        </test-method> <!-- verifyIsNextButtontext -->
        <test-method status="PASS" signature="verifyIsNumberOfSeatsVisible()[pri:0, instance:testScripts.Motorcycle.EnterVehicleData@192b07fd]" name="verifyIsNumberOfSeatsVisible" duration-ms="25" started-at="2020-08-21T11:52:56Z" finished-at="2020-08-21T11:52:56Z">
          <reporter-output>
          </reporter-output>
        </test-method> <!-- verifyIsNumberOfSeatsVisible -->
        <test-method status="PASS" signature="verifyIsNumberofSeatstext()[pri:0, instance:testScripts.Motorcycle.EnterVehicleData@192b07fd]" name="verifyIsNumberofSeatstext" duration-ms="46" started-at="2020-08-21T11:52:56Z" finished-at="2020-08-21T11:52:56Z">
          <reporter-output>
          </reporter-output>
        </test-method> <!-- verifyIsNumberofSeatstext -->
        <test-method status="PASS" signature="verifyIsOpenDateOfCalenderButtonVisible()[pri:0, instance:testScripts.Motorcycle.EnterVehicleData@192b07fd]" name="verifyIsOpenDateOfCalenderButtonVisible" duration-ms="20" started-at="2020-08-21T11:52:56Z" finished-at="2020-08-21T11:52:56Z">
          <reporter-output>
          </reporter-output>
        </test-method> <!-- verifyIsOpenDateOfCalenderButtonVisible -->
        <test-method status="PASS" signature="verifyIsOpenNextButtonVisible()[pri:0, instance:testScripts.Motorcycle.EnterVehicleData@192b07fd]" name="verifyIsOpenNextButtonVisible" duration-ms="20" started-at="2020-08-21T11:52:56Z" finished-at="2020-08-21T11:52:56Z">
          <reporter-output>
          </reporter-output>
        </test-method> <!-- verifyIsOpenNextButtonVisible -->
        <test-method status="PASS" signature="verifyIsOpenPrevButtonVisible()[pri:0, instance:testScripts.Motorcycle.EnterVehicleData@192b07fd]" name="verifyIsOpenPrevButtonVisible" duration-ms="35" started-at="2020-08-21T11:52:56Z" finished-at="2020-08-21T11:52:56Z">
          <reporter-output>
          </reporter-output>
        </test-method> <!-- verifyIsOpenPrevButtonVisible -->
        <test-method status="PASS" signature="verifyIsSelectMaker1Selectable()[pri:0, instance:testScripts.Motorcycle.EnterVehicleData@192b07fd]" name="verifyIsSelectMaker1Selectable" duration-ms="3157" started-at="2020-08-21T11:52:56Z" finished-at="2020-08-21T11:52:59Z">
          <reporter-output>
          </reporter-output>
        </test-method> <!-- verifyIsSelectMaker1Selectable -->
        <test-method status="PASS" signature="verifyIsSelectMaker2Selectable()[pri:0, instance:testScripts.Motorcycle.EnterVehicleData@192b07fd]" name="verifyIsSelectMaker2Selectable" duration-ms="3255" started-at="2020-08-21T11:52:59Z" finished-at="2020-08-21T11:53:03Z">
          <reporter-output>
          </reporter-output>
        </test-method> <!-- verifyIsSelectMaker2Selectable -->
        <test-method status="PASS" signature="verifyIsSelectMakerSelectable()[pri:0, instance:testScripts.Motorcycle.EnterVehicleData@192b07fd]" name="verifyIsSelectMakerSelectable" duration-ms="3191" started-at="2020-08-21T11:53:03Z" finished-at="2020-08-21T11:53:06Z">
          <reporter-output>
          </reporter-output>
        </test-method> <!-- verifyIsSelectMakerSelectable -->
        <test-method status="PASS" signature="verifyListPriceSelection()[pri:0, instance:testScripts.Motorcycle.EnterVehicleData@192b07fd]" name="verifyListPriceSelection" duration-ms="1226" started-at="2020-08-21T11:53:06Z" finished-at="2020-08-21T11:53:07Z">
          <reporter-output>
          </reporter-output>
        </test-method> <!-- verifyListPriceSelection -->
        <test-method status="PASS" signature="closeBrowser()[pri:0, instance:testScripts.Motorcycle.EnterVehicleData@192b07fd]" name="closeBrowser" is-config="true" duration-ms="972" started-at="2020-08-21T11:54:41Z" finished-at="2020-08-21T11:54:42Z">
          <reporter-output>
          </reporter-output>
        </test-method> <!-- closeBrowser -->
        <test-method status="PASS" signature="tearDown()[pri:0, instance:testScripts.Motorcycle.EnterVehicleData@192b07fd]" name="tearDown" is-config="true" duration-ms="1" started-at="2020-08-21T11:54:42Z" finished-at="2020-08-21T11:54:42Z">
          <reporter-output>
          </reporter-output>
        </test-method> <!-- tearDown -->
      </class> <!-- testScripts.Motorcycle.EnterVehicleData -->
      <class name="testScripts.Motorcycle.SelectPriceOption">
        <test-method status="PASS" signature="preClass()[pri:0, instance:testScripts.Motorcycle.SelectPriceOption@55d56113]" name="preClass" is-config="true" duration-ms="11501" started-at="2020-08-21T11:54:25Z" finished-at="2020-08-21T11:54:36Z">
          <reporter-output>
          </reporter-output>
        </test-method> <!-- preClass -->
        <test-method status="PASS" signature="verifyIsSelectpriceoptionVisible()[pri:0, instance:testScripts.Motorcycle.SelectPriceOption@55d56113]" name="verifyIsSelectpriceoptionVisible" duration-ms="327" started-at="2020-08-21T11:54:36Z" finished-at="2020-08-21T11:54:36Z">
          <reporter-output>
          </reporter-output>
        </test-method> <!-- verifyIsSelectpriceoptionVisible -->
      </class> <!-- testScripts.Motorcycle.SelectPriceOption -->
      <class name="testScripts.Motorcycle.SendQuote">
        <test-method status="PASS" signature="beforeProductData()[pri:0, instance:testScripts.Motorcycle.SendQuote@148080bb]" name="beforeProductData" is-config="true" duration-ms="3001" started-at="2020-08-21T11:54:36Z" finished-at="2020-08-21T11:54:39Z">
          <reporter-output>
          </reporter-output>
        </test-method> <!-- beforeProductData -->
        <test-method status="PASS" signature="verifyIsCommentsVisible()[pri:0, instance:testScripts.Motorcycle.SendQuote@148080bb]" name="verifyIsCommentsVisible" duration-ms="19" started-at="2020-08-21T11:54:39Z" finished-at="2020-08-21T11:54:39Z">
          <reporter-output>
          </reporter-output>
        </test-method> <!-- verifyIsCommentsVisible -->
        <test-method status="PASS" signature="verifyIsConfirmpasswordVisible()[pri:0, instance:testScripts.Motorcycle.SendQuote@148080bb]" name="verifyIsConfirmpasswordVisible" duration-ms="25" started-at="2020-08-21T11:54:39Z" finished-at="2020-08-21T11:54:39Z">
          <reporter-output>
          </reporter-output>
        </test-method> <!-- verifyIsConfirmpasswordVisible -->
        <test-method status="PASS" signature="verifyIsEmailVisible()[pri:0, instance:testScripts.Motorcycle.SendQuote@148080bb]" name="verifyIsEmailVisible" duration-ms="27" started-at="2020-08-21T11:54:39Z" finished-at="2020-08-21T11:54:40Z">
          <reporter-output>
          </reporter-output>
        </test-method> <!-- verifyIsEmailVisible -->
        <test-method status="PASS" signature="verifyIsMainpageVisible()[pri:0, instance:testScripts.Motorcycle.SendQuote@148080bb]" name="verifyIsMainpageVisible" duration-ms="26" started-at="2020-08-21T11:54:40Z" finished-at="2020-08-21T11:54:40Z">
          <reporter-output>
          </reporter-output>
        </test-method> <!-- verifyIsMainpageVisible -->
        <test-method status="PASS" signature="verifyIsNewautomobileinsuranceVisible()[pri:0, instance:testScripts.Motorcycle.SendQuote@148080bb]" name="verifyIsNewautomobileinsuranceVisible" duration-ms="33" started-at="2020-08-21T11:54:40Z" finished-at="2020-08-21T11:54:40Z">
          <reporter-output>
          </reporter-output>
        </test-method> <!-- verifyIsNewautomobileinsuranceVisible -->
        <test-method status="PASS" signature="verifyIsNewcamperinsuranceVisible()[pri:0, instance:testScripts.Motorcycle.SendQuote@148080bb]" name="verifyIsNewcamperinsuranceVisible" duration-ms="20" started-at="2020-08-21T11:54:40Z" finished-at="2020-08-21T11:54:40Z">
          <reporter-output>
          </reporter-output>
        </test-method> <!-- verifyIsNewcamperinsuranceVisible -->
        <test-method status="PASS" signature="verifyIsNewtruckinsuranceVisible()[pri:0, instance:testScripts.Motorcycle.SendQuote@148080bb]" name="verifyIsNewtruckinsuranceVisible" duration-ms="22" started-at="2020-08-21T11:54:40Z" finished-at="2020-08-21T11:54:40Z">
          <reporter-output>
          </reporter-output>
        </test-method> <!-- verifyIsNewtruckinsuranceVisible -->
        <test-method status="PASS" signature="verifyIsPasswordVisible()[pri:0, instance:testScripts.Motorcycle.SendQuote@148080bb]" name="verifyIsPasswordVisible" duration-ms="13" started-at="2020-08-21T11:54:40Z" finished-at="2020-08-21T11:54:40Z">
          <reporter-output>
          </reporter-output>
        </test-method> <!-- verifyIsPasswordVisible -->
        <test-method status="PASS" signature="verifyIsPhoneVisible()[pri:0, instance:testScripts.Motorcycle.SendQuote@148080bb]" name="verifyIsPhoneVisible" duration-ms="15" started-at="2020-08-21T11:54:40Z" finished-at="2020-08-21T11:54:40Z">
          <reporter-output>
          </reporter-output>
        </test-method> <!-- verifyIsPhoneVisible -->
        <test-method status="PASS" signature="verifyIsPrevVisible()[pri:0, instance:testScripts.Motorcycle.SendQuote@148080bb]" name="verifyIsPrevVisible" duration-ms="18" started-at="2020-08-21T11:54:40Z" finished-at="2020-08-21T11:54:40Z">
          <reporter-output>
          </reporter-output>
        </test-method> <!-- verifyIsPrevVisible -->
        <test-method status="PASS" signature="verifyIsSendemailVisible()[pri:0, instance:testScripts.Motorcycle.SendQuote@148080bb]" name="verifyIsSendemailVisible" duration-ms="18" started-at="2020-08-21T11:54:40Z" finished-at="2020-08-21T11:54:40Z">
          <reporter-output>
          </reporter-output>
        </test-method> <!-- verifyIsSendemailVisible -->
        <test-method status="PASS" signature="verifyIsUsernameVisible()[pri:0, instance:testScripts.Motorcycle.SendQuote@148080bb]" name="verifyIsUsernameVisible" duration-ms="15" started-at="2020-08-21T11:54:40Z" finished-at="2020-08-21T11:54:40Z">
          <reporter-output>
          </reporter-output>
        </test-method> <!-- verifyIsUsernameVisible -->
      </class> <!-- testScripts.Motorcycle.SendQuote -->
      <class name="testScripts.Motorcycle.EnterInsuranceData">
        <test-method status="PASS" signature="navigateToEnterInsuranceData()[pri:0, instance:testScripts.Motorcycle.EnterInsuranceData@64bfbc86]" name="navigateToEnterInsuranceData" is-config="true" duration-ms="167" started-at="2020-08-21T11:53:07Z" finished-at="2020-08-21T11:53:07Z">
          <reporter-output>
          </reporter-output>
        </test-method> <!-- navigateToEnterInsuranceData -->
        <test-method status="PASS" signature="hobbiesOptionsVisible(java.lang.String)[pri:0, instance:testScripts.Motorcycle.EnterInsuranceData@64bfbc86]" name="hobbiesOptionsVisible" duration-ms="64" started-at="2020-08-21T11:53:09Z" data-provider="hobbiesOptions" finished-at="2020-08-21T11:53:09Z">
          <params>
            <param index="0">
              <value>
                <![CDATA[ Speeding]]>
              </value>
            </param>
          </params>
          <reporter-output>
          </reporter-output>
        </test-method> <!-- hobbiesOptionsVisible -->
        <test-method status="PASS" signature="hobbiesOptionsVisible(java.lang.String)[pri:0, instance:testScripts.Motorcycle.EnterInsuranceData@64bfbc86]" name="hobbiesOptionsVisible" duration-ms="34" started-at="2020-08-21T11:53:09Z" data-provider="hobbiesOptions" finished-at="2020-08-21T11:53:09Z">
          <params>
            <param index="0">
              <value>
                <![CDATA[ Bungee Jumping]]>
              </value>
            </param>
          </params>
          <reporter-output>
          </reporter-output>
        </test-method> <!-- hobbiesOptionsVisible -->
        <test-method status="PASS" signature="hobbiesOptionsVisible(java.lang.String)[pri:0, instance:testScripts.Motorcycle.EnterInsuranceData@64bfbc86]" name="hobbiesOptionsVisible" duration-ms="28" started-at="2020-08-21T11:53:09Z" data-provider="hobbiesOptions" finished-at="2020-08-21T11:53:09Z">
          <params>
            <param index="0">
              <value>
                <![CDATA[ Cliff Diving]]>
              </value>
            </param>
          </params>
          <reporter-output>
          </reporter-output>
        </test-method> <!-- hobbiesOptionsVisible -->
        <test-method status="PASS" signature="hobbiesOptionsVisible(java.lang.String)[pri:0, instance:testScripts.Motorcycle.EnterInsuranceData@64bfbc86]" name="hobbiesOptionsVisible" duration-ms="17" started-at="2020-08-21T11:53:09Z" data-provider="hobbiesOptions" finished-at="2020-08-21T11:53:09Z">
          <params>
            <param index="0">
              <value>
                <![CDATA[ Skydiving]]>
              </value>
            </param>
          </params>
          <reporter-output>
          </reporter-output>
        </test-method> <!-- hobbiesOptionsVisible -->
        <test-method status="PASS" signature="hobbiesOptionsVisible(java.lang.String)[pri:0, instance:testScripts.Motorcycle.EnterInsuranceData@64bfbc86]" name="hobbiesOptionsVisible" duration-ms="23" started-at="2020-08-21T11:53:09Z" data-provider="hobbiesOptions" finished-at="2020-08-21T11:53:09Z">
          <params>
            <param index="0">
              <value>
                <![CDATA[ Other]]>
              </value>
            </param>
          </params>
          <reporter-output>
          </reporter-output>
        </test-method> <!-- hobbiesOptionsVisible -->
        <test-method status="PASS" signature="invalidWebsitentry(java.lang.String)[pri:0, instance:testScripts.Motorcycle.EnterInsuranceData@64bfbc86]" name="invalidWebsitentry" duration-ms="11456" started-at="2020-08-21T11:53:09Z" data-provider="invalidWebsiteTestData" finished-at="2020-08-21T11:53:21Z">
          <params>
            <param index="0">
              <value>
                <![CDATA[a.x]]>
              </value>
            </param>
          </params>
          <reporter-output>
          </reporter-output>
        </test-method> <!-- invalidWebsitentry -->
        <test-method status="PASS" signature="invalidWebsitentry(java.lang.String)[pri:0, instance:testScripts.Motorcycle.EnterInsuranceData@64bfbc86]" name="invalidWebsitentry" duration-ms="11233" started-at="2020-08-21T11:53:21Z" data-provider="invalidWebsiteTestData" finished-at="2020-08-21T11:53:32Z">
          <params>
            <param index="0">
              <value>
                <![CDATA[abvc]]>
              </value>
            </param>
          </params>
          <reporter-output>
          </reporter-output>
        </test-method> <!-- invalidWebsitentry -->
        <test-method status="PASS" signature="invalidWebsitentry(java.lang.String)[pri:0, instance:testScripts.Motorcycle.EnterInsuranceData@64bfbc86]" name="invalidWebsitentry" duration-ms="11261" started-at="2020-08-21T11:53:32Z" data-provider="invalidWebsiteTestData" finished-at="2020-08-21T11:53:43Z">
          <params>
            <param index="0">
              <value>
                <![CDATA[***.com]]>
              </value>
            </param>
          </params>
          <reporter-output>
          </reporter-output>
        </test-method> <!-- invalidWebsitentry -->
        <test-method status="PASS" signature="invalidWebsitentry(java.lang.String)[pri:0, instance:testScripts.Motorcycle.EnterInsuranceData@64bfbc86]" name="invalidWebsitentry" duration-ms="11188" started-at="2020-08-21T11:53:43Z" data-provider="invalidWebsiteTestData" finished-at="2020-08-21T11:53:54Z">
          <params>
            <param index="0">
              <value>
                <![CDATA[ ]]>
              </value>
            </param>
          </params>
          <reporter-output>
          </reporter-output>
        </test-method> <!-- invalidWebsitentry -->
        <test-method status="PASS" signature="invalidWebsitentry(java.lang.String)[pri:0, instance:testScripts.Motorcycle.EnterInsuranceData@64bfbc86]" name="invalidWebsitentry" duration-ms="11243" started-at="2020-08-21T11:53:54Z" data-provider="invalidWebsiteTestData" finished-at="2020-08-21T11:54:06Z">
          <params>
            <param index="0">
              <value>
                <![CDATA[12.d]]>
              </value>
            </param>
          </params>
          <reporter-output>
          </reporter-output>
        </test-method> <!-- invalidWebsitentry -->
        <test-method status="PASS" signature="isHobbiesCheckBoxVisible()[pri:0, instance:testScripts.Motorcycle.EnterInsuranceData@64bfbc86]" name="isHobbiesCheckBoxVisible" duration-ms="21" started-at="2020-08-21T11:54:06Z" finished-at="2020-08-21T11:54:06Z">
          <reporter-output>
          </reporter-output>
        </test-method> <!-- isHobbiesCheckBoxVisible -->
        <test-method status="PASS" signature="isHobbiesLabelVisible()[pri:0, instance:testScripts.Motorcycle.EnterInsuranceData@64bfbc86]" name="isHobbiesLabelVisible" duration-ms="21" started-at="2020-08-21T11:54:06Z" finished-at="2020-08-21T11:54:06Z">
          <reporter-output>
          </reporter-output>
        </test-method> <!-- isHobbiesLabelVisible -->
        <test-method status="PASS" signature="isNextButtonVisible()[pri:0, instance:testScripts.Motorcycle.EnterInsuranceData@64bfbc86]" name="isNextButtonVisible" duration-ms="22" started-at="2020-08-21T11:54:06Z" finished-at="2020-08-21T11:54:06Z">
          <reporter-output>
          </reporter-output>
        </test-method> <!-- isNextButtonVisible -->
        <test-method status="PASS" signature="isPictureLabelVisible()[pri:0, instance:testScripts.Motorcycle.EnterInsuranceData@64bfbc86]" name="isPictureLabelVisible" duration-ms="15" started-at="2020-08-21T11:54:06Z" finished-at="2020-08-21T11:54:06Z">
          <reporter-output>
          </reporter-output>
        </test-method> <!-- isPictureLabelVisible -->
        <test-method status="PASS" signature="isPrevButtonVisible()[pri:0, instance:testScripts.Motorcycle.EnterInsuranceData@64bfbc86]" name="isPrevButtonVisible" duration-ms="15" started-at="2020-08-21T11:54:06Z" finished-at="2020-08-21T11:54:06Z">
          <reporter-output>
          </reporter-output>
        </test-method> <!-- isPrevButtonVisible -->
        <test-method status="PASS" signature="isWebsiteLabelVisible()[pri:0, instance:testScripts.Motorcycle.EnterInsuranceData@64bfbc86]" name="isWebsiteLabelVisible" duration-ms="16" started-at="2020-08-21T11:54:06Z" finished-at="2020-08-21T11:54:06Z">
          <reporter-output>
          </reporter-output>
        </test-method> <!-- isWebsiteLabelVisible -->
        <test-method status="PASS" signature="isWebsiteTextBoxVisible()[pri:0, instance:testScripts.Motorcycle.EnterInsuranceData@64bfbc86]" name="isWebsiteTextBoxVisible" duration-ms="21" started-at="2020-08-21T11:54:06Z" finished-at="2020-08-21T11:54:06Z">
          <reporter-output>
          </reporter-output>
        </test-method> <!-- isWebsiteTextBoxVisible -->
        <test-method status="PASS" signature="selectPicture()[pri:0, instance:testScripts.Motorcycle.EnterInsuranceData@64bfbc86]" name="selectPicture" duration-ms="7243" started-at="2020-08-21T11:54:06Z" finished-at="2020-08-21T11:54:13Z">
          <reporter-output>
          </reporter-output>
        </test-method> <!-- selectPicture -->
        <test-method status="PASS" signature="validHobbiesSelection()[pri:0, instance:testScripts.Motorcycle.EnterInsuranceData@64bfbc86]" name="validHobbiesSelection" duration-ms="164" started-at="2020-08-21T11:54:13Z" finished-at="2020-08-21T11:54:13Z">
          <reporter-output>
          </reporter-output>
        </test-method> <!-- validHobbiesSelection -->
        <test-method status="PASS" signature="validWebsiteEntry(java.lang.String)[pri:0, instance:testScripts.Motorcycle.EnterInsuranceData@64bfbc86]" name="validWebsiteEntry" duration-ms="325" started-at="2020-08-21T11:54:13Z" data-provider="validWebsiteTestData" finished-at="2020-08-21T11:54:14Z">
          <params>
            <param index="0">
              <value>
                <![CDATA[abc.com]]>
              </value>
            </param>
          </params>
          <reporter-output>
          </reporter-output>
        </test-method> <!-- validWebsiteEntry -->
        <test-method status="PASS" signature="validWebsiteEntry(java.lang.String)[pri:0, instance:testScripts.Motorcycle.EnterInsuranceData@64bfbc86]" name="validWebsiteEntry" duration-ms="251" started-at="2020-08-21T11:54:14Z" data-provider="validWebsiteTestData" finished-at="2020-08-21T11:54:14Z">
          <params>
            <param index="0">
              <value>
                <![CDATA[ab.ca]]>
              </value>
            </param>
          </params>
          <reporter-output>
          </reporter-output>
        </test-method> <!-- validWebsiteEntry -->
        <test-method status="PASS" signature="validWebsiteEntry(java.lang.String)[pri:0, instance:testScripts.Motorcycle.EnterInsuranceData@64bfbc86]" name="validWebsiteEntry" duration-ms="210" started-at="2020-08-21T11:54:14Z" data-provider="validWebsiteTestData" finished-at="2020-08-21T11:54:14Z">
          <params>
            <param index="0">
              <value>
                <![CDATA[123.ss]]>
              </value>
            </param>
          </params>
          <reporter-output>
          </reporter-output>
        </test-method> <!-- validWebsiteEntry -->
        <test-method status="PASS" signature="verifyNextButtonText()[pri:0, instance:testScripts.Motorcycle.EnterInsuranceData@64bfbc86]" name="verifyNextButtonText" duration-ms="39" started-at="2020-08-21T11:54:14Z" finished-at="2020-08-21T11:54:14Z">
          <reporter-output>
          </reporter-output>
        </test-method> <!-- verifyNextButtonText -->
        <test-method status="PASS" signature="verifyOnClickPrevButton()[pri:0, instance:testScripts.Motorcycle.EnterInsuranceData@64bfbc86]" name="verifyOnClickPrevButton" duration-ms="335" started-at="2020-08-21T11:54:14Z" finished-at="2020-08-21T11:54:14Z">
          <reporter-output>
          </reporter-output>
        </test-method> <!-- verifyOnClickPrevButton -->
        <test-method status="PASS" signature="verifyPrevButtonText()[pri:0, instance:testScripts.Motorcycle.EnterInsuranceData@64bfbc86]" name="verifyPrevButtonText" duration-ms="80" started-at="2020-08-21T11:54:14Z" finished-at="2020-08-21T11:54:15Z">
          <reporter-output>
          </reporter-output>
        </test-method> <!-- verifyPrevButtonText -->
      </class> <!-- testScripts.Motorcycle.EnterInsuranceData -->
    </test> <!-- Motorcycle -->
  </suite> <!-- Suite -->
</testng-results>
