<?xml version="1.0" encoding="UTF-8"?>
<testng-results skipped="0" failed="0" ignored="16" total="128" passed="112">
  <reporter-output>
  </reporter-output>
  <suite name="Suite" duration-ms="292179" started-at="2020-08-21T12:39:31Z" finished-at="2020-08-21T12:44:23Z">
    <groups>
    </groups>
    <test name="HomePage" duration-ms="156658" started-at="2020-08-21T12:39:31Z" finished-at="2020-08-21T12:42:08Z">
      <class name="testScripts.HomePage.HomePage">
        <test-method status="PASS" signature="launchBrowser(java.lang.String)[pri:0, instance:testScripts.HomePage.HomePage@598067a5]" name="launchBrowser" is-config="true" duration-ms="50517" started-at="2020-08-21T12:39:31Z" finished-at="2020-08-21T12:40:21Z">
          <params>
            <param index="0">
              <value>
                <![CDATA[Chrome]]>
              </value>
            </param>
          </params>
          <reporter-output>
          </reporter-output>
        </test-method> <!-- launchBrowser -->
        <test-method status="PASS" signature="verifyIsHomepageVisible()[pri:-1, instance:testScripts.HomePage.HomePage@598067a5]" name="verifyIsHomepageVisible" duration-ms="1727" started-at="2020-08-21T12:40:21Z" finished-at="2020-08-21T12:40:23Z">
          <reporter-output>
          </reporter-output>
        </test-method> <!-- verifyIsHomepageVisible -->
        <test-method status="PASS" signature="verifyHomepagetext()[pri:0, instance:testScripts.HomePage.HomePage@598067a5]" name="verifyHomepagetext" duration-ms="909" started-at="2020-08-21T12:40:23Z" finished-at="2020-08-21T12:40:24Z">
          <reporter-output>
          </reporter-output>
        </test-method> <!-- verifyHomepagetext -->
        <test-method status="PASS" signature="verifyIsSearchsupportClickable()[pri:1, instance:testScripts.HomePage.HomePage@598067a5]" name="verifyIsSearchsupportClickable" duration-ms="26822" started-at="2020-08-21T12:40:24Z" finished-at="2020-08-21T12:40:51Z">
          <reporter-output>
          </reporter-output>
        </test-method> <!-- verifyIsSearchsupportClickable -->
        <test-method status="PASS" signature="verifyIsVisitsupportClickable()[pri:2, instance:testScripts.HomePage.HomePage@598067a5]" name="verifyIsVisitsupportClickable" duration-ms="5174" started-at="2020-08-21T12:40:51Z" finished-at="2020-08-21T12:40:56Z">
          <reporter-output>
          </reporter-output>
        </test-method> <!-- verifyIsVisitsupportClickable -->
        <test-method status="PASS" signature="verifyIsAutomobileClickable()[pri:3, instance:testScripts.HomePage.HomePage@598067a5]" name="verifyIsAutomobileClickable" duration-ms="5360" started-at="2020-08-21T12:40:56Z" finished-at="2020-08-21T12:41:02Z">
          <reporter-output>
          </reporter-output>
        </test-method> <!-- verifyIsAutomobileClickable -->
        <test-method status="PASS" signature="verifyIsTruckClickable()[pri:4, instance:testScripts.HomePage.HomePage@598067a5]" name="verifyIsTruckClickable" duration-ms="3130" started-at="2020-08-21T12:41:02Z" finished-at="2020-08-21T12:41:05Z">
          <reporter-output>
          </reporter-output>
        </test-method> <!-- verifyIsTruckClickable -->
        <test-method status="PASS" signature="verifyIsMotorcycleClickable()[pri:5, instance:testScripts.HomePage.HomePage@598067a5]" name="verifyIsMotorcycleClickable" duration-ms="2922" started-at="2020-08-21T12:41:05Z" finished-at="2020-08-21T12:41:08Z">
          <reporter-output>
          </reporter-output>
        </test-method> <!-- verifyIsMotorcycleClickable -->
        <test-method status="PASS" signature="verifyIsCamperClickable()[pri:6, instance:testScripts.HomePage.HomePage@598067a5]" name="verifyIsCamperClickable" duration-ms="3471" started-at="2020-08-21T12:41:08Z" finished-at="2020-08-21T12:41:11Z">
          <reporter-output>
          </reporter-output>
        </test-method> <!-- verifyIsCamperClickable -->
        <test-method status="PASS" signature="verifyIsTricentis_aboutClickable()[pri:7, instance:testScripts.HomePage.HomePage@598067a5]" name="verifyIsTricentis_aboutClickable" duration-ms="17556" started-at="2020-08-21T12:41:11Z" finished-at="2020-08-21T12:41:29Z">
          <reporter-output>
          </reporter-output>
        </test-method> <!-- verifyIsTricentis_aboutClickable -->
        <test-method status="PASS" signature="verifyIsTricentis_productsClickable()[pri:8, instance:testScripts.HomePage.HomePage@598067a5]" name="verifyIsTricentis_productsClickable" duration-ms="5175" started-at="2020-08-21T12:41:29Z" finished-at="2020-08-21T12:41:34Z">
          <reporter-output>
          </reporter-output>
        </test-method> <!-- verifyIsTricentis_productsClickable -->
        <test-method status="PASS" signature="verifyIsTricentis_eventsClickable()[pri:9, instance:testScripts.HomePage.HomePage@598067a5]" name="verifyIsTricentis_eventsClickable" duration-ms="6014" started-at="2020-08-21T12:41:34Z" finished-at="2020-08-21T12:41:40Z">
          <reporter-output>
          </reporter-output>
        </test-method> <!-- verifyIsTricentis_eventsClickable -->
        <test-method status="PASS" signature="verifyIsTricentis_resourcesClickable()[pri:10, instance:testScripts.HomePage.HomePage@598067a5]" name="verifyIsTricentis_resourcesClickable" duration-ms="5993" started-at="2020-08-21T12:41:40Z" finished-at="2020-08-21T12:41:46Z">
          <reporter-output>
          </reporter-output>
        </test-method> <!-- verifyIsTricentis_resourcesClickable -->
        <test-method status="PASS" signature="verifyIsTricentis_servicesClickable()[pri:11, instance:testScripts.HomePage.HomePage@598067a5]" name="verifyIsTricentis_servicesClickable" duration-ms="4972" started-at="2020-08-21T12:41:46Z" finished-at="2020-08-21T12:41:51Z">
          <reporter-output>
          </reporter-output>
        </test-method> <!-- verifyIsTricentis_servicesClickable -->
        <test-method status="PASS" signature="verifyIsNav_facebookClickable()[pri:12, instance:testScripts.HomePage.HomePage@598067a5]" name="verifyIsNav_facebookClickable" duration-ms="4569" started-at="2020-08-21T12:41:51Z" finished-at="2020-08-21T12:41:55Z">
          <reporter-output>
          </reporter-output>
        </test-method> <!-- verifyIsNav_facebookClickable -->
        <test-method status="PASS" signature="verifyIsNav_twitterClickable()[pri:13, instance:testScripts.HomePage.HomePage@598067a5]" name="verifyIsNav_twitterClickable" duration-ms="4940" started-at="2020-08-21T12:41:55Z" finished-at="2020-08-21T12:42:00Z">
          <reporter-output>
          </reporter-output>
        </test-method> <!-- verifyIsNav_twitterClickable -->
        <test-method status="PASS" signature="verifyIsNav_googleClickable()[pri:14, instance:testScripts.HomePage.HomePage@598067a5]" name="verifyIsNav_googleClickable" duration-ms="5722" started-at="2020-08-21T12:42:00Z" finished-at="2020-08-21T12:42:06Z">
          <reporter-output>
          </reporter-output>
        </test-method> <!-- verifyIsNav_googleClickable -->
        <test-method status="PASS" signature="closeBrowser()[pri:0, instance:testScripts.HomePage.HomePage@598067a5]" name="closeBrowser" is-config="true" duration-ms="1577" started-at="2020-08-21T12:42:06Z" finished-at="2020-08-21T12:42:08Z">
          <reporter-output>
          </reporter-output>
        </test-method> <!-- closeBrowser -->
      </class> <!-- testScripts.HomePage.HomePage -->
    </test> <!-- HomePage -->
    <test name="Motorcycle" duration-ms="135480" started-at="2020-08-21T12:42:08Z" finished-at="2020-08-21T12:44:23Z">
      <class name="testScripts.Motorcycle.EnterProductData">
        <test-method status="PASS" signature="beforeProductData()[pri:0, instance:testScripts.Motorcycle.EnterProductData@64bf3bbf]" name="beforeProductData" is-config="true" duration-ms="5217" started-at="2020-08-21T12:43:56Z" finished-at="2020-08-21T12:44:01Z">
          <reporter-output>
          </reporter-output>
        </test-method> <!-- beforeProductData -->
        <test-method status="PASS" signature="checkNextLabelInsSum()[pri:0, instance:testScripts.Motorcycle.EnterProductData@64bf3bbf]" name="checkNextLabelInsSum" duration-ms="144" started-at="2020-08-21T12:44:01Z" finished-at="2020-08-21T12:44:01Z">
          <reporter-output>
          </reporter-output>
        </test-method> <!-- checkNextLabelInsSum -->
        <test-method status="PASS" signature="damageInsuranceLabelVisible()[pri:0, instance:testScripts.Motorcycle.EnterProductData@64bf3bbf]" name="damageInsuranceLabelVisible" duration-ms="28" started-at="2020-08-21T12:44:01Z" finished-at="2020-08-21T12:44:01Z">
          <reporter-output>
          </reporter-output>
        </test-method> <!-- damageInsuranceLabelVisible -->
        <test-method status="PASS" signature="damageInsuranceOptionsVisible(java.lang.String)[pri:0, instance:testScripts.Motorcycle.EnterProductData@64bf3bbf]" name="damageInsuranceOptionsVisible" duration-ms="517" started-at="2020-08-21T12:44:01Z" data-provider="damageInsuranceOptions" finished-at="2020-08-21T12:44:02Z">
          <params>
            <param index="0">
              <value>
                <![CDATA[No Coverage]]>
              </value>
            </param>
          </params>
          <reporter-output>
          </reporter-output>
        </test-method> <!-- damageInsuranceOptionsVisible -->
        <test-method status="PASS" signature="damageInsuranceOptionsVisible(java.lang.String)[pri:0, instance:testScripts.Motorcycle.EnterProductData@64bf3bbf]" name="damageInsuranceOptionsVisible" duration-ms="201" started-at="2020-08-21T12:44:02Z" data-provider="damageInsuranceOptions" finished-at="2020-08-21T12:44:02Z">
          <params>
            <param index="0">
              <value>
                <![CDATA[Partial Coverage]]>
              </value>
            </param>
          </params>
          <reporter-output>
          </reporter-output>
        </test-method> <!-- damageInsuranceOptionsVisible -->
        <test-method status="PASS" signature="damageInsuranceOptionsVisible(java.lang.String)[pri:0, instance:testScripts.Motorcycle.EnterProductData@64bf3bbf]" name="damageInsuranceOptionsVisible" duration-ms="185" started-at="2020-08-21T12:44:02Z" data-provider="damageInsuranceOptions" finished-at="2020-08-21T12:44:02Z">
          <params>
            <param index="0">
              <value>
                <![CDATA[Full Coverage]]>
              </value>
            </param>
          </params>
          <reporter-output>
          </reporter-output>
        </test-method> <!-- damageInsuranceOptionsVisible -->
        <test-method status="PASS" signature="hobbiesOptionsVisible(java.lang.String)[pri:0, instance:testScripts.Motorcycle.EnterProductData@64bf3bbf]" name="hobbiesOptionsVisible" duration-ms="268" started-at="2020-08-21T12:44:03Z" data-provider="insuranceSumOptions" finished-at="2020-08-21T12:44:03Z">
          <params>
            <param index="0">
              <value>
                <![CDATA[3.000.000,00]]>
              </value>
            </param>
          </params>
          <reporter-output>
          </reporter-output>
        </test-method> <!-- hobbiesOptionsVisible -->
        <test-method status="PASS" signature="hobbiesOptionsVisible(java.lang.String)[pri:0, instance:testScripts.Motorcycle.EnterProductData@64bf3bbf]" name="hobbiesOptionsVisible" duration-ms="196" started-at="2020-08-21T12:44:03Z" data-provider="insuranceSumOptions" finished-at="2020-08-21T12:44:03Z">
          <params>
            <param index="0">
              <value>
                <![CDATA[5.000.000,00]]>
              </value>
            </param>
          </params>
          <reporter-output>
          </reporter-output>
        </test-method> <!-- hobbiesOptionsVisible -->
        <test-method status="PASS" signature="hobbiesOptionsVisible(java.lang.String)[pri:0, instance:testScripts.Motorcycle.EnterProductData@64bf3bbf]" name="hobbiesOptionsVisible" duration-ms="204" started-at="2020-08-21T12:44:03Z" data-provider="insuranceSumOptions" finished-at="2020-08-21T12:44:03Z">
          <params>
            <param index="0">
              <value>
                <![CDATA[7.000.000,00]]>
              </value>
            </param>
          </params>
          <reporter-output>
          </reporter-output>
        </test-method> <!-- hobbiesOptionsVisible -->
        <test-method status="PASS" signature="hobbiesOptionsVisible(java.lang.String)[pri:0, instance:testScripts.Motorcycle.EnterProductData@64bf3bbf]" name="hobbiesOptionsVisible" duration-ms="198" started-at="2020-08-21T12:44:03Z" data-provider="insuranceSumOptions" finished-at="2020-08-21T12:44:03Z">
          <params>
            <param index="0">
              <value>
                <![CDATA[10.000.000,00]]>
              </value>
            </param>
          </params>
          <reporter-output>
          </reporter-output>
        </test-method> <!-- hobbiesOptionsVisible -->
        <test-method status="PASS" signature="hobbiesOptionsVisible(java.lang.String)[pri:0, instance:testScripts.Motorcycle.EnterProductData@64bf3bbf]" name="hobbiesOptionsVisible" duration-ms="320" started-at="2020-08-21T12:44:03Z" data-provider="insuranceSumOptions" finished-at="2020-08-21T12:44:04Z">
          <params>
            <param index="0">
              <value>
                <![CDATA[15.000.000,00]]>
              </value>
            </param>
          </params>
          <reporter-output>
          </reporter-output>
        </test-method> <!-- hobbiesOptionsVisible -->
        <test-method status="PASS" signature="hobbiesOptionsVisible(java.lang.String)[pri:0, instance:testScripts.Motorcycle.EnterProductData@64bf3bbf]" name="hobbiesOptionsVisible" duration-ms="187" started-at="2020-08-21T12:44:04Z" data-provider="insuranceSumOptions" finished-at="2020-08-21T12:44:04Z">
          <params>
            <param index="0">
              <value>
                <![CDATA[20.000.000,00]]>
              </value>
            </param>
          </params>
          <reporter-output>
          </reporter-output>
        </test-method> <!-- hobbiesOptionsVisible -->
        <test-method status="PASS" signature="hobbiesOptionsVisible(java.lang.String)[pri:0, instance:testScripts.Motorcycle.EnterProductData@64bf3bbf]" name="hobbiesOptionsVisible" duration-ms="198" started-at="2020-08-21T12:44:04Z" data-provider="insuranceSumOptions" finished-at="2020-08-21T12:44:04Z">
          <params>
            <param index="0">
              <value>
                <![CDATA[25.000.000,00]]>
              </value>
            </param>
          </params>
          <reporter-output>
          </reporter-output>
        </test-method> <!-- hobbiesOptionsVisible -->
        <test-method status="PASS" signature="hobbiesOptionsVisible(java.lang.String)[pri:0, instance:testScripts.Motorcycle.EnterProductData@64bf3bbf]" name="hobbiesOptionsVisible" duration-ms="196" started-at="2020-08-21T12:44:04Z" data-provider="insuranceSumOptions" finished-at="2020-08-21T12:44:04Z">
          <params>
            <param index="0">
              <value>
                <![CDATA[30.000.000,00]]>
              </value>
            </param>
          </params>
          <reporter-output>
          </reporter-output>
        </test-method> <!-- hobbiesOptionsVisible -->
        <test-method status="PASS" signature="hobbiesOptionsVisible(java.lang.String)[pri:0, instance:testScripts.Motorcycle.EnterProductData@64bf3bbf]" name="hobbiesOptionsVisible" duration-ms="228" started-at="2020-08-21T12:44:04Z" data-provider="insuranceSumOptions" finished-at="2020-08-21T12:44:05Z">
          <params>
            <param index="0">
              <value>
                <![CDATA[35.000.000,00]]>
              </value>
            </param>
          </params>
          <reporter-output>
          </reporter-output>
        </test-method> <!-- hobbiesOptionsVisible -->
        <test-method status="PASS" signature="isCalendarButtonClickable()[pri:0, instance:testScripts.Motorcycle.EnterProductData@64bf3bbf]" name="isCalendarButtonClickable" duration-ms="120" started-at="2020-08-21T12:44:05Z" finished-at="2020-08-21T12:44:05Z">
          <reporter-output>
          </reporter-output>
        </test-method> <!-- isCalendarButtonClickable -->
        <test-method status="PASS" signature="isDamageInsuranceDropDownVisible()[pri:0, instance:testScripts.Motorcycle.EnterProductData@64bf3bbf]" name="isDamageInsuranceDropDownVisible" duration-ms="88" started-at="2020-08-21T12:44:05Z" finished-at="2020-08-21T12:44:05Z">
          <reporter-output>
          </reporter-output>
        </test-method> <!-- isDamageInsuranceDropDownVisible -->
        <test-method status="PASS" signature="isInsuranceSumDropDownVisible()[pri:0, instance:testScripts.Motorcycle.EnterProductData@64bf3bbf]" name="isInsuranceSumDropDownVisible" duration-ms="83" started-at="2020-08-21T12:44:05Z" finished-at="2020-08-21T12:44:05Z">
          <reporter-output>
          </reporter-output>
        </test-method> <!-- isInsuranceSumDropDownVisible -->
        <test-method status="PASS" signature="isInsuranceSumLabelVisible()[pri:0, instance:testScripts.Motorcycle.EnterProductData@64bf3bbf]" name="isInsuranceSumLabelVisible" duration-ms="92" started-at="2020-08-21T12:44:05Z" finished-at="2020-08-21T12:44:05Z">
          <reporter-output>
          </reporter-output>
        </test-method> <!-- isInsuranceSumLabelVisible -->
        <test-method status="PASS" signature="isNextButtonVisible()[pri:0, instance:testScripts.Motorcycle.EnterProductData@64bf3bbf]" name="isNextButtonVisible" duration-ms="63" started-at="2020-08-21T12:44:05Z" finished-at="2020-08-21T12:44:05Z">
          <reporter-output>
          </reporter-output>
        </test-method> <!-- isNextButtonVisible -->
        <test-method status="PASS" signature="isOptionalProductTextBoxVisible()[pri:0, instance:testScripts.Motorcycle.EnterProductData@64bf3bbf]" name="isOptionalProductTextBoxVisible" duration-ms="29" started-at="2020-08-21T12:44:05Z" finished-at="2020-08-21T12:44:05Z">
          <reporter-output>
          </reporter-output>
        </test-method> <!-- isOptionalProductTextBoxVisible -->
        <test-method status="PASS" signature="isOptionalProductsLabelVisible()[pri:0, instance:testScripts.Motorcycle.EnterProductData@64bf3bbf]" name="isOptionalProductsLabelVisible" duration-ms="19" started-at="2020-08-21T12:44:05Z" finished-at="2020-08-21T12:44:05Z">
          <reporter-output>
          </reporter-output>
        </test-method> <!-- isOptionalProductsLabelVisible -->
        <test-method status="PASS" signature="isPrevButtonVisible()[pri:0, instance:testScripts.Motorcycle.EnterProductData@64bf3bbf]" name="isPrevButtonVisible" duration-ms="15" started-at="2020-08-21T12:44:05Z" finished-at="2020-08-21T12:44:05Z">
          <reporter-output>
          </reporter-output>
        </test-method> <!-- isPrevButtonVisible -->
        <test-method status="PASS" signature="isStartDateLabelVisible()[pri:0, instance:testScripts.Motorcycle.EnterProductData@64bf3bbf]" name="isStartDateLabelVisible" duration-ms="18" started-at="2020-08-21T12:44:05Z" finished-at="2020-08-21T12:44:05Z">
          <reporter-output>
          </reporter-output>
        </test-method> <!-- isStartDateLabelVisible -->
        <test-method status="PASS" signature="isStartDateTextBoxVisible()[pri:0, instance:testScripts.Motorcycle.EnterProductData@64bf3bbf]" name="isStartDateTextBoxVisible" duration-ms="17" started-at="2020-08-21T12:44:05Z" finished-at="2020-08-21T12:44:05Z">
          <reporter-output>
          </reporter-output>
        </test-method> <!-- isStartDateTextBoxVisible -->
        <test-method status="PASS" signature="validDamageInsuranceDropDownSelection()[pri:0, instance:testScripts.Motorcycle.EnterProductData@64bf3bbf]" name="validDamageInsuranceDropDownSelection" duration-ms="145" started-at="2020-08-21T12:44:05Z" finished-at="2020-08-21T12:44:05Z">
          <reporter-output>
          </reporter-output>
        </test-method> <!-- validDamageInsuranceDropDownSelection -->
        <test-method status="PASS" signature="validInsuranceDropDown()[pri:0, instance:testScripts.Motorcycle.EnterProductData@64bf3bbf]" name="validInsuranceDropDown" duration-ms="143" started-at="2020-08-21T12:44:05Z" finished-at="2020-08-21T12:44:05Z">
          <reporter-output>
          </reporter-output>
        </test-method> <!-- validInsuranceDropDown -->
        <test-method status="PASS" signature="validStartDateText(java.lang.String)[pri:0, instance:testScripts.Motorcycle.EnterProductData@64bf3bbf]" name="validStartDateText" duration-ms="399" started-at="2020-08-21T12:44:05Z" data-provider="startDateValid" finished-at="2020-08-21T12:44:06Z">
          <params>
            <param index="0">
              <value>
                <![CDATA[12/30/2020]]>
              </value>
            </param>
          </params>
          <reporter-output>
          </reporter-output>
        </test-method> <!-- validStartDateText -->
        <test-method status="PASS" signature="verifyNextButtonText()[pri:0, instance:testScripts.Motorcycle.EnterProductData@64bf3bbf]" name="verifyNextButtonText" duration-ms="38" started-at="2020-08-21T12:44:06Z" finished-at="2020-08-21T12:44:06Z">
          <reporter-output>
          </reporter-output>
        </test-method> <!-- verifyNextButtonText -->
        <test-method status="PASS" signature="verifyOnClickPrevButton()[pri:0, instance:testScripts.Motorcycle.EnterProductData@64bf3bbf]" name="verifyOnClickPrevButton" duration-ms="300" started-at="2020-08-21T12:44:06Z" finished-at="2020-08-21T12:44:06Z">
          <reporter-output>
          </reporter-output>
        </test-method> <!-- verifyOnClickPrevButton -->
        <test-method status="PASS" signature="verifyPrevButtonText()[pri:0, instance:testScripts.Motorcycle.EnterProductData@64bf3bbf]" name="verifyPrevButtonText" duration-ms="78" started-at="2020-08-21T12:44:06Z" finished-at="2020-08-21T12:44:06Z">
          <reporter-output>
          </reporter-output>
        </test-method> <!-- verifyPrevButtonText -->
      </class> <!-- testScripts.Motorcycle.EnterProductData -->
      <class name="testScripts.Motorcycle.EnterVehicleData">
        <test-method status="PASS" signature="initialize()[pri:0, instance:testScripts.Motorcycle.EnterVehicleData@192b07fd]" name="initialize" is-config="true" duration-ms="29" started-at="2020-08-21T12:39:31Z" finished-at="2020-08-21T12:39:31Z">
          <reporter-output>
          </reporter-output>
        </test-method> <!-- initialize -->
        <test-method status="PASS" signature="launchBrowser(java.lang.String)[pri:0, instance:testScripts.Motorcycle.EnterVehicleData@192b07fd]" name="launchBrowser" is-config="true" duration-ms="34687" started-at="2020-08-21T12:42:08Z" finished-at="2020-08-21T12:42:42Z">
          <params>
            <param index="0">
              <value>
                <![CDATA[Chrome]]>
              </value>
            </param>
          </params>
          <reporter-output>
          </reporter-output>
        </test-method> <!-- launchBrowser -->
        <test-method status="PASS" signature="verifyAnnualMileageSelection()[pri:0, instance:testScripts.Motorcycle.EnterVehicleData@192b07fd]" name="verifyAnnualMileageSelection" duration-ms="1225" started-at="2020-08-21T12:42:42Z" finished-at="2020-08-21T12:42:44Z">
          <reporter-output>
          </reporter-output>
        </test-method> <!-- verifyAnnualMileageSelection -->
        <test-method status="PASS" signature="verifyCylinderCapacitySelection()[pri:0, instance:testScripts.Motorcycle.EnterVehicleData@192b07fd]" name="verifyCylinderCapacitySelection" duration-ms="790" started-at="2020-08-21T12:42:44Z" finished-at="2020-08-21T12:42:44Z">
          <reporter-output>
          </reporter-output>
        </test-method> <!-- verifyCylinderCapacitySelection -->
        <test-method status="PASS" signature="verifyDateOfmanufacture()[pri:0, instance:testScripts.Motorcycle.EnterVehicleData@192b07fd]" name="verifyDateOfmanufacture" duration-ms="682" started-at="2020-08-21T12:42:44Z" finished-at="2020-08-21T12:42:45Z">
          <reporter-output>
          </reporter-output>
        </test-method> <!-- verifyDateOfmanufacture -->
        <test-method status="PASS" signature="verifyEnginePerformanceSelection()[pri:0, instance:testScripts.Motorcycle.EnterVehicleData@192b07fd]" name="verifyEnginePerformanceSelection" duration-ms="851" started-at="2020-08-21T12:42:45Z" finished-at="2020-08-21T12:42:46Z">
          <reporter-output>
          </reporter-output>
        </test-method> <!-- verifyEnginePerformanceSelection -->
        <test-method status="PASS" signature="verifyIsAnnualMileageVisible()[pri:0, instance:testScripts.Motorcycle.EnterVehicleData@192b07fd]" name="verifyIsAnnualMileageVisible" duration-ms="17" started-at="2020-08-21T12:42:46Z" finished-at="2020-08-21T12:42:46Z">
          <reporter-output>
          </reporter-output>
        </test-method> <!-- verifyIsAnnualMileageVisible -->
        <test-method status="PASS" signature="verifyIsAnnualMileagetext()[pri:0, instance:testScripts.Motorcycle.EnterVehicleData@192b07fd]" name="verifyIsAnnualMileagetext" duration-ms="42" started-at="2020-08-21T12:42:46Z" finished-at="2020-08-21T12:42:46Z">
          <reporter-output>
          </reporter-output>
        </test-method> <!-- verifyIsAnnualMileagetext -->
        <test-method status="PASS" signature="verifyIsCylinderCapacityVisible()[pri:0, instance:testScripts.Motorcycle.EnterVehicleData@192b07fd]" name="verifyIsCylinderCapacityVisible" duration-ms="21" started-at="2020-08-21T12:42:46Z" finished-at="2020-08-21T12:42:46Z">
          <reporter-output>
          </reporter-output>
        </test-method> <!-- verifyIsCylinderCapacityVisible -->
        <test-method status="PASS" signature="verifyIsCylinderCapacitytext()[pri:0, instance:testScripts.Motorcycle.EnterVehicleData@192b07fd]" name="verifyIsCylinderCapacitytext" duration-ms="39" started-at="2020-08-21T12:42:46Z" finished-at="2020-08-21T12:42:46Z">
          <reporter-output>
          </reporter-output>
        </test-method> <!-- verifyIsCylinderCapacitytext -->
        <test-method status="PASS" signature="verifyIsDateOfManufacturetext()[pri:0, instance:testScripts.Motorcycle.EnterVehicleData@192b07fd]" name="verifyIsDateOfManufacturetext" duration-ms="38" started-at="2020-08-21T12:42:46Z" finished-at="2020-08-21T12:42:46Z">
          <reporter-output>
          </reporter-output>
        </test-method> <!-- verifyIsDateOfManufacturetext -->
        <test-method status="PASS" signature="verifyIsEnginePerformanceVisible()[pri:0, instance:testScripts.Motorcycle.EnterVehicleData@192b07fd]" name="verifyIsEnginePerformanceVisible" duration-ms="48" started-at="2020-08-21T12:42:46Z" finished-at="2020-08-21T12:42:46Z">
          <reporter-output>
          </reporter-output>
        </test-method> <!-- verifyIsEnginePerformanceVisible -->
        <test-method status="PASS" signature="verifyIsEnginePerformancetext()[pri:0, instance:testScripts.Motorcycle.EnterVehicleData@192b07fd]" name="verifyIsEnginePerformancetext" duration-ms="41" started-at="2020-08-21T12:42:46Z" finished-at="2020-08-21T12:42:46Z">
          <reporter-output>
          </reporter-output>
        </test-method> <!-- verifyIsEnginePerformancetext -->
        <test-method status="PASS" signature="verifyIsListPriceVisible()[pri:0, instance:testScripts.Motorcycle.EnterVehicleData@192b07fd]" name="verifyIsListPriceVisible" duration-ms="17" started-at="2020-08-21T12:42:46Z" finished-at="2020-08-21T12:42:46Z">
          <reporter-output>
          </reporter-output>
        </test-method> <!-- verifyIsListPriceVisible -->
        <test-method status="PASS" signature="verifyIsListpricetext()[pri:0, instance:testScripts.Motorcycle.EnterVehicleData@192b07fd]" name="verifyIsListpricetext" duration-ms="37" started-at="2020-08-21T12:42:46Z" finished-at="2020-08-21T12:42:46Z">
          <reporter-output>
          </reporter-output>
        </test-method> <!-- verifyIsListpricetext -->
        <test-method status="PASS" signature="verifyIsMakeVisible()[pri:0, instance:testScripts.Motorcycle.EnterVehicleData@192b07fd]" name="verifyIsMakeVisible" duration-ms="21" started-at="2020-08-21T12:42:46Z" finished-at="2020-08-21T12:42:46Z">
          <reporter-output>
          </reporter-output>
        </test-method> <!-- verifyIsMakeVisible -->
        <test-method status="PASS" signature="verifyIsMaketext()[pri:0, instance:testScripts.Motorcycle.EnterVehicleData@192b07fd]" name="verifyIsMaketext" duration-ms="37" started-at="2020-08-21T12:42:46Z" finished-at="2020-08-21T12:42:46Z">
          <reporter-output>
          </reporter-output>
        </test-method> <!-- verifyIsMaketext -->
        <test-method status="PASS" signature="verifyIsModelVisible()[pri:0, instance:testScripts.Motorcycle.EnterVehicleData@192b07fd]" name="verifyIsModelVisible" duration-ms="38" started-at="2020-08-21T12:42:46Z" finished-at="2020-08-21T12:42:46Z">
          <reporter-output>
          </reporter-output>
        </test-method> <!-- verifyIsModelVisible -->
        <test-method status="PASS" signature="verifyIsModeltext()[pri:0, instance:testScripts.Motorcycle.EnterVehicleData@192b07fd]" name="verifyIsModeltext" duration-ms="38" started-at="2020-08-21T12:42:46Z" finished-at="2020-08-21T12:42:46Z">
          <reporter-output>
          </reporter-output>
        </test-method> <!-- verifyIsModeltext -->
        <test-method status="PASS" signature="verifyIsNextButtonVisible()[pri:0, instance:testScripts.Motorcycle.EnterVehicleData@192b07fd]" name="verifyIsNextButtonVisible" duration-ms="18" started-at="2020-08-21T12:42:46Z" finished-at="2020-08-21T12:42:46Z">
          <reporter-output>
          </reporter-output>
        </test-method> <!-- verifyIsNextButtonVisible -->
        <test-method status="PASS" signature="verifyIsNextButtontext()[pri:0, instance:testScripts.Motorcycle.EnterVehicleData@192b07fd]" name="verifyIsNextButtontext" duration-ms="38" started-at="2020-08-21T12:42:46Z" finished-at="2020-08-21T12:42:46Z">
          <reporter-output>
          </reporter-output>
        </test-method> <!-- verifyIsNextButtontext -->
        <test-method status="PASS" signature="verifyIsNumberOfSeatsVisible()[pri:0, instance:testScripts.Motorcycle.EnterVehicleData@192b07fd]" name="verifyIsNumberOfSeatsVisible" duration-ms="18" started-at="2020-08-21T12:42:46Z" finished-at="2020-08-21T12:42:46Z">
          <reporter-output>
          </reporter-output>
        </test-method> <!-- verifyIsNumberOfSeatsVisible -->
        <test-method status="PASS" signature="verifyIsNumberofSeatstext()[pri:0, instance:testScripts.Motorcycle.EnterVehicleData@192b07fd]" name="verifyIsNumberofSeatstext" duration-ms="33" started-at="2020-08-21T12:42:46Z" finished-at="2020-08-21T12:42:46Z">
          <reporter-output>
          </reporter-output>
        </test-method> <!-- verifyIsNumberofSeatstext -->
        <test-method status="PASS" signature="verifyIsOpenDateOfCalenderButtonVisible()[pri:0, instance:testScripts.Motorcycle.EnterVehicleData@192b07fd]" name="verifyIsOpenDateOfCalenderButtonVisible" duration-ms="20" started-at="2020-08-21T12:42:46Z" finished-at="2020-08-21T12:42:46Z">
          <reporter-output>
          </reporter-output>
        </test-method> <!-- verifyIsOpenDateOfCalenderButtonVisible -->
        <test-method status="PASS" signature="verifyIsOpenNextButtonVisible()[pri:0, instance:testScripts.Motorcycle.EnterVehicleData@192b07fd]" name="verifyIsOpenNextButtonVisible" duration-ms="29" started-at="2020-08-21T12:42:46Z" finished-at="2020-08-21T12:42:46Z">
          <reporter-output>
          </reporter-output>
        </test-method> <!-- verifyIsOpenNextButtonVisible -->
        <test-method status="PASS" signature="verifyIsOpenPrevButtonVisible()[pri:0, instance:testScripts.Motorcycle.EnterVehicleData@192b07fd]" name="verifyIsOpenPrevButtonVisible" duration-ms="33" started-at="2020-08-21T12:42:46Z" finished-at="2020-08-21T12:42:47Z">
          <reporter-output>
          </reporter-output>
        </test-method> <!-- verifyIsOpenPrevButtonVisible -->
        <test-method status="PASS" signature="verifyIsSelectMakeMakerSelectable()[pri:0, instance:testScripts.Motorcycle.EnterVehicleData@192b07fd]" name="verifyIsSelectMakeMakerSelectable" duration-ms="121" started-at="2020-08-21T12:42:47Z" finished-at="2020-08-21T12:42:47Z">
          <reporter-output>
          </reporter-output>
        </test-method> <!-- verifyIsSelectMakeMakerSelectable -->
        <test-method status="PASS" signature="verifyIsSelectModelMakerSelectable()[pri:0, instance:testScripts.Motorcycle.EnterVehicleData@192b07fd]" name="verifyIsSelectModelMakerSelectable" duration-ms="124" started-at="2020-08-21T12:42:47Z" finished-at="2020-08-21T12:42:47Z">
          <reporter-output>
          </reporter-output>
        </test-method> <!-- verifyIsSelectModelMakerSelectable -->
        <test-method status="PASS" signature="verifyIsSelectnumberofseatsSelectable()[pri:0, instance:testScripts.Motorcycle.EnterVehicleData@192b07fd]" name="verifyIsSelectnumberofseatsSelectable" duration-ms="133" started-at="2020-08-21T12:42:47Z" finished-at="2020-08-21T12:42:47Z">
          <reporter-output>
          </reporter-output>
        </test-method> <!-- verifyIsSelectnumberofseatsSelectable -->
        <test-method status="PASS" signature="verifyListPriceSelection()[pri:0, instance:testScripts.Motorcycle.EnterVehicleData@192b07fd]" name="verifyListPriceSelection" duration-ms="1133" started-at="2020-08-21T12:42:47Z" finished-at="2020-08-21T12:42:48Z">
          <reporter-output>
          </reporter-output>
        </test-method> <!-- verifyListPriceSelection -->
        <test-method status="PASS" signature="closeBrowser()[pri:0, instance:testScripts.Motorcycle.EnterVehicleData@192b07fd]" name="closeBrowser" is-config="true" duration-ms="917" started-at="2020-08-21T12:44:22Z" finished-at="2020-08-21T12:44:23Z">
          <reporter-output>
          </reporter-output>
        </test-method> <!-- closeBrowser -->
        <test-method status="PASS" signature="tearDown()[pri:0, instance:testScripts.Motorcycle.EnterVehicleData@192b07fd]" name="tearDown" is-config="true" duration-ms="0" started-at="2020-08-21T12:44:23Z" finished-at="2020-08-21T12:44:23Z">
          <reporter-output>
          </reporter-output>
        </test-method> <!-- tearDown -->
      </class> <!-- testScripts.Motorcycle.EnterVehicleData -->
      <class name="testScripts.Motorcycle.SelectPriceOption">
        <test-method status="PASS" signature="preClass()[pri:0, instance:testScripts.Motorcycle.SelectPriceOption@55d56113]" name="preClass" is-config="true" duration-ms="11083" started-at="2020-08-21T12:44:06Z" finished-at="2020-08-21T12:44:17Z">
          <reporter-output>
          </reporter-output>
        </test-method> <!-- preClass -->
        <test-method status="PASS" signature="verifyIsSelectpriceoptionVisible()[pri:0, instance:testScripts.Motorcycle.SelectPriceOption@55d56113]" name="verifyIsSelectpriceoptionVisible" duration-ms="342" started-at="2020-08-21T12:44:17Z" finished-at="2020-08-21T12:44:18Z">
          <reporter-output>
          </reporter-output>
        </test-method> <!-- verifyIsSelectpriceoptionVisible -->
      </class> <!-- testScripts.Motorcycle.SelectPriceOption -->
      <class name="testScripts.Motorcycle.SendQuote">
        <test-method status="PASS" signature="beforeProductData()[pri:0, instance:testScripts.Motorcycle.SendQuote@148080bb]" name="beforeProductData" is-config="true" duration-ms="3000" started-at="2020-08-21T12:44:18Z" finished-at="2020-08-21T12:44:21Z">
          <reporter-output>
          </reporter-output>
        </test-method> <!-- beforeProductData -->
        <test-method status="PASS" signature="verifyIsCommentsVisible()[pri:0, instance:testScripts.Motorcycle.SendQuote@148080bb]" name="verifyIsCommentsVisible" duration-ms="19" started-at="2020-08-21T12:44:21Z" finished-at="2020-08-21T12:44:21Z">
          <reporter-output>
          </reporter-output>
        </test-method> <!-- verifyIsCommentsVisible -->
        <test-method status="PASS" signature="verifyIsConfirmpasswordVisible()[pri:0, instance:testScripts.Motorcycle.SendQuote@148080bb]" name="verifyIsConfirmpasswordVisible" duration-ms="19" started-at="2020-08-21T12:44:21Z" finished-at="2020-08-21T12:44:21Z">
          <reporter-output>
          </reporter-output>
        </test-method> <!-- verifyIsConfirmpasswordVisible -->
        <test-method status="PASS" signature="verifyIsEmailVisible()[pri:0, instance:testScripts.Motorcycle.SendQuote@148080bb]" name="verifyIsEmailVisible" duration-ms="22" started-at="2020-08-21T12:44:21Z" finished-at="2020-08-21T12:44:21Z">
          <reporter-output>
          </reporter-output>
        </test-method> <!-- verifyIsEmailVisible -->
        <test-method status="PASS" signature="verifyIsMainpageVisible()[pri:0, instance:testScripts.Motorcycle.SendQuote@148080bb]" name="verifyIsMainpageVisible" duration-ms="33" started-at="2020-08-21T12:44:21Z" finished-at="2020-08-21T12:44:21Z">
          <reporter-output>
          </reporter-output>
        </test-method> <!-- verifyIsMainpageVisible -->
        <test-method status="PASS" signature="verifyIsNewautomobileinsuranceVisible()[pri:0, instance:testScripts.Motorcycle.SendQuote@148080bb]" name="verifyIsNewautomobileinsuranceVisible" duration-ms="21" started-at="2020-08-21T12:44:21Z" finished-at="2020-08-21T12:44:21Z">
          <reporter-output>
          </reporter-output>
        </test-method> <!-- verifyIsNewautomobileinsuranceVisible -->
        <test-method status="PASS" signature="verifyIsNewcamperinsuranceVisible()[pri:0, instance:testScripts.Motorcycle.SendQuote@148080bb]" name="verifyIsNewcamperinsuranceVisible" duration-ms="24" started-at="2020-08-21T12:44:21Z" finished-at="2020-08-21T12:44:21Z">
          <reporter-output>
          </reporter-output>
        </test-method> <!-- verifyIsNewcamperinsuranceVisible -->
        <test-method status="PASS" signature="verifyIsNewtruckinsuranceVisible()[pri:0, instance:testScripts.Motorcycle.SendQuote@148080bb]" name="verifyIsNewtruckinsuranceVisible" duration-ms="26" started-at="2020-08-21T12:44:21Z" finished-at="2020-08-21T12:44:21Z">
          <reporter-output>
          </reporter-output>
        </test-method> <!-- verifyIsNewtruckinsuranceVisible -->
        <test-method status="PASS" signature="verifyIsPasswordVisible()[pri:0, instance:testScripts.Motorcycle.SendQuote@148080bb]" name="verifyIsPasswordVisible" duration-ms="27" started-at="2020-08-21T12:44:21Z" finished-at="2020-08-21T12:44:21Z">
          <reporter-output>
          </reporter-output>
        </test-method> <!-- verifyIsPasswordVisible -->
        <test-method status="PASS" signature="verifyIsPhoneVisible()[pri:0, instance:testScripts.Motorcycle.SendQuote@148080bb]" name="verifyIsPhoneVisible" duration-ms="17" started-at="2020-08-21T12:44:21Z" finished-at="2020-08-21T12:44:21Z">
          <reporter-output>
          </reporter-output>
        </test-method> <!-- verifyIsPhoneVisible -->
        <test-method status="PASS" signature="verifyIsPrevVisible()[pri:0, instance:testScripts.Motorcycle.SendQuote@148080bb]" name="verifyIsPrevVisible" duration-ms="17" started-at="2020-08-21T12:44:21Z" finished-at="2020-08-21T12:44:21Z">
          <reporter-output>
          </reporter-output>
        </test-method> <!-- verifyIsPrevVisible -->
        <test-method status="PASS" signature="verifyIsSendemailVisible()[pri:0, instance:testScripts.Motorcycle.SendQuote@148080bb]" name="verifyIsSendemailVisible" duration-ms="19" started-at="2020-08-21T12:44:21Z" finished-at="2020-08-21T12:44:21Z">
          <reporter-output>
          </reporter-output>
        </test-method> <!-- verifyIsSendemailVisible -->
        <test-method status="PASS" signature="verifyIsUsernameVisible()[pri:0, instance:testScripts.Motorcycle.SendQuote@148080bb]" name="verifyIsUsernameVisible" duration-ms="16" started-at="2020-08-21T12:44:21Z" finished-at="2020-08-21T12:44:21Z">
          <reporter-output>
          </reporter-output>
        </test-method> <!-- verifyIsUsernameVisible -->
      </class> <!-- testScripts.Motorcycle.SendQuote -->
      <class name="testScripts.Motorcycle.EnterInsuranceData">
        <test-method status="PASS" signature="navigateToEnterInsuranceData()[pri:0, instance:testScripts.Motorcycle.EnterInsuranceData@64bfbc86]" name="navigateToEnterInsuranceData" is-config="true" duration-ms="175" started-at="2020-08-21T12:42:48Z" finished-at="2020-08-21T12:42:48Z">
          <reporter-output>
          </reporter-output>
        </test-method> <!-- navigateToEnterInsuranceData -->
        <test-method status="PASS" signature="hobbiesOptionsVisible(java.lang.String)[pri:0, instance:testScripts.Motorcycle.EnterInsuranceData@64bfbc86]" name="hobbiesOptionsVisible" duration-ms="52" started-at="2020-08-21T12:42:50Z" data-provider="hobbiesOptions" finished-at="2020-08-21T12:42:50Z">
          <params>
            <param index="0">
              <value>
                <![CDATA[ Speeding]]>
              </value>
            </param>
          </params>
          <reporter-output>
          </reporter-output>
        </test-method> <!-- hobbiesOptionsVisible -->
        <test-method status="PASS" signature="hobbiesOptionsVisible(java.lang.String)[pri:0, instance:testScripts.Motorcycle.EnterInsuranceData@64bfbc86]" name="hobbiesOptionsVisible" duration-ms="30" started-at="2020-08-21T12:42:50Z" data-provider="hobbiesOptions" finished-at="2020-08-21T12:42:50Z">
          <params>
            <param index="0">
              <value>
                <![CDATA[ Bungee Jumping]]>
              </value>
            </param>
          </params>
          <reporter-output>
          </reporter-output>
        </test-method> <!-- hobbiesOptionsVisible -->
        <test-method status="PASS" signature="hobbiesOptionsVisible(java.lang.String)[pri:0, instance:testScripts.Motorcycle.EnterInsuranceData@64bfbc86]" name="hobbiesOptionsVisible" duration-ms="31" started-at="2020-08-21T12:42:50Z" data-provider="hobbiesOptions" finished-at="2020-08-21T12:42:50Z">
          <params>
            <param index="0">
              <value>
                <![CDATA[ Cliff Diving]]>
              </value>
            </param>
          </params>
          <reporter-output>
          </reporter-output>
        </test-method> <!-- hobbiesOptionsVisible -->
        <test-method status="PASS" signature="hobbiesOptionsVisible(java.lang.String)[pri:0, instance:testScripts.Motorcycle.EnterInsuranceData@64bfbc86]" name="hobbiesOptionsVisible" duration-ms="17" started-at="2020-08-21T12:42:50Z" data-provider="hobbiesOptions" finished-at="2020-08-21T12:42:50Z">
          <params>
            <param index="0">
              <value>
                <![CDATA[ Skydiving]]>
              </value>
            </param>
          </params>
          <reporter-output>
          </reporter-output>
        </test-method> <!-- hobbiesOptionsVisible -->
        <test-method status="PASS" signature="hobbiesOptionsVisible(java.lang.String)[pri:0, instance:testScripts.Motorcycle.EnterInsuranceData@64bfbc86]" name="hobbiesOptionsVisible" duration-ms="19" started-at="2020-08-21T12:42:50Z" data-provider="hobbiesOptions" finished-at="2020-08-21T12:42:50Z">
          <params>
            <param index="0">
              <value>
                <![CDATA[ Other]]>
              </value>
            </param>
          </params>
          <reporter-output>
          </reporter-output>
        </test-method> <!-- hobbiesOptionsVisible -->
        <test-method status="PASS" signature="invalidWebsitentry(java.lang.String)[pri:0, instance:testScripts.Motorcycle.EnterInsuranceData@64bfbc86]" name="invalidWebsitentry" duration-ms="11455" started-at="2020-08-21T12:42:50Z" data-provider="invalidWebsiteTestData" finished-at="2020-08-21T12:43:02Z">
          <params>
            <param index="0">
              <value>
                <![CDATA[a.x]]>
              </value>
            </param>
          </params>
          <reporter-output>
          </reporter-output>
        </test-method> <!-- invalidWebsitentry -->
        <test-method status="PASS" signature="invalidWebsitentry(java.lang.String)[pri:0, instance:testScripts.Motorcycle.EnterInsuranceData@64bfbc86]" name="invalidWebsitentry" duration-ms="11260" started-at="2020-08-21T12:43:02Z" data-provider="invalidWebsiteTestData" finished-at="2020-08-21T12:43:13Z">
          <params>
            <param index="0">
              <value>
                <![CDATA[abvc]]>
              </value>
            </param>
          </params>
          <reporter-output>
          </reporter-output>
        </test-method> <!-- invalidWebsitentry -->
        <test-method status="PASS" signature="invalidWebsitentry(java.lang.String)[pri:0, instance:testScripts.Motorcycle.EnterInsuranceData@64bfbc86]" name="invalidWebsitentry" duration-ms="11371" started-at="2020-08-21T12:43:13Z" data-provider="invalidWebsiteTestData" finished-at="2020-08-21T12:43:24Z">
          <params>
            <param index="0">
              <value>
                <![CDATA[***.com]]>
              </value>
            </param>
          </params>
          <reporter-output>
          </reporter-output>
        </test-method> <!-- invalidWebsitentry -->
        <test-method status="PASS" signature="invalidWebsitentry(java.lang.String)[pri:0, instance:testScripts.Motorcycle.EnterInsuranceData@64bfbc86]" name="invalidWebsitentry" duration-ms="11177" started-at="2020-08-21T12:43:24Z" data-provider="invalidWebsiteTestData" finished-at="2020-08-21T12:43:35Z">
          <params>
            <param index="0">
              <value>
                <![CDATA[ ]]>
              </value>
            </param>
          </params>
          <reporter-output>
          </reporter-output>
        </test-method> <!-- invalidWebsitentry -->
        <test-method status="PASS" signature="invalidWebsitentry(java.lang.String)[pri:0, instance:testScripts.Motorcycle.EnterInsuranceData@64bfbc86]" name="invalidWebsitentry" duration-ms="11260" started-at="2020-08-21T12:43:35Z" data-provider="invalidWebsiteTestData" finished-at="2020-08-21T12:43:47Z">
          <params>
            <param index="0">
              <value>
                <![CDATA[12.d]]>
              </value>
            </param>
          </params>
          <reporter-output>
          </reporter-output>
        </test-method> <!-- invalidWebsitentry -->
        <test-method status="PASS" signature="isHobbiesCheckBoxVisible()[pri:0, instance:testScripts.Motorcycle.EnterInsuranceData@64bfbc86]" name="isHobbiesCheckBoxVisible" duration-ms="15" started-at="2020-08-21T12:43:47Z" finished-at="2020-08-21T12:43:47Z">
          <reporter-output>
          </reporter-output>
        </test-method> <!-- isHobbiesCheckBoxVisible -->
        <test-method status="PASS" signature="isHobbiesLabelVisible()[pri:0, instance:testScripts.Motorcycle.EnterInsuranceData@64bfbc86]" name="isHobbiesLabelVisible" duration-ms="17" started-at="2020-08-21T12:43:47Z" finished-at="2020-08-21T12:43:47Z">
          <reporter-output>
          </reporter-output>
        </test-method> <!-- isHobbiesLabelVisible -->
        <test-method status="PASS" signature="isNextButtonVisible()[pri:0, instance:testScripts.Motorcycle.EnterInsuranceData@64bfbc86]" name="isNextButtonVisible" duration-ms="15" started-at="2020-08-21T12:43:47Z" finished-at="2020-08-21T12:43:47Z">
          <reporter-output>
          </reporter-output>
        </test-method> <!-- isNextButtonVisible -->
        <test-method status="PASS" signature="isPictureLabelVisible()[pri:0, instance:testScripts.Motorcycle.EnterInsuranceData@64bfbc86]" name="isPictureLabelVisible" duration-ms="17" started-at="2020-08-21T12:43:47Z" finished-at="2020-08-21T12:43:47Z">
          <reporter-output>
          </reporter-output>
        </test-method> <!-- isPictureLabelVisible -->
        <test-method status="PASS" signature="isPrevButtonVisible()[pri:0, instance:testScripts.Motorcycle.EnterInsuranceData@64bfbc86]" name="isPrevButtonVisible" duration-ms="23" started-at="2020-08-21T12:43:47Z" finished-at="2020-08-21T12:43:47Z">
          <reporter-output>
          </reporter-output>
        </test-method> <!-- isPrevButtonVisible -->
        <test-method status="PASS" signature="isWebsiteLabelVisible()[pri:0, instance:testScripts.Motorcycle.EnterInsuranceData@64bfbc86]" name="isWebsiteLabelVisible" duration-ms="24" started-at="2020-08-21T12:43:47Z" finished-at="2020-08-21T12:43:47Z">
          <reporter-output>
          </reporter-output>
        </test-method> <!-- isWebsiteLabelVisible -->
        <test-method status="PASS" signature="isWebsiteTextBoxVisible()[pri:0, instance:testScripts.Motorcycle.EnterInsuranceData@64bfbc86]" name="isWebsiteTextBoxVisible" duration-ms="15" started-at="2020-08-21T12:43:47Z" finished-at="2020-08-21T12:43:47Z">
          <reporter-output>
          </reporter-output>
        </test-method> <!-- isWebsiteTextBoxVisible -->
        <test-method status="PASS" signature="selectPicture()[pri:0, instance:testScripts.Motorcycle.EnterInsuranceData@64bfbc86]" name="selectPicture" duration-ms="7248" started-at="2020-08-21T12:43:47Z" finished-at="2020-08-21T12:43:54Z">
          <reporter-output>
          </reporter-output>
        </test-method> <!-- selectPicture -->
        <test-method status="PASS" signature="validHobbiesSelection()[pri:0, instance:testScripts.Motorcycle.EnterInsuranceData@64bfbc86]" name="validHobbiesSelection" duration-ms="161" started-at="2020-08-21T12:43:54Z" finished-at="2020-08-21T12:43:54Z">
          <reporter-output>
          </reporter-output>
        </test-method> <!-- validHobbiesSelection -->
        <test-method status="PASS" signature="validWebsiteEntry(java.lang.String)[pri:0, instance:testScripts.Motorcycle.EnterInsuranceData@64bfbc86]" name="validWebsiteEntry" duration-ms="296" started-at="2020-08-21T12:43:54Z" data-provider="validWebsiteTestData" finished-at="2020-08-21T12:43:55Z">
          <params>
            <param index="0">
              <value>
                <![CDATA[abc.com]]>
              </value>
            </param>
          </params>
          <reporter-output>
          </reporter-output>
        </test-method> <!-- validWebsiteEntry -->
        <test-method status="PASS" signature="validWebsiteEntry(java.lang.String)[pri:0, instance:testScripts.Motorcycle.EnterInsuranceData@64bfbc86]" name="validWebsiteEntry" duration-ms="231" started-at="2020-08-21T12:43:55Z" data-provider="validWebsiteTestData" finished-at="2020-08-21T12:43:55Z">
          <params>
            <param index="0">
              <value>
                <![CDATA[ab.ca]]>
              </value>
            </param>
          </params>
          <reporter-output>
          </reporter-output>
        </test-method> <!-- validWebsiteEntry -->
        <test-method status="PASS" signature="validWebsiteEntry(java.lang.String)[pri:0, instance:testScripts.Motorcycle.EnterInsuranceData@64bfbc86]" name="validWebsiteEntry" duration-ms="231" started-at="2020-08-21T12:43:55Z" data-provider="validWebsiteTestData" finished-at="2020-08-21T12:43:55Z">
          <params>
            <param index="0">
              <value>
                <![CDATA[123.ss]]>
              </value>
            </param>
          </params>
          <reporter-output>
          </reporter-output>
        </test-method> <!-- validWebsiteEntry -->
        <test-method status="PASS" signature="verifyNextButtonText()[pri:0, instance:testScripts.Motorcycle.EnterInsuranceData@64bfbc86]" name="verifyNextButtonText" duration-ms="72" started-at="2020-08-21T12:43:55Z" finished-at="2020-08-21T12:43:55Z">
          <reporter-output>
          </reporter-output>
        </test-method> <!-- verifyNextButtonText -->
        <test-method status="PASS" signature="verifyOnClickPrevButton()[pri:0, instance:testScripts.Motorcycle.EnterInsuranceData@64bfbc86]" name="verifyOnClickPrevButton" duration-ms="407" started-at="2020-08-21T12:43:55Z" finished-at="2020-08-21T12:43:56Z">
          <reporter-output>
          </reporter-output>
        </test-method> <!-- verifyOnClickPrevButton -->
        <test-method status="PASS" signature="verifyPrevButtonText()[pri:0, instance:testScripts.Motorcycle.EnterInsuranceData@64bfbc86]" name="verifyPrevButtonText" duration-ms="82" started-at="2020-08-21T12:43:56Z" finished-at="2020-08-21T12:43:56Z">
          <reporter-output>
          </reporter-output>
        </test-method> <!-- verifyPrevButtonText -->
      </class> <!-- testScripts.Motorcycle.EnterInsuranceData -->
    </test> <!-- Motorcycle -->
  </suite> <!-- Suite -->
</testng-results>
